2025-09-12 15:55:27,172 | INFO | Initiating training and validation...
2025-09-12 15:55:27,172 | INFO | [ RUN ID: tcn_pred_TOWIDS_20250912_155527 ]
2025-09-12 15:55:27,561 | INFO | Initializing pre processing...
2025-09-12 15:55:27,561 | INFO | Initializing finished in 2.8848648071289062e-05s
2025-09-12 15:55:27,561 | INFO | Loading cached data from: data/tow-ids-dataset/processed/train_sliding-window_wsize_64_wstride_1_n_50_subset_0.1
2025-09-12 15:55:32,149 | INFO | Data loaded successfully.
2025-09-12 15:55:32,316 | INFO | Using device: mps
2025-09-12 15:55:57,552 | INFO | Initiating training and validation...
2025-09-12 15:55:57,553 | INFO | [ RUN ID: tcn_pred_TOWIDS_20250912_155527 ]
2025-09-12 15:55:57,917 | INFO | Initializing pre processing...
2025-09-12 15:55:57,917 | INFO | Initializing finished in 3.981590270996094e-05s
2025-09-12 15:55:57,917 | INFO | Loading cached data from: data/tow-ids-dataset/processed/train_sliding-window_wsize_64_wstride_1_n_50_subset_0.1
2025-09-12 15:56:01,733 | INFO | Data loaded successfully.
2025-09-12 15:56:01,908 | INFO | Using device: mps
2025-09-12 15:56:05,263 | INFO | Train size: 39953, Validation size: 9989
2025-09-12 15:56:05,274 | INFO | Train labels: 
label
Normal    39953
Name: count, dtype: int64
2025-09-12 15:56:05,277 | INFO | Validation labels: 
label
Normal    9989
Name: count, dtype: int64
2025-09-12 15:56:05,472 | INFO | Running for 1 epochs
2025-09-12 15:56:05,473 | INFO | -------------------- Training started -------------------
2025-09-12 15:56:06,114 | INFO | Epoch: 0 	[0/39953 (0%)]	Loss: 0.174773
2025-09-12 15:56:12,418 | INFO | Epoch: 0 	[1000/39953 (3%)]	Loss: 0.001841
2025-09-12 15:56:17,433 | INFO | Epoch: 0 	[2000/39953 (5%)]	Loss: 0.000977
2025-09-12 15:56:22,435 | INFO | Epoch: 0 	[3000/39953 (8%)]	Loss: 0.000591
2025-09-12 15:56:27,531 | INFO | Epoch: 0 	[4000/39953 (10%)]	Loss: 0.000316
2025-09-12 15:56:32,493 | INFO | Epoch: 0 	[5000/39953 (13%)]	Loss: 0.000207
2025-09-12 15:56:38,364 | INFO | Epoch: 0 	[6000/39953 (15%)]	Loss: 0.000441
2025-09-12 15:56:44,618 | INFO | Epoch: 0 	[7000/39953 (18%)]	Loss: 0.000156
2025-09-12 15:56:51,536 | INFO | Epoch: 0 	[8000/39953 (20%)]	Loss: 0.000055
2025-09-12 15:56:59,050 | INFO | Epoch: 0 	[9000/39953 (23%)]	Loss: 0.000082
2025-09-12 15:57:06,282 | INFO | Epoch: 0 	[10000/39953 (25%)]	Loss: 0.000023
2025-09-12 15:57:14,688 | INFO | Epoch: 0 	[11000/39953 (28%)]	Loss: 0.000018
2025-09-12 15:57:21,171 | INFO | Epoch: 0 	[12000/39953 (30%)]	Loss: 0.000100
2025-09-12 15:57:28,853 | INFO | Epoch: 0 	[13000/39953 (33%)]	Loss: 0.000042
2025-09-12 15:57:35,426 | INFO | Epoch: 0 	[14000/39953 (35%)]	Loss: 0.000181
2025-09-12 15:57:42,536 | INFO | Epoch: 0 	[15000/39953 (38%)]	Loss: 0.000004
2025-09-12 15:57:48,712 | INFO | Epoch: 0 	[16000/39953 (40%)]	Loss: 0.000115
2025-09-12 15:57:55,539 | INFO | Epoch: 0 	[17000/39953 (43%)]	Loss: 0.000005
2025-09-12 15:58:02,059 | INFO | Epoch: 0 	[18000/39953 (45%)]	Loss: 0.000002
2025-09-12 15:58:08,473 | INFO | Epoch: 0 	[19000/39953 (48%)]	Loss: 0.000003
2025-09-12 15:58:15,065 | INFO | Epoch: 0 	[20000/39953 (50%)]	Loss: 0.000002
2025-09-12 15:58:21,539 | INFO | Epoch: 0 	[21000/39953 (53%)]	Loss: 0.000001
2025-09-12 15:58:28,028 | INFO | Epoch: 0 	[22000/39953 (55%)]	Loss: 0.000077
2025-09-12 15:58:34,533 | INFO | Epoch: 0 	[23000/39953 (58%)]	Loss: 0.000002
2025-09-12 15:58:41,048 | INFO | Epoch: 0 	[24000/39953 (60%)]	Loss: 0.000001
2025-09-12 15:58:47,538 | INFO | Epoch: 0 	[25000/39953 (63%)]	Loss: 0.000002
2025-09-12 15:58:53,942 | INFO | Epoch: 0 	[26000/39953 (65%)]	Loss: 0.000001
2025-09-12 15:59:00,586 | INFO | Epoch: 0 	[27000/39953 (68%)]	Loss: 0.000001
2025-09-12 15:59:08,267 | INFO | Epoch: 0 	[28000/39953 (70%)]	Loss: 0.000001
2025-09-12 15:59:14,897 | INFO | Epoch: 0 	[29000/39953 (73%)]	Loss: 0.000001
2025-09-12 15:59:22,714 | INFO | Epoch: 0 	[30000/39953 (75%)]	Loss: 0.000001
2025-09-12 15:59:30,186 | INFO | Epoch: 0 	[31000/39953 (78%)]	Loss: 0.000002
2025-09-12 15:59:36,745 | INFO | Epoch: 0 	[32000/39953 (80%)]	Loss: 0.000008
2025-09-12 15:59:43,425 | INFO | Epoch: 0 	[33000/39953 (83%)]	Loss: 0.000011
2025-09-12 15:59:49,911 | INFO | Epoch: 0 	[34000/39953 (85%)]	Loss: 0.000075
2025-09-12 15:59:58,404 | INFO | Epoch: 0 	[35000/39953 (88%)]	Loss: 0.000002
2025-09-12 16:00:07,175 | INFO | Epoch: 0 	[36000/39953 (90%)]	Loss: 0.000010
2025-09-12 16:00:17,040 | INFO | Epoch: 0 	[37000/39953 (93%)]	Loss: 0.000001
2025-09-12 16:00:29,136 | INFO | Epoch: 0 	[38000/39953 (95%)]	Loss: 0.000025
2025-09-12 16:00:39,767 | INFO | Epoch: 0 	[39000/39953 (98%)]	Loss: 0.000000
2025-09-12 16:00:49,727 | INFO | Epoch: 0 	[39952/39953 (100%)]	Loss: 0.000000
2025-09-12 16:00:49,743 | INFO | Epoch: 0 	[0/9989 (0%)]	Validation loss: 0.000000
2025-09-12 16:00:53,562 | INFO | Epoch: 0 	[1000/9989 (10%)]	Validation loss: 0.000000
2025-09-12 16:00:56,274 | INFO | Epoch: 0 	[2000/9989 (20%)]	Validation loss: 0.000000
2025-09-12 16:00:59,112 | INFO | Epoch: 0 	[3000/9989 (30%)]	Validation loss: 0.000009
2025-09-12 16:01:02,029 | INFO | Epoch: 0 	[4000/9989 (40%)]	Validation loss: 0.000000
2025-09-12 16:01:05,592 | INFO | Epoch: 0 	[5000/9989 (50%)]	Validation loss: 0.000000
2025-09-12 16:01:12,387 | INFO | Epoch: 0 	[6000/9989 (60%)]	Validation loss: 0.000000
2025-09-12 16:01:18,394 | INFO | Epoch: 0 	[7000/9989 (70%)]	Validation loss: 0.000000
2025-09-12 16:01:22,657 | INFO | Epoch: 0 	[8000/9989 (80%)]	Validation loss: 0.000000
2025-09-12 16:01:26,882 | INFO | Epoch: 0 	[9000/9989 (90%)]	Validation loss: 0.000000
2025-09-12 16:01:33,016 | INFO | Epoch: 0 	[9988/9989 (100%)]	Validation loss: 0.000000
2025-09-12 16:01:33,488 | INFO | Training completed. Train loss: 0.0004518609142553304, Training validation loss: 1.3652314016873178e-06
2025-09-12 16:01:35,047 | INFO | Testing labels: 
label
Normal             12270
Frame Injection    12251
Name: count, dtype: int64
2025-09-12 16:01:35,328 | INFO | Test loss: 0.000177 	[0/24521 (0%)]
2025-09-12 16:01:44,386 | INFO | Validating completed. Validation loss: 0.00016511858062055276
2025-09-12 16:01:45,497 | INFO | Metrics 
{
    "AUCROC": 0.9573995622797987,
    "Accuracy": 0.9152155295461033,
    "TPR": 0.8302995673822545,
    "FPR": 0.0,
    "Precision": 1.0,
    "F1-score": 0.9072827007982874,
    "optimal_threshold": 9.595622941560578e-06,
    "tpr_per_attack": {
        "Frame Injection": 0.8302995673822545
    },
    "aucroc_per_attack": {
        "Frame Injection": 0.9573995622797987
    }
}
2025-09-12 16:01:45,499 | INFO | Execution completed.
2025-09-12 16:01:57,085 | INFO | Run artifacts saved.
2025-09-12 16:01:57,087 | INFO | Train and validation completed.
2025-09-12 16:03:18,766 | INFO | Initiating training and validation...
2025-09-12 16:03:18,766 | INFO | [ RUN ID: tcn_pred_TOWIDS_20250912_155527 ]
2025-09-12 16:03:19,206 | INFO | Initializing pre processing...
2025-09-12 16:03:19,206 | INFO | Initializing finished in 3.504753112792969e-05s
2025-09-12 16:03:19,206 | INFO | Loading cached data from: data/tow-ids-dataset/processed/train_sliding-window_wsize_64_wstride_1_n_50_subset_0.1
2025-09-12 16:03:27,568 | INFO | Data loaded successfully.
2025-09-12 16:03:27,928 | INFO | Using device: mps
2025-09-12 16:03:44,651 | INFO | Train size: 39953, Validation size: 9989
2025-09-12 16:03:44,736 | INFO | Train labels: 
label
Normal    39953
Name: count, dtype: int64
2025-09-12 16:03:44,750 | INFO | Validation labels: 
label
Normal    9989
Name: count, dtype: int64
2025-09-12 16:03:45,829 | INFO | Running for 1 epochs
2025-09-12 16:03:45,830 | INFO | -------------------- Training started -------------------
2025-09-12 16:03:47,906 | INFO | Epoch: 0 	[0/39953 (0%)]	Loss: 0.000000
2025-09-12 16:04:02,593 | INFO | Epoch: 0 	[1000/39953 (3%)]	Loss: 0.000001
2025-09-12 16:04:23,039 | INFO | Epoch: 0 	[2000/39953 (5%)]	Loss: 0.000000
2025-09-12 16:04:39,397 | INFO | Epoch: 0 	[3000/39953 (8%)]	Loss: 0.000000
2025-09-12 16:04:56,116 | INFO | Epoch: 0 	[4000/39953 (10%)]	Loss: 0.000000
2025-09-12 16:05:15,992 | INFO | Epoch: 0 	[5000/39953 (13%)]	Loss: 0.000000
2025-09-12 16:05:30,229 | INFO | Epoch: 0 	[6000/39953 (15%)]	Loss: 0.000012
2025-09-12 16:05:41,647 | INFO | Epoch: 0 	[7000/39953 (18%)]	Loss: 0.000000
2025-09-12 16:05:53,035 | INFO | Epoch: 0 	[8000/39953 (20%)]	Loss: 0.000000
2025-09-12 16:06:01,778 | INFO | Epoch: 0 	[9000/39953 (23%)]	Loss: 0.000001
2025-09-12 16:06:17,451 | INFO | Epoch: 0 	[10000/39953 (25%)]	Loss: 0.000000
2025-09-12 16:06:29,604 | INFO | Epoch: 0 	[11000/39953 (28%)]	Loss: 0.000000
2025-09-12 16:06:40,832 | INFO | Epoch: 0 	[12000/39953 (30%)]	Loss: 0.000000
2025-09-12 16:06:50,688 | INFO | Epoch: 0 	[13000/39953 (33%)]	Loss: 0.000000
2025-09-12 16:07:12,322 | INFO | Epoch: 0 	[14000/39953 (35%)]	Loss: 0.000012
2025-09-12 16:07:29,163 | INFO | Epoch: 0 	[15000/39953 (38%)]	Loss: 0.000000
2025-09-12 16:07:44,863 | INFO | Epoch: 0 	[16000/39953 (40%)]	Loss: 0.000005
2025-09-12 16:07:54,545 | INFO | Epoch: 0 	[17000/39953 (43%)]	Loss: 0.000000
2025-09-12 16:08:06,213 | INFO | Epoch: 0 	[18000/39953 (45%)]	Loss: 0.000000
2025-09-12 16:08:12,716 | INFO | Epoch: 0 	[19000/39953 (48%)]	Loss: 0.000000
2025-09-12 16:08:17,656 | INFO | Epoch: 0 	[20000/39953 (50%)]	Loss: 0.000000
2025-09-12 16:08:22,518 | INFO | Epoch: 0 	[21000/39953 (53%)]	Loss: 0.000000
2025-09-12 16:08:27,518 | INFO | Epoch: 0 	[22000/39953 (55%)]	Loss: 0.000016
2025-09-12 16:08:33,097 | INFO | Epoch: 0 	[23000/39953 (58%)]	Loss: 0.000000
2025-09-12 16:08:38,157 | INFO | Epoch: 0 	[24000/39953 (60%)]	Loss: 0.000001
2025-09-12 16:08:43,770 | INFO | Epoch: 0 	[25000/39953 (63%)]	Loss: 0.000000
2025-09-12 16:08:48,773 | INFO | Epoch: 0 	[26000/39953 (65%)]	Loss: 0.000000
2025-09-12 16:08:53,727 | INFO | Epoch: 0 	[27000/39953 (68%)]	Loss: 0.000000
2025-09-12 16:08:58,614 | INFO | Epoch: 0 	[28000/39953 (70%)]	Loss: 0.000000
2025-09-12 16:09:03,881 | INFO | Epoch: 0 	[29000/39953 (73%)]	Loss: 0.000000
2025-09-12 16:09:09,528 | INFO | Epoch: 0 	[30000/39953 (75%)]	Loss: 0.000000
2025-09-12 16:09:14,915 | INFO | Epoch: 0 	[31000/39953 (78%)]	Loss: 0.000000
2025-09-12 16:09:22,709 | INFO | Epoch: 0 	[32000/39953 (80%)]	Loss: 0.000000
2025-09-12 16:09:28,890 | INFO | Epoch: 0 	[33000/39953 (83%)]	Loss: 0.000000
2025-09-12 16:09:35,717 | INFO | Epoch: 0 	[34000/39953 (85%)]	Loss: 0.000061
2025-09-12 16:09:41,166 | INFO | Epoch: 0 	[35000/39953 (88%)]	Loss: 0.000000
2025-09-12 16:09:47,597 | INFO | Epoch: 0 	[36000/39953 (90%)]	Loss: 0.000004
2025-09-12 16:09:52,579 | INFO | Epoch: 0 	[37000/39953 (93%)]	Loss: 0.000000
2025-09-12 16:09:58,144 | INFO | Epoch: 0 	[38000/39953 (95%)]	Loss: 0.000002
2025-09-12 16:10:04,793 | INFO | Epoch: 0 	[39000/39953 (98%)]	Loss: 0.000000
2025-09-12 16:10:12,069 | INFO | Epoch: 0 	[39952/39953 (100%)]	Loss: 0.000000
2025-09-12 16:10:12,083 | INFO | Epoch: 0 	[0/9989 (0%)]	Validation loss: 0.000000
2025-09-12 16:10:14,158 | INFO | Epoch: 0 	[1000/9989 (10%)]	Validation loss: 0.000000
2025-09-12 16:10:16,477 | INFO | Epoch: 0 	[2000/9989 (20%)]	Validation loss: 0.000000
2025-09-12 16:10:18,641 | INFO | Epoch: 0 	[3000/9989 (30%)]	Validation loss: 0.000001
2025-09-12 16:10:21,014 | INFO | Epoch: 0 	[4000/9989 (40%)]	Validation loss: 0.000000
2025-09-12 16:10:23,260 | INFO | Epoch: 0 	[5000/9989 (50%)]	Validation loss: 0.000000
2025-09-12 16:10:25,613 | INFO | Epoch: 0 	[6000/9989 (60%)]	Validation loss: 0.000000
2025-09-12 16:10:27,958 | INFO | Epoch: 0 	[7000/9989 (70%)]	Validation loss: 0.000000
2025-09-12 16:10:30,345 | INFO | Epoch: 0 	[8000/9989 (80%)]	Validation loss: 0.000000
2025-09-12 16:10:32,585 | INFO | Epoch: 0 	[9000/9989 (90%)]	Validation loss: 0.000000
2025-09-12 16:10:34,688 | INFO | Epoch: 0 	[9988/9989 (100%)]	Validation loss: 0.000000
2025-09-12 16:10:34,884 | INFO | Training completed. Train loss: 2.809017456703047e-06, Training validation loss: 1.5966780972247598e-07
2025-09-12 16:10:41,039 | INFO | Testing labels: 
label
Normal             12270
Frame Injection    12251
Name: count, dtype: int64
2025-09-12 16:10:41,264 | INFO | Test loss: 0.000179 	[0/24521 (0%)]
2025-09-12 16:10:45,766 | INFO | Validating completed. Validation loss: 0.00016565752476556858
2025-09-12 16:10:46,178 | INFO | Metrics 
{
    "AUCROC": 0.9724589453536285,
    "Accuracy": 0.9719424167040496,
    "TPR": 0.9438413190759938,
    "FPR": 0.0,
    "Precision": 1.0,
    "F1-score": 0.9711094314268918,
    "optimal_threshold": 1.0916486417045235e-06,
    "tpr_per_attack": {
        "Frame Injection": 0.9438413190759938
    },
    "aucroc_per_attack": {
        "Frame Injection": 0.9724589453536285
    }
}
2025-09-12 16:10:46,179 | INFO | Execution completed.
2025-09-12 16:10:52,903 | INFO | Run artifacts saved.
2025-09-12 16:10:52,904 | INFO | Train and validation completed.
