2026-02-02 16:49:56,648 | INFO | Initiating get metrics...
2026-02-02 16:49:56,648 | INFO | [ RUN ID: cae_AEID_20260112_152250 ]
2026-02-02 16:50:00,863 | INFO | Initiating get metrics...
2026-02-02 16:50:00,863 | INFO | [ RUN ID: cae_AEID_20260112_152250 ]
2026-02-02 16:50:00,989 | INFO | Data loaded successfully.
2026-02-02 16:50:01,001 | INFO | Using device: mps
2026-02-02 16:50:27,770 | INFO | Initiating get metrics...
2026-02-02 16:50:27,771 | INFO | [ RUN ID: cae_AEID_20260112_152250 ]
2026-02-02 16:50:27,903 | INFO | Data loaded successfully.
2026-02-02 16:50:27,915 | INFO | Using device: mps
2026-02-02 16:50:28,699 | INFO | Metrics 
{
    "AUCROC": 0.9842423038378062,
    "Accuracy": 0.9651421719767044,
    "TPR": 0.890587835541964,
    "FPR": 0.00973319592350853,
    "Precision": 0.9685883222468589,
    "F1-score": 0.9279518498849354,
    "optimal_threshold": 0.010235650464892,
    "mean": 0.0023552612401545048,
    "std": 0.002544398419559002,
    "tpr_per_attack": {
        "Replay": 0.890587835541964,
        "Normal": 0.9902668040764915,
        "Attack": 0.890587835541964
    },
    "aucroc_per_attack": {
        "Replay": 0.9842423038378062
    },
    "resource_metrics": {
        "cpu_inference_time": 0.7388787269592285,
        "gpu_inference_time": null,
        "mps_inference_time": null,
        "model_size_mb": 9.84560775756836
    }
}
2026-02-02 16:50:28,699 | INFO | Execution completed.
