2026-01-12 15:22:50,954 | INFO | Initiating training and validation...
2026-01-12 15:22:50,954 | INFO | [ RUN ID: cae_AEID_20260112_152250 ]
2026-01-12 15:22:51,286 | INFO | Initializing pre processing...
2026-01-12 15:22:51,286 | INFO | Loaded data from cash
2026-01-12 15:23:13,309 | INFO | Initiating training and validation...
2026-01-12 15:23:13,309 | INFO | [ RUN ID: cae_AEID_20260112_152250 ]
2026-01-12 15:23:13,820 | INFO | Initializing pre processing...
2026-01-12 15:23:13,820 | INFO | Loaded data from cash
2026-01-12 15:23:15,024 | INFO | Class distribution:
2026-01-12 15:23:15,028 | INFO | Counter({'Normal': 43436, 'Replay': 14942})
2026-01-12 15:23:15,029 | INFO | Saving data in cash file in batchs...
2026-01-12 15:23:15,847 | INFO | Batch 1/6 saved to data/autoeth-intrusion-dataset/processed/train_sliding-window_wsize_40_wstride_16_n_58_None/batch_0.pt
2026-01-12 15:23:16,306 | INFO | Batch 2/6 saved to data/autoeth-intrusion-dataset/processed/train_sliding-window_wsize_40_wstride_16_n_58_None/batch_1.pt
2026-01-12 15:23:16,797 | INFO | Batch 3/6 saved to data/autoeth-intrusion-dataset/processed/train_sliding-window_wsize_40_wstride_16_n_58_None/batch_2.pt
2026-01-12 15:23:17,233 | INFO | Batch 4/6 saved to data/autoeth-intrusion-dataset/processed/train_sliding-window_wsize_40_wstride_16_n_58_None/batch_3.pt
2026-01-12 15:23:17,705 | INFO | Batch 5/6 saved to data/autoeth-intrusion-dataset/processed/train_sliding-window_wsize_40_wstride_16_n_58_None/batch_4.pt
2026-01-12 15:23:18,113 | INFO | Batch 6/6 saved to data/autoeth-intrusion-dataset/processed/train_sliding-window_wsize_40_wstride_16_n_58_None/batch_5.pt
2026-01-12 15:23:18,123 | INFO | Initializing finished in 4.302701234817505s
2026-01-12 15:23:18,123 | INFO | Loading cached data from: data/autoeth-intrusion-dataset/processed/train_sliding-window_wsize_40_wstride_16_n_58_None
2026-01-12 15:23:18,717 | INFO | Data loaded successfully.
2026-01-12 15:23:18,776 | INFO | Using device: mps
2026-01-12 15:23:22,024 | INFO | Train size: 27762, Validation size: 6941
2026-01-12 15:23:22,035 | INFO | Train labels: 
label
Normal    27762
Name: count, dtype: int64
2026-01-12 15:23:22,037 | INFO | Validation labels: 
label
Normal    6941
Name: count, dtype: int64
2026-01-12 15:23:22,053 | INFO | Running for 250 epochs
2026-01-12 15:23:22,053 | INFO | -------------------- Training started -------------------
2026-01-12 15:23:22,570 | INFO | Epoch: 0 	[0/27762 (0%)]	Loss: 0.275983
2026-01-12 15:23:23,879 | INFO | Epoch: 0 	[1600/27762 (6%)]	Loss: 0.093617
2026-01-12 15:23:25,217 | INFO | Epoch: 0 	[3200/27762 (12%)]	Loss: 0.042275
2026-01-12 15:23:26,572 | INFO | Epoch: 0 	[4800/27762 (17%)]	Loss: 0.031787
2026-01-12 15:23:27,946 | INFO | Epoch: 0 	[6400/27762 (23%)]	Loss: 0.021571
2026-01-12 15:23:29,248 | INFO | Epoch: 0 	[8000/27762 (29%)]	Loss: 0.022196
2026-01-12 15:23:30,576 | INFO | Epoch: 0 	[9600/27762 (35%)]	Loss: 0.021979
2026-01-12 15:23:31,986 | INFO | Epoch: 0 	[11200/27762 (40%)]	Loss: 0.016494
2026-01-12 15:23:33,264 | INFO | Epoch: 0 	[12800/27762 (46%)]	Loss: 0.015462
2026-01-12 15:23:34,686 | INFO | Epoch: 0 	[14400/27762 (52%)]	Loss: 0.013973
2026-01-12 15:23:36,207 | INFO | Epoch: 0 	[16000/27762 (58%)]	Loss: 0.013786
2026-01-12 15:23:37,553 | INFO | Epoch: 0 	[17600/27762 (63%)]	Loss: 0.010437
2026-01-12 15:23:38,858 | INFO | Epoch: 0 	[19200/27762 (69%)]	Loss: 0.016692
2026-01-12 15:23:40,119 | INFO | Epoch: 0 	[20800/27762 (75%)]	Loss: 0.011793
2026-01-12 15:23:41,503 | INFO | Epoch: 0 	[22400/27762 (81%)]	Loss: 0.012225
2026-01-12 15:23:42,729 | INFO | Epoch: 0 	[24000/27762 (86%)]	Loss: 0.012778
2026-01-12 15:23:43,998 | INFO | Epoch: 0 	[25600/27762 (92%)]	Loss: 0.013002
2026-01-12 15:23:45,233 | INFO | Epoch: 0 	[27200/27762 (98%)]	Loss: 0.007872
2026-01-12 15:23:47,944 | INFO | Epoch: 0 	[27760/27762 (100%)]	Loss: 0.007855
2026-01-12 15:23:47,968 | INFO | Epoch: 0 	[0/6941 (0%)]	Validation loss: 0.009817
2026-01-12 15:23:48,427 | INFO | Epoch: 0 	[1600/6941 (23%)]	Validation loss: 0.010854
2026-01-12 15:23:48,911 | INFO | Epoch: 0 	[3200/6941 (46%)]	Validation loss: 0.010536
2026-01-12 15:23:49,500 | INFO | Epoch: 0 	[4800/6941 (69%)]	Validation loss: 0.008790
2026-01-12 15:23:50,009 | INFO | Epoch: 0 	[6400/6941 (92%)]	Validation loss: 0.010732
2026-01-12 15:23:50,301 | INFO | Epoch: 0 	[6928/6941 (100%)]	Validation loss: 0.011001
2026-01-12 15:23:50,350 | INFO | Epoch: 0 	EarlyStopping: 0 out of 5. Val loss: 0.010610
2026-01-12 15:23:50,381 | INFO | Epoch: 1 	[0/27762 (0%)]	Loss: 0.013719
2026-01-12 15:23:51,543 | INFO | Epoch: 1 	[1600/27762 (6%)]	Loss: 0.011541
2026-01-12 15:23:52,738 | INFO | Epoch: 1 	[3200/27762 (12%)]	Loss: 0.009939
2026-01-12 15:23:53,960 | INFO | Epoch: 1 	[4800/27762 (17%)]	Loss: 0.010196
2026-01-12 15:23:55,186 | INFO | Epoch: 1 	[6400/27762 (23%)]	Loss: 0.006957
2026-01-12 15:23:56,625 | INFO | Epoch: 1 	[8000/27762 (29%)]	Loss: 0.008778
2026-01-12 15:23:57,883 | INFO | Epoch: 1 	[9600/27762 (35%)]	Loss: 0.010824
2026-01-12 15:23:59,237 | INFO | Epoch: 1 	[11200/27762 (40%)]	Loss: 0.008199
2026-01-12 15:24:00,771 | INFO | Epoch: 1 	[12800/27762 (46%)]	Loss: 0.008630
2026-01-12 15:24:02,103 | INFO | Epoch: 1 	[14400/27762 (52%)]	Loss: 0.007485
2026-01-12 15:24:03,455 | INFO | Epoch: 1 	[16000/27762 (58%)]	Loss: 0.007947
2026-01-12 15:24:04,668 | INFO | Epoch: 1 	[17600/27762 (63%)]	Loss: 0.005841
2026-01-12 15:24:06,118 | INFO | Epoch: 1 	[19200/27762 (69%)]	Loss: 0.011197
2026-01-12 15:24:07,445 | INFO | Epoch: 1 	[20800/27762 (75%)]	Loss: 0.007288
2026-01-12 15:24:08,732 | INFO | Epoch: 1 	[22400/27762 (81%)]	Loss: 0.007724
2026-01-12 15:24:10,013 | INFO | Epoch: 1 	[24000/27762 (86%)]	Loss: 0.008781
2026-01-12 15:24:11,302 | INFO | Epoch: 1 	[25600/27762 (92%)]	Loss: 0.008850
2026-01-12 15:24:12,616 | INFO | Epoch: 1 	[27200/27762 (98%)]	Loss: 0.004869
2026-01-12 15:24:13,063 | INFO | Epoch: 1 	[27760/27762 (100%)]	Loss: 0.004738
2026-01-12 15:24:13,069 | INFO | Epoch: 1 	[0/6941 (0%)]	Validation loss: 0.006874
2026-01-12 15:24:13,504 | INFO | Epoch: 1 	[1600/6941 (23%)]	Validation loss: 0.007542
2026-01-12 15:24:14,016 | INFO | Epoch: 1 	[3200/6941 (46%)]	Validation loss: 0.007309
2026-01-12 15:24:14,537 | INFO | Epoch: 1 	[4800/6941 (69%)]	Validation loss: 0.005526
2026-01-12 15:24:15,046 | INFO | Epoch: 1 	[6400/6941 (92%)]	Validation loss: 0.007653
2026-01-12 15:24:15,200 | INFO | Epoch: 1 	[6928/6941 (100%)]	Validation loss: 0.007540
2026-01-12 15:24:15,249 | INFO | Epoch: 1 	EarlyStopping: 0 out of 5. Val loss: 0.007353
2026-01-12 15:24:15,274 | INFO | Epoch: 2 	[0/27762 (0%)]	Loss: 0.010187
2026-01-12 15:24:16,636 | INFO | Epoch: 2 	[1600/27762 (6%)]	Loss: 0.008477
2026-01-12 15:24:17,978 | INFO | Epoch: 2 	[3200/27762 (12%)]	Loss: 0.006804
2026-01-12 15:24:19,326 | INFO | Epoch: 2 	[4800/27762 (17%)]	Loss: 0.007444
2026-01-12 15:24:20,662 | INFO | Epoch: 2 	[6400/27762 (23%)]	Loss: 0.004957
2026-01-12 15:24:21,988 | INFO | Epoch: 2 	[8000/27762 (29%)]	Loss: 0.006579
2026-01-12 15:24:23,297 | INFO | Epoch: 2 	[9600/27762 (35%)]	Loss: 0.008336
2026-01-12 15:24:24,627 | INFO | Epoch: 2 	[11200/27762 (40%)]	Loss: 0.006158
2026-01-12 15:24:25,954 | INFO | Epoch: 2 	[12800/27762 (46%)]	Loss: 0.006815
2026-01-12 15:24:27,300 | INFO | Epoch: 2 	[14400/27762 (52%)]	Loss: 0.005791
2026-01-12 15:24:28,646 | INFO | Epoch: 2 	[16000/27762 (58%)]	Loss: 0.006186
2026-01-12 15:24:29,938 | INFO | Epoch: 2 	[17600/27762 (63%)]	Loss: 0.004442
2026-01-12 15:24:31,352 | INFO | Epoch: 2 	[19200/27762 (69%)]	Loss: 0.009110
2026-01-12 15:24:32,700 | INFO | Epoch: 2 	[20800/27762 (75%)]	Loss: 0.005809
2026-01-12 15:24:34,039 | INFO | Epoch: 2 	[22400/27762 (81%)]	Loss: 0.006140
2026-01-12 15:24:35,412 | INFO | Epoch: 2 	[24000/27762 (86%)]	Loss: 0.007032
2026-01-12 15:24:36,767 | INFO | Epoch: 2 	[25600/27762 (92%)]	Loss: 0.007112
2026-01-12 15:24:38,082 | INFO | Epoch: 2 	[27200/27762 (98%)]	Loss: 0.003717
2026-01-12 15:24:38,584 | INFO | Epoch: 2 	[27760/27762 (100%)]	Loss: 0.003410
2026-01-12 15:24:38,588 | INFO | Epoch: 2 	[0/6941 (0%)]	Validation loss: 0.005548
2026-01-12 15:24:38,993 | INFO | Epoch: 2 	[1600/6941 (23%)]	Validation loss: 0.006011
2026-01-12 15:24:39,495 | INFO | Epoch: 2 	[3200/6941 (46%)]	Validation loss: 0.005815
2026-01-12 15:24:39,968 | INFO | Epoch: 2 	[4800/6941 (69%)]	Validation loss: 0.004210
2026-01-12 15:24:40,435 | INFO | Epoch: 2 	[6400/6941 (92%)]	Validation loss: 0.006250
2026-01-12 15:24:40,597 | INFO | Epoch: 2 	[6928/6941 (100%)]	Validation loss: 0.006094
2026-01-12 15:24:40,648 | INFO | Epoch: 2 	EarlyStopping: 0 out of 5. Val loss: 0.005913
2026-01-12 15:24:40,672 | INFO | Epoch: 3 	[0/27762 (0%)]	Loss: 0.008606
2026-01-12 15:24:42,010 | INFO | Epoch: 3 	[1600/27762 (6%)]	Loss: 0.006926
2026-01-12 15:24:43,412 | INFO | Epoch: 3 	[3200/27762 (12%)]	Loss: 0.005360
2026-01-12 15:24:44,723 | INFO | Epoch: 3 	[4800/27762 (17%)]	Loss: 0.006098
2026-01-12 15:24:46,122 | INFO | Epoch: 3 	[6400/27762 (23%)]	Loss: 0.004012
2026-01-12 15:24:47,491 | INFO | Epoch: 3 	[8000/27762 (29%)]	Loss: 0.005505
2026-01-12 15:24:48,812 | INFO | Epoch: 3 	[9600/27762 (35%)]	Loss: 0.007009
2026-01-12 15:24:50,136 | INFO | Epoch: 3 	[11200/27762 (40%)]	Loss: 0.005070
2026-01-12 15:24:51,440 | INFO | Epoch: 3 	[12800/27762 (46%)]	Loss: 0.005760
2026-01-12 15:24:52,735 | INFO | Epoch: 3 	[14400/27762 (52%)]	Loss: 0.004810
2026-01-12 15:24:54,047 | INFO | Epoch: 3 	[16000/27762 (58%)]	Loss: 0.005281
2026-01-12 15:24:55,361 | INFO | Epoch: 3 	[17600/27762 (63%)]	Loss: 0.003624
2026-01-12 15:24:56,677 | INFO | Epoch: 3 	[19200/27762 (69%)]	Loss: 0.007817
2026-01-12 15:24:57,984 | INFO | Epoch: 3 	[20800/27762 (75%)]	Loss: 0.004988
2026-01-12 15:24:59,292 | INFO | Epoch: 3 	[22400/27762 (81%)]	Loss: 0.005309
2026-01-12 15:25:00,622 | INFO | Epoch: 3 	[24000/27762 (86%)]	Loss: 0.005986
2026-01-12 15:25:02,019 | INFO | Epoch: 3 	[25600/27762 (92%)]	Loss: 0.006116
2026-01-12 15:25:03,314 | INFO | Epoch: 3 	[27200/27762 (98%)]	Loss: 0.003054
2026-01-12 15:25:03,767 | INFO | Epoch: 3 	[27760/27762 (100%)]	Loss: 0.002796
2026-01-12 15:25:03,771 | INFO | Epoch: 3 	[0/6941 (0%)]	Validation loss: 0.004790
2026-01-12 15:25:04,213 | INFO | Epoch: 3 	[1600/6941 (23%)]	Validation loss: 0.005070
2026-01-12 15:25:04,707 | INFO | Epoch: 3 	[3200/6941 (46%)]	Validation loss: 0.004883
2026-01-12 15:25:05,199 | INFO | Epoch: 3 	[4800/6941 (69%)]	Validation loss: 0.003474
2026-01-12 15:25:05,678 | INFO | Epoch: 3 	[6400/6941 (92%)]	Validation loss: 0.005478
2026-01-12 15:25:05,834 | INFO | Epoch: 3 	[6928/6941 (100%)]	Validation loss: 0.005289
2026-01-12 15:25:05,887 | INFO | Epoch: 3 	EarlyStopping: 0 out of 5. Val loss: 0.005070
2026-01-12 15:25:05,911 | INFO | Epoch: 4 	[0/27762 (0%)]	Loss: 0.007681
2026-01-12 15:25:07,208 | INFO | Epoch: 4 	[1600/27762 (6%)]	Loss: 0.005893
2026-01-12 15:25:08,510 | INFO | Epoch: 4 	[3200/27762 (12%)]	Loss: 0.004530
2026-01-12 15:25:09,797 | INFO | Epoch: 4 	[4800/27762 (17%)]	Loss: 0.005295
2026-01-12 15:25:11,104 | INFO | Epoch: 4 	[6400/27762 (23%)]	Loss: 0.003459
2026-01-12 15:25:12,463 | INFO | Epoch: 4 	[8000/27762 (29%)]	Loss: 0.004851
2026-01-12 15:25:13,953 | INFO | Epoch: 4 	[9600/27762 (35%)]	Loss: 0.006186
2026-01-12 15:25:15,240 | INFO | Epoch: 4 	[11200/27762 (40%)]	Loss: 0.004380
2026-01-12 15:25:16,742 | INFO | Epoch: 4 	[12800/27762 (46%)]	Loss: 0.005130
2026-01-12 15:25:18,115 | INFO | Epoch: 4 	[14400/27762 (52%)]	Loss: 0.004175
2026-01-12 15:25:19,577 | INFO | Epoch: 4 	[16000/27762 (58%)]	Loss: 0.004759
2026-01-12 15:25:20,885 | INFO | Epoch: 4 	[17600/27762 (63%)]	Loss: 0.003146
2026-01-12 15:25:22,347 | INFO | Epoch: 4 	[19200/27762 (69%)]	Loss: 0.006982
2026-01-12 15:25:23,726 | INFO | Epoch: 4 	[20800/27762 (75%)]	Loss: 0.004456
2026-01-12 15:25:25,016 | INFO | Epoch: 4 	[22400/27762 (81%)]	Loss: 0.004755
2026-01-12 15:25:26,721 | INFO | Epoch: 4 	[24000/27762 (86%)]	Loss: 0.005343
2026-01-12 15:25:28,750 | INFO | Epoch: 4 	[25600/27762 (92%)]	Loss: 0.005480
2026-01-12 15:25:30,426 | INFO | Epoch: 4 	[27200/27762 (98%)]	Loss: 0.002687
2026-01-12 15:25:30,941 | INFO | Epoch: 4 	[27760/27762 (100%)]	Loss: 0.002394
2026-01-12 15:25:30,950 | INFO | Epoch: 4 	[0/6941 (0%)]	Validation loss: 0.004278
2026-01-12 15:25:31,474 | INFO | Epoch: 4 	[1600/6941 (23%)]	Validation loss: 0.004474
2026-01-12 15:25:31,981 | INFO | Epoch: 4 	[3200/6941 (46%)]	Validation loss: 0.004339
2026-01-12 15:25:32,538 | INFO | Epoch: 4 	[4800/6941 (69%)]	Validation loss: 0.003025
2026-01-12 15:25:33,150 | INFO | Epoch: 4 	[6400/6941 (92%)]	Validation loss: 0.004959
2026-01-12 15:25:33,319 | INFO | Epoch: 4 	[6928/6941 (100%)]	Validation loss: 0.004761
2026-01-12 15:25:33,371 | INFO | Epoch: 4 	EarlyStopping: 0 out of 5. Val loss: 0.004521
2026-01-12 15:25:33,406 | INFO | Epoch: 5 	[0/27762 (0%)]	Loss: 0.007034
2026-01-12 15:25:34,737 | INFO | Epoch: 5 	[1600/27762 (6%)]	Loss: 0.005190
2026-01-12 15:25:35,974 | INFO | Epoch: 5 	[3200/27762 (12%)]	Loss: 0.004013
2026-01-12 15:25:37,167 | INFO | Epoch: 5 	[4800/27762 (17%)]	Loss: 0.004732
2026-01-12 15:25:38,506 | INFO | Epoch: 5 	[6400/27762 (23%)]	Loss: 0.003097
2026-01-12 15:25:39,812 | INFO | Epoch: 5 	[8000/27762 (29%)]	Loss: 0.004432
2026-01-12 15:25:41,092 | INFO | Epoch: 5 	[9600/27762 (35%)]	Loss: 0.005635
2026-01-12 15:25:42,332 | INFO | Epoch: 5 	[11200/27762 (40%)]	Loss: 0.003901
2026-01-12 15:25:43,502 | INFO | Epoch: 5 	[12800/27762 (46%)]	Loss: 0.004665
2026-01-12 15:25:44,843 | INFO | Epoch: 5 	[14400/27762 (52%)]	Loss: 0.003741
2026-01-12 15:25:46,039 | INFO | Epoch: 5 	[16000/27762 (58%)]	Loss: 0.004356
2026-01-12 15:25:47,277 | INFO | Epoch: 5 	[17600/27762 (63%)]	Loss: 0.002791
2026-01-12 15:25:48,496 | INFO | Epoch: 5 	[19200/27762 (69%)]	Loss: 0.006377
2026-01-12 15:25:49,715 | INFO | Epoch: 5 	[20800/27762 (75%)]	Loss: 0.004033
2026-01-12 15:25:50,933 | INFO | Epoch: 5 	[22400/27762 (81%)]	Loss: 0.004369
2026-01-12 15:25:52,254 | INFO | Epoch: 5 	[24000/27762 (86%)]	Loss: 0.004893
2026-01-12 15:25:53,468 | INFO | Epoch: 5 	[25600/27762 (92%)]	Loss: 0.005012
2026-01-12 15:25:54,637 | INFO | Epoch: 5 	[27200/27762 (98%)]	Loss: 0.002417
2026-01-12 15:25:55,145 | INFO | Epoch: 5 	[27760/27762 (100%)]	Loss: 0.002136
2026-01-12 15:25:55,150 | INFO | Epoch: 5 	[0/6941 (0%)]	Validation loss: 0.003919
2026-01-12 15:25:55,570 | INFO | Epoch: 5 	[1600/6941 (23%)]	Validation loss: 0.004036
2026-01-12 15:25:56,054 | INFO | Epoch: 5 	[3200/6941 (46%)]	Validation loss: 0.003955
2026-01-12 15:25:56,537 | INFO | Epoch: 5 	[4800/6941 (69%)]	Validation loss: 0.002742
2026-01-12 15:25:57,037 | INFO | Epoch: 5 	[6400/6941 (92%)]	Validation loss: 0.004518
2026-01-12 15:25:57,182 | INFO | Epoch: 5 	[6928/6941 (100%)]	Validation loss: 0.004398
2026-01-12 15:25:57,227 | INFO | Epoch: 5 	EarlyStopping: 0 out of 5. Val loss: 0.004138
2026-01-12 15:25:57,249 | INFO | Epoch: 6 	[0/27762 (0%)]	Loss: 0.006491
2026-01-12 15:25:58,550 | INFO | Epoch: 6 	[1600/27762 (6%)]	Loss: 0.004713
2026-01-12 15:25:59,710 | INFO | Epoch: 6 	[3200/27762 (12%)]	Loss: 0.003657
2026-01-12 15:26:00,916 | INFO | Epoch: 6 	[4800/27762 (17%)]	Loss: 0.004318
2026-01-12 15:26:02,146 | INFO | Epoch: 6 	[6400/27762 (23%)]	Loss: 0.002862
2026-01-12 15:26:03,309 | INFO | Epoch: 6 	[8000/27762 (29%)]	Loss: 0.004136
2026-01-12 15:26:04,640 | INFO | Epoch: 6 	[9600/27762 (35%)]	Loss: 0.005227
2026-01-12 15:26:05,864 | INFO | Epoch: 6 	[11200/27762 (40%)]	Loss: 0.003566
2026-01-12 15:26:07,075 | INFO | Epoch: 6 	[12800/27762 (46%)]	Loss: 0.004352
2026-01-12 15:26:08,417 | INFO | Epoch: 6 	[14400/27762 (52%)]	Loss: 0.003424
2026-01-12 15:26:09,580 | INFO | Epoch: 6 	[16000/27762 (58%)]	Loss: 0.004079
2026-01-12 15:26:10,796 | INFO | Epoch: 6 	[17600/27762 (63%)]	Loss: 0.002527
2026-01-12 15:26:12,088 | INFO | Epoch: 6 	[19200/27762 (69%)]	Loss: 0.005960
2026-01-12 15:26:13,295 | INFO | Epoch: 6 	[20800/27762 (75%)]	Loss: 0.003733
2026-01-12 15:26:14,539 | INFO | Epoch: 6 	[22400/27762 (81%)]	Loss: 0.004088
2026-01-12 15:26:15,726 | INFO | Epoch: 6 	[24000/27762 (86%)]	Loss: 0.004547
2026-01-12 15:26:17,058 | INFO | Epoch: 6 	[25600/27762 (92%)]	Loss: 0.004686
2026-01-12 15:26:18,383 | INFO | Epoch: 6 	[27200/27762 (98%)]	Loss: 0.002226
2026-01-12 15:26:18,808 | INFO | Epoch: 6 	[27760/27762 (100%)]	Loss: 0.001958
2026-01-12 15:26:18,814 | INFO | Epoch: 6 	[0/6941 (0%)]	Validation loss: 0.003657
2026-01-12 15:26:19,250 | INFO | Epoch: 6 	[1600/6941 (23%)]	Validation loss: 0.003734
2026-01-12 15:26:19,736 | INFO | Epoch: 6 	[3200/6941 (46%)]	Validation loss: 0.003689
2026-01-12 15:26:20,274 | INFO | Epoch: 6 	[4800/6941 (69%)]	Validation loss: 0.002546
2026-01-12 15:26:20,777 | INFO | Epoch: 6 	[6400/6941 (92%)]	Validation loss: 0.004214
2026-01-12 15:26:20,938 | INFO | Epoch: 6 	[6928/6941 (100%)]	Validation loss: 0.004109
2026-01-12 15:26:21,001 | INFO | Epoch: 6 	EarlyStopping: 0 out of 5. Val loss: 0.003865
2026-01-12 15:26:21,037 | INFO | Epoch: 7 	[0/27762 (0%)]	Loss: 0.006087
2026-01-12 15:26:22,452 | INFO | Epoch: 7 	[1600/27762 (6%)]	Loss: 0.004382
2026-01-12 15:26:23,652 | INFO | Epoch: 7 	[3200/27762 (12%)]	Loss: 0.003383
2026-01-12 15:26:24,876 | INFO | Epoch: 7 	[4800/27762 (17%)]	Loss: 0.004047
2026-01-12 15:26:26,065 | INFO | Epoch: 7 	[6400/27762 (23%)]	Loss: 0.002671
2026-01-12 15:26:27,326 | INFO | Epoch: 7 	[8000/27762 (29%)]	Loss: 0.003933
2026-01-12 15:26:28,504 | INFO | Epoch: 7 	[9600/27762 (35%)]	Loss: 0.004922
2026-01-12 15:26:29,748 | INFO | Epoch: 7 	[11200/27762 (40%)]	Loss: 0.003311
2026-01-12 15:26:31,075 | INFO | Epoch: 7 	[12800/27762 (46%)]	Loss: 0.004112
2026-01-12 15:26:32,255 | INFO | Epoch: 7 	[14400/27762 (52%)]	Loss: 0.003204
2026-01-12 15:26:33,454 | INFO | Epoch: 7 	[16000/27762 (58%)]	Loss: 0.003896
2026-01-12 15:26:34,802 | INFO | Epoch: 7 	[17600/27762 (63%)]	Loss: 0.002354
2026-01-12 15:26:35,999 | INFO | Epoch: 7 	[19200/27762 (69%)]	Loss: 0.005643
2026-01-12 15:26:37,237 | INFO | Epoch: 7 	[20800/27762 (75%)]	Loss: 0.003547
2026-01-12 15:26:38,421 | INFO | Epoch: 7 	[22400/27762 (81%)]	Loss: 0.003886
2026-01-12 15:26:39,590 | INFO | Epoch: 7 	[24000/27762 (86%)]	Loss: 0.004308
2026-01-12 15:26:40,870 | INFO | Epoch: 7 	[25600/27762 (92%)]	Loss: 0.004470
2026-01-12 15:26:42,132 | INFO | Epoch: 7 	[27200/27762 (98%)]	Loss: 0.002105
2026-01-12 15:26:42,536 | INFO | Epoch: 7 	[27760/27762 (100%)]	Loss: 0.001832
2026-01-12 15:26:42,540 | INFO | Epoch: 7 	[0/6941 (0%)]	Validation loss: 0.003471
2026-01-12 15:26:42,926 | INFO | Epoch: 7 	[1600/6941 (23%)]	Validation loss: 0.003505
2026-01-12 15:26:43,451 | INFO | Epoch: 7 	[3200/6941 (46%)]	Validation loss: 0.003512
2026-01-12 15:26:43,974 | INFO | Epoch: 7 	[4800/6941 (69%)]	Validation loss: 0.002415
2026-01-12 15:26:44,474 | INFO | Epoch: 7 	[6400/6941 (92%)]	Validation loss: 0.004016
2026-01-12 15:26:44,640 | INFO | Epoch: 7 	[6928/6941 (100%)]	Validation loss: 0.003919
2026-01-12 15:26:44,687 | INFO | Epoch: 7 	EarlyStopping: 0 out of 5. Val loss: 0.003673
2026-01-12 15:26:44,707 | INFO | Epoch: 8 	[0/27762 (0%)]	Loss: 0.005807
2026-01-12 15:26:45,902 | INFO | Epoch: 8 	[1600/27762 (6%)]	Loss: 0.004173
2026-01-12 15:26:47,160 | INFO | Epoch: 8 	[3200/27762 (12%)]	Loss: 0.003211
2026-01-12 15:26:48,459 | INFO | Epoch: 8 	[4800/27762 (17%)]	Loss: 0.003839
2026-01-12 15:26:49,619 | INFO | Epoch: 8 	[6400/27762 (23%)]	Loss: 0.002546
2026-01-12 15:26:50,924 | INFO | Epoch: 8 	[8000/27762 (29%)]	Loss: 0.003778
2026-01-12 15:26:52,097 | INFO | Epoch: 8 	[9600/27762 (35%)]	Loss: 0.004706
2026-01-12 15:26:53,336 | INFO | Epoch: 8 	[11200/27762 (40%)]	Loss: 0.003117
2026-01-12 15:26:54,640 | INFO | Epoch: 8 	[12800/27762 (46%)]	Loss: 0.003946
2026-01-12 15:26:55,849 | INFO | Epoch: 8 	[14400/27762 (52%)]	Loss: 0.003047
2026-01-12 15:26:57,145 | INFO | Epoch: 8 	[16000/27762 (58%)]	Loss: 0.003776
2026-01-12 15:26:58,327 | INFO | Epoch: 8 	[17600/27762 (63%)]	Loss: 0.002246
2026-01-12 15:26:59,533 | INFO | Epoch: 8 	[19200/27762 (69%)]	Loss: 0.005417
2026-01-12 15:27:00,867 | INFO | Epoch: 8 	[20800/27762 (75%)]	Loss: 0.003411
2026-01-12 15:27:02,050 | INFO | Epoch: 8 	[22400/27762 (81%)]	Loss: 0.003730
2026-01-12 15:27:03,278 | INFO | Epoch: 8 	[24000/27762 (86%)]	Loss: 0.004144
2026-01-12 15:27:04,484 | INFO | Epoch: 8 	[25600/27762 (92%)]	Loss: 0.004310
2026-01-12 15:27:05,692 | INFO | Epoch: 8 	[27200/27762 (98%)]	Loss: 0.002019
2026-01-12 15:27:06,169 | INFO | Epoch: 8 	[27760/27762 (100%)]	Loss: 0.001739
2026-01-12 15:27:06,173 | INFO | Epoch: 8 	[0/6941 (0%)]	Validation loss: 0.003342
2026-01-12 15:27:06,558 | INFO | Epoch: 8 	[1600/6941 (23%)]	Validation loss: 0.003353
2026-01-12 15:27:07,044 | INFO | Epoch: 8 	[3200/6941 (46%)]	Validation loss: 0.003381
2026-01-12 15:27:07,530 | INFO | Epoch: 8 	[4800/6941 (69%)]	Validation loss: 0.002315
2026-01-12 15:27:08,021 | INFO | Epoch: 8 	[6400/6941 (92%)]	Validation loss: 0.003858
2026-01-12 15:27:08,181 | INFO | Epoch: 8 	[6928/6941 (100%)]	Validation loss: 0.003774
2026-01-12 15:27:08,229 | INFO | Epoch: 8 	EarlyStopping: 0 out of 5. Val loss: 0.003529
2026-01-12 15:27:08,248 | INFO | Epoch: 9 	[0/27762 (0%)]	Loss: 0.005585
2026-01-12 15:27:09,451 | INFO | Epoch: 9 	[1600/27762 (6%)]	Loss: 0.003989
2026-01-12 15:27:10,715 | INFO | Epoch: 9 	[3200/27762 (12%)]	Loss: 0.003082
2026-01-12 15:27:11,957 | INFO | Epoch: 9 	[4800/27762 (17%)]	Loss: 0.003669
2026-01-12 15:27:13,225 | INFO | Epoch: 9 	[6400/27762 (23%)]	Loss: 0.002441
2026-01-12 15:27:14,448 | INFO | Epoch: 9 	[8000/27762 (29%)]	Loss: 0.003657
2026-01-12 15:27:15,706 | INFO | Epoch: 9 	[9600/27762 (35%)]	Loss: 0.004534
2026-01-12 15:27:16,996 | INFO | Epoch: 9 	[11200/27762 (40%)]	Loss: 0.002977
2026-01-12 15:27:18,219 | INFO | Epoch: 9 	[12800/27762 (46%)]	Loss: 0.003818
2026-01-12 15:27:19,512 | INFO | Epoch: 9 	[14400/27762 (52%)]	Loss: 0.002929
2026-01-12 15:27:20,827 | INFO | Epoch: 9 	[16000/27762 (58%)]	Loss: 0.003690
2026-01-12 15:27:22,056 | INFO | Epoch: 9 	[17600/27762 (63%)]	Loss: 0.002163
2026-01-12 15:27:23,351 | INFO | Epoch: 9 	[19200/27762 (69%)]	Loss: 0.005234
2026-01-12 15:27:24,586 | INFO | Epoch: 9 	[20800/27762 (75%)]	Loss: 0.003308
2026-01-12 15:27:25,831 | INFO | Epoch: 9 	[22400/27762 (81%)]	Loss: 0.003622
2026-01-12 15:27:27,101 | INFO | Epoch: 9 	[24000/27762 (86%)]	Loss: 0.004009
2026-01-12 15:27:28,320 | INFO | Epoch: 9 	[25600/27762 (92%)]	Loss: 0.004167
2026-01-12 15:27:29,628 | INFO | Epoch: 9 	[27200/27762 (98%)]	Loss: 0.001951
2026-01-12 15:27:30,055 | INFO | Epoch: 9 	[27760/27762 (100%)]	Loss: 0.001673
2026-01-12 15:27:30,060 | INFO | Epoch: 9 	[0/6941 (0%)]	Validation loss: 0.003244
2026-01-12 15:27:30,455 | INFO | Epoch: 9 	[1600/6941 (23%)]	Validation loss: 0.003238
2026-01-12 15:27:30,935 | INFO | Epoch: 9 	[3200/6941 (46%)]	Validation loss: 0.003277
2026-01-12 15:27:31,417 | INFO | Epoch: 9 	[4800/6941 (69%)]	Validation loss: 0.002244
2026-01-12 15:27:31,943 | INFO | Epoch: 9 	[6400/6941 (92%)]	Validation loss: 0.003736
2026-01-12 15:27:32,128 | INFO | Epoch: 9 	[6928/6941 (100%)]	Validation loss: 0.003656
2026-01-12 15:27:32,190 | INFO | Epoch: 9 	EarlyStopping: 0 out of 5. Val loss: 0.003418
2026-01-12 15:27:32,214 | INFO | Epoch: 10 	[0/27762 (0%)]	Loss: 0.005412
2026-01-12 15:27:33,459 | INFO | Epoch: 10 	[1600/27762 (6%)]	Loss: 0.003832
2026-01-12 15:27:34,636 | INFO | Epoch: 10 	[3200/27762 (12%)]	Loss: 0.002976
2026-01-12 15:27:35,965 | INFO | Epoch: 10 	[4800/27762 (17%)]	Loss: 0.003544
2026-01-12 15:27:37,187 | INFO | Epoch: 10 	[6400/27762 (23%)]	Loss: 0.002347
2026-01-12 15:27:38,425 | INFO | Epoch: 10 	[8000/27762 (29%)]	Loss: 0.003554
2026-01-12 15:27:39,714 | INFO | Epoch: 10 	[9600/27762 (35%)]	Loss: 0.004392
2026-01-12 15:27:40,941 | INFO | Epoch: 10 	[11200/27762 (40%)]	Loss: 0.002869
2026-01-12 15:27:42,252 | INFO | Epoch: 10 	[12800/27762 (46%)]	Loss: 0.003688
2026-01-12 15:27:43,490 | INFO | Epoch: 10 	[14400/27762 (52%)]	Loss: 0.002813
2026-01-12 15:27:44,688 | INFO | Epoch: 10 	[16000/27762 (58%)]	Loss: 0.003611
2026-01-12 15:27:45,981 | INFO | Epoch: 10 	[17600/27762 (63%)]	Loss: 0.002090
2026-01-12 15:27:47,190 | INFO | Epoch: 10 	[19200/27762 (69%)]	Loss: 0.005078
2026-01-12 15:27:48,485 | INFO | Epoch: 10 	[20800/27762 (75%)]	Loss: 0.003213
2026-01-12 15:27:49,772 | INFO | Epoch: 10 	[22400/27762 (81%)]	Loss: 0.003526
2026-01-12 15:27:51,053 | INFO | Epoch: 10 	[24000/27762 (86%)]	Loss: 0.003899
2026-01-12 15:27:52,356 | INFO | Epoch: 10 	[25600/27762 (92%)]	Loss: 0.004045
2026-01-12 15:27:53,561 | INFO | Epoch: 10 	[27200/27762 (98%)]	Loss: 0.001890
2026-01-12 15:27:53,981 | INFO | Epoch: 10 	[27760/27762 (100%)]	Loss: 0.001607
2026-01-12 15:27:53,985 | INFO | Epoch: 10 	[0/6941 (0%)]	Validation loss: 0.003148
2026-01-12 15:27:54,378 | INFO | Epoch: 10 	[1600/6941 (23%)]	Validation loss: 0.003134
2026-01-12 15:27:54,853 | INFO | Epoch: 10 	[3200/6941 (46%)]	Validation loss: 0.003173
2026-01-12 15:27:55,343 | INFO | Epoch: 10 	[4800/6941 (69%)]	Validation loss: 0.002165
2026-01-12 15:27:55,827 | INFO | Epoch: 10 	[6400/6941 (92%)]	Validation loss: 0.003616
2026-01-12 15:27:55,982 | INFO | Epoch: 10 	[6928/6941 (100%)]	Validation loss: 0.003551
2026-01-12 15:27:56,033 | INFO | Epoch: 10 	EarlyStopping: 0 out of 5. Val loss: 0.003314
2026-01-12 15:27:56,057 | INFO | Epoch: 11 	[0/27762 (0%)]	Loss: 0.005253
2026-01-12 15:27:57,250 | INFO | Epoch: 11 	[1600/27762 (6%)]	Loss: 0.003689
2026-01-12 15:27:58,556 | INFO | Epoch: 11 	[3200/27762 (12%)]	Loss: 0.002887
2026-01-12 15:27:59,770 | INFO | Epoch: 11 	[4800/27762 (17%)]	Loss: 0.003431
2026-01-12 15:28:01,098 | INFO | Epoch: 11 	[6400/27762 (23%)]	Loss: 0.002267
2026-01-12 15:28:02,346 | INFO | Epoch: 11 	[8000/27762 (29%)]	Loss: 0.003454
2026-01-12 15:28:03,588 | INFO | Epoch: 11 	[9600/27762 (35%)]	Loss: 0.004273
2026-01-12 15:28:04,923 | INFO | Epoch: 11 	[11200/27762 (40%)]	Loss: 0.002774
2026-01-12 15:28:06,176 | INFO | Epoch: 11 	[12800/27762 (46%)]	Loss: 0.003577
2026-01-12 15:28:07,523 | INFO | Epoch: 11 	[14400/27762 (52%)]	Loss: 0.002725
2026-01-12 15:28:08,829 | INFO | Epoch: 11 	[16000/27762 (58%)]	Loss: 0.003523
2026-01-12 15:28:10,130 | INFO | Epoch: 11 	[17600/27762 (63%)]	Loss: 0.002022
2026-01-12 15:28:11,520 | INFO | Epoch: 11 	[19200/27762 (69%)]	Loss: 0.004961
2026-01-12 15:28:12,857 | INFO | Epoch: 11 	[20800/27762 (75%)]	Loss: 0.003124
2026-01-12 15:28:14,212 | INFO | Epoch: 11 	[22400/27762 (81%)]	Loss: 0.003441
2026-01-12 15:28:15,575 | INFO | Epoch: 11 	[24000/27762 (86%)]	Loss: 0.003802
2026-01-12 15:28:16,915 | INFO | Epoch: 11 	[25600/27762 (92%)]	Loss: 0.003932
2026-01-12 15:28:18,281 | INFO | Epoch: 11 	[27200/27762 (98%)]	Loss: 0.001837
2026-01-12 15:28:18,793 | INFO | Epoch: 11 	[27760/27762 (100%)]	Loss: 0.001559
2026-01-12 15:28:18,798 | INFO | Epoch: 11 	[0/6941 (0%)]	Validation loss: 0.003062
2026-01-12 15:28:19,239 | INFO | Epoch: 11 	[1600/6941 (23%)]	Validation loss: 0.003054
2026-01-12 15:28:19,795 | INFO | Epoch: 11 	[3200/6941 (46%)]	Validation loss: 0.003089
2026-01-12 15:28:20,279 | INFO | Epoch: 11 	[4800/6941 (69%)]	Validation loss: 0.002115
2026-01-12 15:28:20,736 | INFO | Epoch: 11 	[6400/6941 (92%)]	Validation loss: 0.003514
2026-01-12 15:28:20,887 | INFO | Epoch: 11 	[6928/6941 (100%)]	Validation loss: 0.003464
2026-01-12 15:28:20,888 | INFO | Epoch: 11 	EarlyStopping: 1 out of 5. Val loss: 0.003230
2026-01-12 15:28:20,911 | INFO | Epoch: 12 	[0/27762 (0%)]	Loss: 0.005109
2026-01-12 15:28:22,112 | INFO | Epoch: 12 	[1600/27762 (6%)]	Loss: 0.003576
2026-01-12 15:28:23,412 | INFO | Epoch: 12 	[3200/27762 (12%)]	Loss: 0.002806
2026-01-12 15:28:24,770 | INFO | Epoch: 12 	[4800/27762 (17%)]	Loss: 0.003344
2026-01-12 15:28:26,163 | INFO | Epoch: 12 	[6400/27762 (23%)]	Loss: 0.002204
2026-01-12 15:28:27,691 | INFO | Epoch: 12 	[8000/27762 (29%)]	Loss: 0.003372
2026-01-12 15:28:29,083 | INFO | Epoch: 12 	[9600/27762 (35%)]	Loss: 0.004167
2026-01-12 15:28:30,533 | INFO | Epoch: 12 	[11200/27762 (40%)]	Loss: 0.002693
2026-01-12 15:28:31,910 | INFO | Epoch: 12 	[12800/27762 (46%)]	Loss: 0.003487
2026-01-12 15:28:33,541 | INFO | Epoch: 12 	[14400/27762 (52%)]	Loss: 0.002652
2026-01-12 15:28:36,207 | INFO | Epoch: 12 	[16000/27762 (58%)]	Loss: 0.003459
2026-01-12 15:28:38,345 | INFO | Epoch: 12 	[17600/27762 (63%)]	Loss: 0.001955
2026-01-12 15:28:39,861 | INFO | Epoch: 12 	[19200/27762 (69%)]	Loss: 0.004858
2026-01-12 15:28:41,747 | INFO | Epoch: 12 	[20800/27762 (75%)]	Loss: 0.003056
2026-01-12 15:28:43,091 | INFO | Epoch: 12 	[22400/27762 (81%)]	Loss: 0.003348
2026-01-12 15:28:45,211 | INFO | Epoch: 12 	[24000/27762 (86%)]	Loss: 0.003723
2026-01-12 15:28:47,862 | INFO | Epoch: 12 	[25600/27762 (92%)]	Loss: 0.003819
2026-01-12 15:28:49,991 | INFO | Epoch: 12 	[27200/27762 (98%)]	Loss: 0.001791
2026-01-12 15:28:50,627 | INFO | Epoch: 12 	[27760/27762 (100%)]	Loss: 0.001512
2026-01-12 15:28:50,636 | INFO | Epoch: 12 	[0/6941 (0%)]	Validation loss: 0.002985
2026-01-12 15:28:51,153 | INFO | Epoch: 12 	[1600/6941 (23%)]	Validation loss: 0.002981
2026-01-12 15:28:51,677 | INFO | Epoch: 12 	[3200/6941 (46%)]	Validation loss: 0.003007
2026-01-12 15:28:52,170 | INFO | Epoch: 12 	[4800/6941 (69%)]	Validation loss: 0.002062
2026-01-12 15:28:52,679 | INFO | Epoch: 12 	[6400/6941 (92%)]	Validation loss: 0.003428
2026-01-12 15:28:52,846 | INFO | Epoch: 12 	[6928/6941 (100%)]	Validation loss: 0.003383
2026-01-12 15:28:52,908 | INFO | Epoch: 12 	EarlyStopping: 0 out of 5. Val loss: 0.003152
2026-01-12 15:28:52,930 | INFO | Epoch: 13 	[0/27762 (0%)]	Loss: 0.004978
2026-01-12 15:28:54,392 | INFO | Epoch: 13 	[1600/27762 (6%)]	Loss: 0.003477
2026-01-12 15:28:55,925 | INFO | Epoch: 13 	[3200/27762 (12%)]	Loss: 0.002729
2026-01-12 15:28:57,306 | INFO | Epoch: 13 	[4800/27762 (17%)]	Loss: 0.003261
2026-01-12 15:28:58,987 | INFO | Epoch: 13 	[6400/27762 (23%)]	Loss: 0.002148
2026-01-12 15:29:00,629 | INFO | Epoch: 13 	[8000/27762 (29%)]	Loss: 0.003295
2026-01-12 15:29:02,320 | INFO | Epoch: 13 	[9600/27762 (35%)]	Loss: 0.004073
2026-01-12 15:29:05,602 | INFO | Epoch: 13 	[11200/27762 (40%)]	Loss: 0.002620
2026-01-12 15:29:07,653 | INFO | Epoch: 13 	[12800/27762 (46%)]	Loss: 0.003405
2026-01-12 15:29:09,341 | INFO | Epoch: 13 	[14400/27762 (52%)]	Loss: 0.002580
2026-01-12 15:29:10,908 | INFO | Epoch: 13 	[16000/27762 (58%)]	Loss: 0.003400
2026-01-12 15:29:12,575 | INFO | Epoch: 13 	[17600/27762 (63%)]	Loss: 0.001897
2026-01-12 15:29:14,096 | INFO | Epoch: 13 	[19200/27762 (69%)]	Loss: 0.004767
2026-01-12 15:29:15,596 | INFO | Epoch: 13 	[20800/27762 (75%)]	Loss: 0.002996
2026-01-12 15:29:17,343 | INFO | Epoch: 13 	[22400/27762 (81%)]	Loss: 0.003272
2026-01-12 15:29:18,812 | INFO | Epoch: 13 	[24000/27762 (86%)]	Loss: 0.003645
2026-01-12 15:29:20,432 | INFO | Epoch: 13 	[25600/27762 (92%)]	Loss: 0.003723
2026-01-12 15:29:22,032 | INFO | Epoch: 13 	[27200/27762 (98%)]	Loss: 0.001755
2026-01-12 15:29:22,595 | INFO | Epoch: 13 	[27760/27762 (100%)]	Loss: 0.001472
2026-01-12 15:29:22,601 | INFO | Epoch: 13 	[0/6941 (0%)]	Validation loss: 0.002911
2026-01-12 15:29:23,092 | INFO | Epoch: 13 	[1600/6941 (23%)]	Validation loss: 0.002915
2026-01-12 15:29:23,592 | INFO | Epoch: 13 	[3200/6941 (46%)]	Validation loss: 0.002935
2026-01-12 15:29:24,089 | INFO | Epoch: 13 	[4800/6941 (69%)]	Validation loss: 0.002011
2026-01-12 15:29:24,591 | INFO | Epoch: 13 	[6400/6941 (92%)]	Validation loss: 0.003348
2026-01-12 15:29:24,755 | INFO | Epoch: 13 	[6928/6941 (100%)]	Validation loss: 0.003316
2026-01-12 15:29:24,755 | INFO | Epoch: 13 	EarlyStopping: 1 out of 5. Val loss: 0.003079
2026-01-12 15:29:24,777 | INFO | Epoch: 14 	[0/27762 (0%)]	Loss: 0.004855
2026-01-12 15:29:26,262 | INFO | Epoch: 14 	[1600/27762 (6%)]	Loss: 0.003387
2026-01-12 15:29:27,770 | INFO | Epoch: 14 	[3200/27762 (12%)]	Loss: 0.002660
2026-01-12 15:29:29,257 | INFO | Epoch: 14 	[4800/27762 (17%)]	Loss: 0.003193
2026-01-12 15:29:30,934 | INFO | Epoch: 14 	[6400/27762 (23%)]	Loss: 0.002096
2026-01-12 15:29:32,523 | INFO | Epoch: 14 	[8000/27762 (29%)]	Loss: 0.003230
2026-01-12 15:29:34,120 | INFO | Epoch: 14 	[9600/27762 (35%)]	Loss: 0.003987
2026-01-12 15:29:35,742 | INFO | Epoch: 14 	[11200/27762 (40%)]	Loss: 0.002559
2026-01-12 15:29:37,566 | INFO | Epoch: 14 	[12800/27762 (46%)]	Loss: 0.003332
2026-01-12 15:29:39,105 | INFO | Epoch: 14 	[14400/27762 (52%)]	Loss: 0.002513
2026-01-12 15:29:40,738 | INFO | Epoch: 14 	[16000/27762 (58%)]	Loss: 0.003351
2026-01-12 15:29:42,319 | INFO | Epoch: 14 	[17600/27762 (63%)]	Loss: 0.001842
2026-01-12 15:29:43,988 | INFO | Epoch: 14 	[19200/27762 (69%)]	Loss: 0.004683
2026-01-12 15:29:45,665 | INFO | Epoch: 14 	[20800/27762 (75%)]	Loss: 0.002925
2026-01-12 15:29:47,416 | INFO | Epoch: 14 	[22400/27762 (81%)]	Loss: 0.003193
2026-01-12 15:29:48,952 | INFO | Epoch: 14 	[24000/27762 (86%)]	Loss: 0.003573
2026-01-12 15:29:50,629 | INFO | Epoch: 14 	[25600/27762 (92%)]	Loss: 0.003631
2026-01-12 15:29:52,300 | INFO | Epoch: 14 	[27200/27762 (98%)]	Loss: 0.001716
2026-01-12 15:29:52,882 | INFO | Epoch: 14 	[27760/27762 (100%)]	Loss: 0.001434
2026-01-12 15:29:52,887 | INFO | Epoch: 14 	[0/6941 (0%)]	Validation loss: 0.002845
2026-01-12 15:29:53,385 | INFO | Epoch: 14 	[1600/6941 (23%)]	Validation loss: 0.002869
2026-01-12 15:29:53,896 | INFO | Epoch: 14 	[3200/6941 (46%)]	Validation loss: 0.002886
2026-01-12 15:29:54,402 | INFO | Epoch: 14 	[4800/6941 (69%)]	Validation loss: 0.001980
2026-01-12 15:29:54,917 | INFO | Epoch: 14 	[6400/6941 (92%)]	Validation loss: 0.003288
2026-01-12 15:29:55,101 | INFO | Epoch: 14 	[6928/6941 (100%)]	Validation loss: 0.003255
2026-01-12 15:29:55,162 | INFO | Epoch: 14 	EarlyStopping: 0 out of 5. Val loss: 0.003023
2026-01-12 15:29:55,187 | INFO | Epoch: 15 	[0/27762 (0%)]	Loss: 0.004742
2026-01-12 15:29:56,743 | INFO | Epoch: 15 	[1600/27762 (6%)]	Loss: 0.003308
2026-01-12 15:29:58,286 | INFO | Epoch: 15 	[3200/27762 (12%)]	Loss: 0.002596
2026-01-12 15:29:59,885 | INFO | Epoch: 15 	[4800/27762 (17%)]	Loss: 0.003122
2026-01-12 15:30:01,708 | INFO | Epoch: 15 	[6400/27762 (23%)]	Loss: 0.002050
2026-01-12 15:30:03,376 | INFO | Epoch: 15 	[8000/27762 (29%)]	Loss: 0.003160
2026-01-12 15:30:04,850 | INFO | Epoch: 15 	[9600/27762 (35%)]	Loss: 0.003908
2026-01-12 15:30:06,458 | INFO | Epoch: 15 	[11200/27762 (40%)]	Loss: 0.002491
2026-01-12 15:30:08,401 | INFO | Epoch: 15 	[12800/27762 (46%)]	Loss: 0.003258
2026-01-12 15:30:09,960 | INFO | Epoch: 15 	[14400/27762 (52%)]	Loss: 0.002450
2026-01-12 15:30:11,380 | INFO | Epoch: 15 	[16000/27762 (58%)]	Loss: 0.003306
2026-01-12 15:30:12,920 | INFO | Epoch: 15 	[17600/27762 (63%)]	Loss: 0.001799
2026-01-12 15:30:14,599 | INFO | Epoch: 15 	[19200/27762 (69%)]	Loss: 0.004608
2026-01-12 15:30:16,363 | INFO | Epoch: 15 	[20800/27762 (75%)]	Loss: 0.002869
2026-01-12 15:30:17,917 | INFO | Epoch: 15 	[22400/27762 (81%)]	Loss: 0.003125
2026-01-12 15:30:19,376 | INFO | Epoch: 15 	[24000/27762 (86%)]	Loss: 0.003505
2026-01-12 15:30:20,937 | INFO | Epoch: 15 	[25600/27762 (92%)]	Loss: 0.003536
2026-01-12 15:30:22,598 | INFO | Epoch: 15 	[27200/27762 (98%)]	Loss: 0.001685
2026-01-12 15:30:23,179 | INFO | Epoch: 15 	[27760/27762 (100%)]	Loss: 0.001391
2026-01-12 15:30:23,186 | INFO | Epoch: 15 	[0/6941 (0%)]	Validation loss: 0.002785
2026-01-12 15:30:23,710 | INFO | Epoch: 15 	[1600/6941 (23%)]	Validation loss: 0.002813
2026-01-12 15:30:24,245 | INFO | Epoch: 15 	[3200/6941 (46%)]	Validation loss: 0.002825
2026-01-12 15:30:24,763 | INFO | Epoch: 15 	[4800/6941 (69%)]	Validation loss: 0.001940
2026-01-12 15:30:25,286 | INFO | Epoch: 15 	[6400/6941 (92%)]	Validation loss: 0.003222
2026-01-12 15:30:25,451 | INFO | Epoch: 15 	[6928/6941 (100%)]	Validation loss: 0.003187
2026-01-12 15:30:25,452 | INFO | Epoch: 15 	EarlyStopping: 1 out of 5. Val loss: 0.002961
2026-01-12 15:30:25,476 | INFO | Epoch: 16 	[0/27762 (0%)]	Loss: 0.004620
2026-01-12 15:30:26,870 | INFO | Epoch: 16 	[1600/27762 (6%)]	Loss: 0.003234
2026-01-12 15:30:28,503 | INFO | Epoch: 16 	[3200/27762 (12%)]	Loss: 0.002520
2026-01-12 15:30:30,247 | INFO | Epoch: 16 	[4800/27762 (17%)]	Loss: 0.003054
2026-01-12 15:30:31,906 | INFO | Epoch: 16 	[6400/27762 (23%)]	Loss: 0.002014
2026-01-12 15:30:33,427 | INFO | Epoch: 16 	[8000/27762 (29%)]	Loss: 0.003092
2026-01-12 15:30:35,191 | INFO | Epoch: 16 	[9600/27762 (35%)]	Loss: 0.003828
2026-01-12 15:30:36,962 | INFO | Epoch: 16 	[11200/27762 (40%)]	Loss: 0.002437
2026-01-12 15:30:38,728 | INFO | Epoch: 16 	[12800/27762 (46%)]	Loss: 0.003197
2026-01-12 15:30:40,456 | INFO | Epoch: 16 	[14400/27762 (52%)]	Loss: 0.002391
2026-01-12 15:30:41,964 | INFO | Epoch: 16 	[16000/27762 (58%)]	Loss: 0.003264
2026-01-12 15:30:43,562 | INFO | Epoch: 16 	[17600/27762 (63%)]	Loss: 0.001755
2026-01-12 15:30:45,403 | INFO | Epoch: 16 	[19200/27762 (69%)]	Loss: 0.004528
2026-01-12 15:30:47,134 | INFO | Epoch: 16 	[20800/27762 (75%)]	Loss: 0.002814
2026-01-12 15:30:48,808 | INFO | Epoch: 16 	[22400/27762 (81%)]	Loss: 0.003061
2026-01-12 15:30:50,605 | INFO | Epoch: 16 	[24000/27762 (86%)]	Loss: 0.003441
2026-01-12 15:30:52,476 | INFO | Epoch: 16 	[25600/27762 (92%)]	Loss: 0.003451
2026-01-12 15:30:54,321 | INFO | Epoch: 16 	[27200/27762 (98%)]	Loss: 0.001653
2026-01-12 15:30:54,988 | INFO | Epoch: 16 	[27760/27762 (100%)]	Loss: 0.001337
2026-01-12 15:30:54,998 | INFO | Epoch: 16 	[0/6941 (0%)]	Validation loss: 0.002713
2026-01-12 15:30:55,523 | INFO | Epoch: 16 	[1600/6941 (23%)]	Validation loss: 0.002749
2026-01-12 15:30:56,045 | INFO | Epoch: 16 	[3200/6941 (46%)]	Validation loss: 0.002770
2026-01-12 15:30:56,566 | INFO | Epoch: 16 	[4800/6941 (69%)]	Validation loss: 0.001894
2026-01-12 15:30:57,095 | INFO | Epoch: 16 	[6400/6941 (92%)]	Validation loss: 0.003155
2026-01-12 15:30:57,268 | INFO | Epoch: 16 	[6928/6941 (100%)]	Validation loss: 0.003119
2026-01-12 15:30:57,327 | INFO | Epoch: 16 	EarlyStopping: 0 out of 5. Val loss: 0.002897
2026-01-12 15:30:57,346 | INFO | Epoch: 17 	[0/27762 (0%)]	Loss: 0.004508
2026-01-12 15:30:58,748 | INFO | Epoch: 17 	[1600/27762 (6%)]	Loss: 0.003160
2026-01-12 15:31:00,512 | INFO | Epoch: 17 	[3200/27762 (12%)]	Loss: 0.002462
2026-01-12 15:31:02,955 | INFO | Epoch: 17 	[4800/27762 (17%)]	Loss: 0.002983
2026-01-12 15:31:05,503 | INFO | Epoch: 17 	[6400/27762 (23%)]	Loss: 0.001978
2026-01-12 15:31:07,282 | INFO | Epoch: 17 	[8000/27762 (29%)]	Loss: 0.003028
2026-01-12 15:31:08,975 | INFO | Epoch: 17 	[9600/27762 (35%)]	Loss: 0.003747
2026-01-12 15:31:10,824 | INFO | Epoch: 17 	[11200/27762 (40%)]	Loss: 0.002384
2026-01-12 15:31:12,726 | INFO | Epoch: 17 	[12800/27762 (46%)]	Loss: 0.003136
2026-01-12 15:31:14,555 | INFO | Epoch: 17 	[14400/27762 (52%)]	Loss: 0.002330
2026-01-12 15:31:16,688 | INFO | Epoch: 17 	[16000/27762 (58%)]	Loss: 0.003222
2026-01-12 15:31:18,618 | INFO | Epoch: 17 	[17600/27762 (63%)]	Loss: 0.001714
2026-01-12 15:31:20,592 | INFO | Epoch: 17 	[19200/27762 (69%)]	Loss: 0.004453
2026-01-12 15:31:22,505 | INFO | Epoch: 17 	[20800/27762 (75%)]	Loss: 0.002759
2026-01-12 15:31:24,461 | INFO | Epoch: 17 	[22400/27762 (81%)]	Loss: 0.002994
2026-01-12 15:31:26,449 | INFO | Epoch: 17 	[24000/27762 (86%)]	Loss: 0.003380
2026-01-12 15:31:28,550 | INFO | Epoch: 17 	[25600/27762 (92%)]	Loss: 0.003373
2026-01-12 15:31:30,351 | INFO | Epoch: 17 	[27200/27762 (98%)]	Loss: 0.001621
2026-01-12 15:31:30,954 | INFO | Epoch: 17 	[27760/27762 (100%)]	Loss: 0.001273
2026-01-12 15:31:30,961 | INFO | Epoch: 17 	[0/6941 (0%)]	Validation loss: 0.002654
2026-01-12 15:31:31,491 | INFO | Epoch: 17 	[1600/6941 (23%)]	Validation loss: 0.002691
2026-01-12 15:31:32,027 | INFO | Epoch: 17 	[3200/6941 (46%)]	Validation loss: 0.002715
2026-01-12 15:31:32,550 | INFO | Epoch: 17 	[4800/6941 (69%)]	Validation loss: 0.001860
2026-01-12 15:31:33,060 | INFO | Epoch: 17 	[6400/6941 (92%)]	Validation loss: 0.003094
2026-01-12 15:31:33,232 | INFO | Epoch: 17 	[6928/6941 (100%)]	Validation loss: 0.003060
2026-01-12 15:31:33,233 | INFO | Epoch: 17 	EarlyStopping: 1 out of 5. Val loss: 0.002840
2026-01-12 15:31:33,254 | INFO | Epoch: 18 	[0/27762 (0%)]	Loss: 0.004416
2026-01-12 15:31:34,864 | INFO | Epoch: 18 	[1600/27762 (6%)]	Loss: 0.003091
2026-01-12 15:31:36,653 | INFO | Epoch: 18 	[3200/27762 (12%)]	Loss: 0.002403
2026-01-12 15:31:38,511 | INFO | Epoch: 18 	[4800/27762 (17%)]	Loss: 0.002920
2026-01-12 15:31:40,479 | INFO | Epoch: 18 	[6400/27762 (23%)]	Loss: 0.001945
2026-01-12 15:31:42,363 | INFO | Epoch: 18 	[8000/27762 (29%)]	Loss: 0.002971
2026-01-12 15:31:44,249 | INFO | Epoch: 18 	[9600/27762 (35%)]	Loss: 0.003665
2026-01-12 15:31:46,192 | INFO | Epoch: 18 	[11200/27762 (40%)]	Loss: 0.002336
2026-01-12 15:31:48,164 | INFO | Epoch: 18 	[12800/27762 (46%)]	Loss: 0.003080
2026-01-12 15:31:50,047 | INFO | Epoch: 18 	[14400/27762 (52%)]	Loss: 0.002278
2026-01-12 15:31:51,945 | INFO | Epoch: 18 	[16000/27762 (58%)]	Loss: 0.003176
2026-01-12 15:31:53,813 | INFO | Epoch: 18 	[17600/27762 (63%)]	Loss: 0.001679
2026-01-12 15:31:55,745 | INFO | Epoch: 18 	[19200/27762 (69%)]	Loss: 0.004378
2026-01-12 15:31:57,589 | INFO | Epoch: 18 	[20800/27762 (75%)]	Loss: 0.002719
2026-01-12 15:31:59,448 | INFO | Epoch: 18 	[22400/27762 (81%)]	Loss: 0.002923
2026-01-12 15:32:01,486 | INFO | Epoch: 18 	[24000/27762 (86%)]	Loss: 0.003324
2026-01-12 15:32:03,392 | INFO | Epoch: 18 	[25600/27762 (92%)]	Loss: 0.003313
2026-01-12 15:32:05,236 | INFO | Epoch: 18 	[27200/27762 (98%)]	Loss: 0.001587
2026-01-12 15:32:05,891 | INFO | Epoch: 18 	[27760/27762 (100%)]	Loss: 0.001223
2026-01-12 15:32:05,898 | INFO | Epoch: 18 	[0/6941 (0%)]	Validation loss: 0.002603
2026-01-12 15:32:06,430 | INFO | Epoch: 18 	[1600/6941 (23%)]	Validation loss: 0.002633
2026-01-12 15:32:06,959 | INFO | Epoch: 18 	[3200/6941 (46%)]	Validation loss: 0.002661
2026-01-12 15:32:07,487 | INFO | Epoch: 18 	[4800/6941 (69%)]	Validation loss: 0.001826
2026-01-12 15:32:08,013 | INFO | Epoch: 18 	[6400/6941 (92%)]	Validation loss: 0.003042
2026-01-12 15:32:08,179 | INFO | Epoch: 18 	[6928/6941 (100%)]	Validation loss: 0.003004
2026-01-12 15:32:08,246 | INFO | Epoch: 18 	EarlyStopping: 0 out of 5. Val loss: 0.002787
2026-01-12 15:32:08,272 | INFO | Epoch: 19 	[0/27762 (0%)]	Loss: 0.004339
2026-01-12 15:32:09,904 | INFO | Epoch: 19 	[1600/27762 (6%)]	Loss: 0.003019
2026-01-12 15:32:11,651 | INFO | Epoch: 19 	[3200/27762 (12%)]	Loss: 0.002351
2026-01-12 15:32:13,570 | INFO | Epoch: 19 	[4800/27762 (17%)]	Loss: 0.002867
2026-01-12 15:32:15,457 | INFO | Epoch: 19 	[6400/27762 (23%)]	Loss: 0.001916
2026-01-12 15:32:17,492 | INFO | Epoch: 19 	[8000/27762 (29%)]	Loss: 0.002916
2026-01-12 15:32:19,441 | INFO | Epoch: 19 	[9600/27762 (35%)]	Loss: 0.003579
2026-01-12 15:32:21,313 | INFO | Epoch: 19 	[11200/27762 (40%)]	Loss: 0.002291
2026-01-12 15:32:23,288 | INFO | Epoch: 19 	[12800/27762 (46%)]	Loss: 0.003030
2026-01-12 15:32:25,289 | INFO | Epoch: 19 	[14400/27762 (52%)]	Loss: 0.002234
2026-01-12 15:32:27,096 | INFO | Epoch: 19 	[16000/27762 (58%)]	Loss: 0.003137
2026-01-12 15:32:28,771 | INFO | Epoch: 19 	[17600/27762 (63%)]	Loss: 0.001647
2026-01-12 15:32:30,680 | INFO | Epoch: 19 	[19200/27762 (69%)]	Loss: 0.004296
2026-01-12 15:32:33,211 | INFO | Epoch: 19 	[20800/27762 (75%)]	Loss: 0.002677
2026-01-12 15:32:35,920 | INFO | Epoch: 19 	[22400/27762 (81%)]	Loss: 0.002860
2026-01-12 15:32:38,437 | INFO | Epoch: 19 	[24000/27762 (86%)]	Loss: 0.003259
2026-01-12 15:32:40,773 | INFO | Epoch: 19 	[25600/27762 (92%)]	Loss: 0.003250
2026-01-12 15:32:42,524 | INFO | Epoch: 19 	[27200/27762 (98%)]	Loss: 0.001555
2026-01-12 15:32:43,169 | INFO | Epoch: 19 	[27760/27762 (100%)]	Loss: 0.001178
2026-01-12 15:32:43,175 | INFO | Epoch: 19 	[0/6941 (0%)]	Validation loss: 0.002548
2026-01-12 15:32:43,678 | INFO | Epoch: 19 	[1600/6941 (23%)]	Validation loss: 0.002573
2026-01-12 15:32:44,196 | INFO | Epoch: 19 	[3200/6941 (46%)]	Validation loss: 0.002597
2026-01-12 15:32:44,697 | INFO | Epoch: 19 	[4800/6941 (69%)]	Validation loss: 0.001788
2026-01-12 15:32:45,244 | INFO | Epoch: 19 	[6400/6941 (92%)]	Validation loss: 0.002988
2026-01-12 15:32:45,418 | INFO | Epoch: 19 	[6928/6941 (100%)]	Validation loss: 0.002944
2026-01-12 15:32:45,419 | INFO | Epoch: 19 	EarlyStopping: 1 out of 5. Val loss: 0.002732
2026-01-12 15:32:45,441 | INFO | Epoch: 20 	[0/27762 (0%)]	Loss: 0.004255
2026-01-12 15:32:47,051 | INFO | Epoch: 20 	[1600/27762 (6%)]	Loss: 0.002965
2026-01-12 15:32:48,702 | INFO | Epoch: 20 	[3200/27762 (12%)]	Loss: 0.002295
2026-01-12 15:32:50,607 | INFO | Epoch: 20 	[4800/27762 (17%)]	Loss: 0.002817
2026-01-12 15:32:52,590 | INFO | Epoch: 20 	[6400/27762 (23%)]	Loss: 0.001877
2026-01-12 15:32:54,610 | INFO | Epoch: 20 	[8000/27762 (29%)]	Loss: 0.002862
2026-01-12 15:32:56,433 | INFO | Epoch: 20 	[9600/27762 (35%)]	Loss: 0.003508
2026-01-12 15:32:58,223 | INFO | Epoch: 20 	[11200/27762 (40%)]	Loss: 0.002249
2026-01-12 15:33:00,009 | INFO | Epoch: 20 	[12800/27762 (46%)]	Loss: 0.002980
2026-01-12 15:33:01,985 | INFO | Epoch: 20 	[14400/27762 (52%)]	Loss: 0.002193
2026-01-12 15:33:03,904 | INFO | Epoch: 20 	[16000/27762 (58%)]	Loss: 0.003109
2026-01-12 15:33:05,779 | INFO | Epoch: 20 	[17600/27762 (63%)]	Loss: 0.001619
2026-01-12 15:33:07,999 | INFO | Epoch: 20 	[19200/27762 (69%)]	Loss: 0.004224
2026-01-12 15:33:09,877 | INFO | Epoch: 20 	[20800/27762 (75%)]	Loss: 0.002640
2026-01-12 15:33:11,680 | INFO | Epoch: 20 	[22400/27762 (81%)]	Loss: 0.002811
2026-01-12 15:33:13,531 | INFO | Epoch: 20 	[24000/27762 (86%)]	Loss: 0.003202
2026-01-12 15:33:15,561 | INFO | Epoch: 20 	[25600/27762 (92%)]	Loss: 0.003205
2026-01-12 15:33:17,506 | INFO | Epoch: 20 	[27200/27762 (98%)]	Loss: 0.001524
2026-01-12 15:33:18,105 | INFO | Epoch: 20 	[27760/27762 (100%)]	Loss: 0.001141
2026-01-12 15:33:18,113 | INFO | Epoch: 20 	[0/6941 (0%)]	Validation loss: 0.002502
2026-01-12 15:33:18,622 | INFO | Epoch: 20 	[1600/6941 (23%)]	Validation loss: 0.002524
2026-01-12 15:33:19,121 | INFO | Epoch: 20 	[3200/6941 (46%)]	Validation loss: 0.002548
2026-01-12 15:33:19,621 | INFO | Epoch: 20 	[4800/6941 (69%)]	Validation loss: 0.001753
2026-01-12 15:33:20,114 | INFO | Epoch: 20 	[6400/6941 (92%)]	Validation loss: 0.002944
2026-01-12 15:33:20,283 | INFO | Epoch: 20 	[6928/6941 (100%)]	Validation loss: 0.002887
2026-01-12 15:33:20,343 | INFO | Epoch: 20 	EarlyStopping: 0 out of 5. Val loss: 0.002687
2026-01-12 15:33:20,367 | INFO | Epoch: 21 	[0/27762 (0%)]	Loss: 0.004184
2026-01-12 15:33:21,895 | INFO | Epoch: 21 	[1600/27762 (6%)]	Loss: 0.002911
2026-01-12 15:33:23,623 | INFO | Epoch: 21 	[3200/27762 (12%)]	Loss: 0.002248
2026-01-12 15:33:25,371 | INFO | Epoch: 21 	[4800/27762 (17%)]	Loss: 0.002769
2026-01-12 15:33:27,230 | INFO | Epoch: 21 	[6400/27762 (23%)]	Loss: 0.001848
2026-01-12 15:33:29,056 | INFO | Epoch: 21 	[8000/27762 (29%)]	Loss: 0.002806
2026-01-12 15:33:30,852 | INFO | Epoch: 21 	[9600/27762 (35%)]	Loss: 0.003443
2026-01-12 15:33:32,638 | INFO | Epoch: 21 	[11200/27762 (40%)]	Loss: 0.002207
2026-01-12 15:33:34,402 | INFO | Epoch: 21 	[12800/27762 (46%)]	Loss: 0.002930
2026-01-12 15:33:36,156 | INFO | Epoch: 21 	[14400/27762 (52%)]	Loss: 0.002154
2026-01-12 15:33:38,102 | INFO | Epoch: 21 	[16000/27762 (58%)]	Loss: 0.003080
2026-01-12 15:33:39,988 | INFO | Epoch: 21 	[17600/27762 (63%)]	Loss: 0.001581
2026-01-12 15:33:41,989 | INFO | Epoch: 21 	[19200/27762 (69%)]	Loss: 0.004156
2026-01-12 15:33:43,852 | INFO | Epoch: 21 	[20800/27762 (75%)]	Loss: 0.002602
2026-01-12 15:33:45,629 | INFO | Epoch: 21 	[22400/27762 (81%)]	Loss: 0.002763
2026-01-12 15:33:47,420 | INFO | Epoch: 21 	[24000/27762 (86%)]	Loss: 0.003144
2026-01-12 15:33:49,174 | INFO | Epoch: 21 	[25600/27762 (92%)]	Loss: 0.003149
2026-01-12 15:33:51,054 | INFO | Epoch: 21 	[27200/27762 (98%)]	Loss: 0.001498
2026-01-12 15:33:51,759 | INFO | Epoch: 21 	[27760/27762 (100%)]	Loss: 0.001105
2026-01-12 15:33:51,768 | INFO | Epoch: 21 	[0/6941 (0%)]	Validation loss: 0.002449
2026-01-12 15:33:52,298 | INFO | Epoch: 21 	[1600/6941 (23%)]	Validation loss: 0.002476
2026-01-12 15:33:52,829 | INFO | Epoch: 21 	[3200/6941 (46%)]	Validation loss: 0.002495
2026-01-12 15:33:53,345 | INFO | Epoch: 21 	[4800/6941 (69%)]	Validation loss: 0.001725
2026-01-12 15:33:53,876 | INFO | Epoch: 21 	[6400/6941 (92%)]	Validation loss: 0.002887
2026-01-12 15:33:54,052 | INFO | Epoch: 21 	[6928/6941 (100%)]	Validation loss: 0.002828
2026-01-12 15:33:54,054 | INFO | Epoch: 21 	EarlyStopping: 1 out of 5. Val loss: 0.002637
2026-01-12 15:33:54,080 | INFO | Epoch: 22 	[0/27762 (0%)]	Loss: 0.004098
2026-01-12 15:33:55,630 | INFO | Epoch: 22 	[1600/27762 (6%)]	Loss: 0.002866
2026-01-12 15:33:57,304 | INFO | Epoch: 22 	[3200/27762 (12%)]	Loss: 0.002196
2026-01-12 15:33:59,077 | INFO | Epoch: 22 	[4800/27762 (17%)]	Loss: 0.002722
2026-01-12 15:34:00,858 | INFO | Epoch: 22 	[6400/27762 (23%)]	Loss: 0.001819
2026-01-12 15:34:02,864 | INFO | Epoch: 22 	[8000/27762 (29%)]	Loss: 0.002751
2026-01-12 15:34:04,673 | INFO | Epoch: 22 	[9600/27762 (35%)]	Loss: 0.003375
2026-01-12 15:34:06,485 | INFO | Epoch: 22 	[11200/27762 (40%)]	Loss: 0.002170
2026-01-12 15:34:08,342 | INFO | Epoch: 22 	[12800/27762 (46%)]	Loss: 0.002875
2026-01-12 15:34:10,140 | INFO | Epoch: 22 	[14400/27762 (52%)]	Loss: 0.002112
2026-01-12 15:34:11,938 | INFO | Epoch: 22 	[16000/27762 (58%)]	Loss: 0.003042
2026-01-12 15:34:13,800 | INFO | Epoch: 22 	[17600/27762 (63%)]	Loss: 0.001537
2026-01-12 15:34:15,557 | INFO | Epoch: 22 	[19200/27762 (69%)]	Loss: 0.004090
2026-01-12 15:34:17,418 | INFO | Epoch: 22 	[20800/27762 (75%)]	Loss: 0.002544
2026-01-12 15:34:19,220 | INFO | Epoch: 22 	[22400/27762 (81%)]	Loss: 0.002712
2026-01-12 15:34:21,169 | INFO | Epoch: 22 	[24000/27762 (86%)]	Loss: 0.003081
2026-01-12 15:34:23,406 | INFO | Epoch: 22 	[25600/27762 (92%)]	Loss: 0.003083
2026-01-12 15:34:25,386 | INFO | Epoch: 22 	[27200/27762 (98%)]	Loss: 0.001467
2026-01-12 15:34:26,055 | INFO | Epoch: 22 	[27760/27762 (100%)]	Loss: 0.001083
2026-01-12 15:34:26,062 | INFO | Epoch: 22 	[0/6941 (0%)]	Validation loss: 0.002390
2026-01-12 15:34:26,581 | INFO | Epoch: 22 	[1600/6941 (23%)]	Validation loss: 0.002433
2026-01-12 15:34:27,084 | INFO | Epoch: 22 	[3200/6941 (46%)]	Validation loss: 0.002452
2026-01-12 15:34:27,577 | INFO | Epoch: 22 	[4800/6941 (69%)]	Validation loss: 0.001704
2026-01-12 15:34:28,079 | INFO | Epoch: 22 	[6400/6941 (92%)]	Validation loss: 0.002838
2026-01-12 15:34:28,261 | INFO | Epoch: 22 	[6928/6941 (100%)]	Validation loss: 0.002772
2026-01-12 15:34:28,264 | INFO | Epoch: 22 	EarlyStopping: 2 out of 5. Val loss: 0.002594
2026-01-12 15:34:28,286 | INFO | Epoch: 23 	[0/27762 (0%)]	Loss: 0.004015
2026-01-12 15:34:29,873 | INFO | Epoch: 23 	[1600/27762 (6%)]	Loss: 0.002807
2026-01-12 15:34:31,586 | INFO | Epoch: 23 	[3200/27762 (12%)]	Loss: 0.002152
2026-01-12 15:34:33,230 | INFO | Epoch: 23 	[4800/27762 (17%)]	Loss: 0.002665
2026-01-12 15:34:34,951 | INFO | Epoch: 23 	[6400/27762 (23%)]	Loss: 0.001789
2026-01-12 15:34:36,683 | INFO | Epoch: 23 	[8000/27762 (29%)]	Loss: 0.002708
2026-01-12 15:34:38,453 | INFO | Epoch: 23 	[9600/27762 (35%)]	Loss: 0.003315
2026-01-12 15:34:40,118 | INFO | Epoch: 23 	[11200/27762 (40%)]	Loss: 0.002132
2026-01-12 15:34:41,937 | INFO | Epoch: 23 	[12800/27762 (46%)]	Loss: 0.002821
2026-01-12 15:34:43,642 | INFO | Epoch: 23 	[14400/27762 (52%)]	Loss: 0.002075
2026-01-12 15:34:45,339 | INFO | Epoch: 23 	[16000/27762 (58%)]	Loss: 0.003006
2026-01-12 15:34:47,080 | INFO | Epoch: 23 	[17600/27762 (63%)]	Loss: 0.001506
2026-01-12 15:34:48,810 | INFO | Epoch: 23 	[19200/27762 (69%)]	Loss: 0.004024
2026-01-12 15:34:50,526 | INFO | Epoch: 23 	[20800/27762 (75%)]	Loss: 0.002506
2026-01-12 15:34:52,337 | INFO | Epoch: 23 	[22400/27762 (81%)]	Loss: 0.002678
2026-01-12 15:34:54,085 | INFO | Epoch: 23 	[24000/27762 (86%)]	Loss: 0.003019
2026-01-12 15:34:55,847 | INFO | Epoch: 23 	[25600/27762 (92%)]	Loss: 0.003038
2026-01-12 15:34:57,555 | INFO | Epoch: 23 	[27200/27762 (98%)]	Loss: 0.001441
2026-01-12 15:34:58,155 | INFO | Epoch: 23 	[27760/27762 (100%)]	Loss: 0.001055
2026-01-12 15:34:58,161 | INFO | Epoch: 23 	[0/6941 (0%)]	Validation loss: 0.002345
2026-01-12 15:34:58,648 | INFO | Epoch: 23 	[1600/6941 (23%)]	Validation loss: 0.002389
2026-01-12 15:34:59,139 | INFO | Epoch: 23 	[3200/6941 (46%)]	Validation loss: 0.002411
2026-01-12 15:34:59,634 | INFO | Epoch: 23 	[4800/6941 (69%)]	Validation loss: 0.001678
2026-01-12 15:35:00,174 | INFO | Epoch: 23 	[6400/6941 (92%)]	Validation loss: 0.002791
2026-01-12 15:35:00,340 | INFO | Epoch: 23 	[6928/6941 (100%)]	Validation loss: 0.002733
2026-01-12 15:35:00,394 | INFO | Epoch: 23 	EarlyStopping: 0 out of 5. Val loss: 0.002552
2026-01-12 15:35:00,416 | INFO | Epoch: 24 	[0/27762 (0%)]	Loss: 0.003947
2026-01-12 15:35:01,949 | INFO | Epoch: 24 	[1600/27762 (6%)]	Loss: 0.002764
2026-01-12 15:35:03,491 | INFO | Epoch: 24 	[3200/27762 (12%)]	Loss: 0.002116
2026-01-12 15:35:05,192 | INFO | Epoch: 24 	[4800/27762 (17%)]	Loss: 0.002625
2026-01-12 15:35:06,962 | INFO | Epoch: 24 	[6400/27762 (23%)]	Loss: 0.001762
2026-01-12 15:35:08,693 | INFO | Epoch: 24 	[8000/27762 (29%)]	Loss: 0.002670
2026-01-12 15:35:10,404 | INFO | Epoch: 24 	[9600/27762 (35%)]	Loss: 0.003270
2026-01-12 15:35:12,138 | INFO | Epoch: 24 	[11200/27762 (40%)]	Loss: 0.002101
2026-01-12 15:35:13,888 | INFO | Epoch: 24 	[12800/27762 (46%)]	Loss: 0.002777
2026-01-12 15:35:15,544 | INFO | Epoch: 24 	[14400/27762 (52%)]	Loss: 0.002041
2026-01-12 15:35:17,285 | INFO | Epoch: 24 	[16000/27762 (58%)]	Loss: 0.002970
2026-01-12 15:35:18,954 | INFO | Epoch: 24 	[17600/27762 (63%)]	Loss: 0.001474
2026-01-12 15:35:20,688 | INFO | Epoch: 24 	[19200/27762 (69%)]	Loss: 0.003971
2026-01-12 15:35:22,407 | INFO | Epoch: 24 	[20800/27762 (75%)]	Loss: 0.002476
2026-01-12 15:35:24,324 | INFO | Epoch: 24 	[22400/27762 (81%)]	Loss: 0.002640
2026-01-12 15:35:26,129 | INFO | Epoch: 24 	[24000/27762 (86%)]	Loss: 0.002966
2026-01-12 15:35:27,845 | INFO | Epoch: 24 	[25600/27762 (92%)]	Loss: 0.002993
2026-01-12 15:35:29,419 | INFO | Epoch: 24 	[27200/27762 (98%)]	Loss: 0.001415
2026-01-12 15:35:30,047 | INFO | Epoch: 24 	[27760/27762 (100%)]	Loss: 0.001039
2026-01-12 15:35:30,055 | INFO | Epoch: 24 	[0/6941 (0%)]	Validation loss: 0.002309
2026-01-12 15:35:30,562 | INFO | Epoch: 24 	[1600/6941 (23%)]	Validation loss: 0.002355
2026-01-12 15:35:31,065 | INFO | Epoch: 24 	[3200/6941 (46%)]	Validation loss: 0.002375
2026-01-12 15:35:31,567 | INFO | Epoch: 24 	[4800/6941 (69%)]	Validation loss: 0.001658
2026-01-12 15:35:32,133 | INFO | Epoch: 24 	[6400/6941 (92%)]	Validation loss: 0.002759
2026-01-12 15:35:32,293 | INFO | Epoch: 24 	[6928/6941 (100%)]	Validation loss: 0.002699
2026-01-12 15:35:32,294 | INFO | Epoch: 24 	EarlyStopping: 1 out of 5. Val loss: 0.002518
2026-01-12 15:35:32,313 | INFO | Epoch: 25 	[0/27762 (0%)]	Loss: 0.003894
2026-01-12 15:35:33,745 | INFO | Epoch: 25 	[1600/27762 (6%)]	Loss: 0.002722
2026-01-12 15:35:35,286 | INFO | Epoch: 25 	[3200/27762 (12%)]	Loss: 0.002082
2026-01-12 15:35:37,003 | INFO | Epoch: 25 	[4800/27762 (17%)]	Loss: 0.002582
2026-01-12 15:35:38,756 | INFO | Epoch: 25 	[6400/27762 (23%)]	Loss: 0.001735
2026-01-12 15:35:40,424 | INFO | Epoch: 25 	[8000/27762 (29%)]	Loss: 0.002638
2026-01-12 15:35:42,180 | INFO | Epoch: 25 	[9600/27762 (35%)]	Loss: 0.003226
2026-01-12 15:35:43,887 | INFO | Epoch: 25 	[11200/27762 (40%)]	Loss: 0.002072
2026-01-12 15:35:45,577 | INFO | Epoch: 25 	[12800/27762 (46%)]	Loss: 0.002742
2026-01-12 15:35:47,277 | INFO | Epoch: 25 	[14400/27762 (52%)]	Loss: 0.002009
2026-01-12 15:35:49,017 | INFO | Epoch: 25 	[16000/27762 (58%)]	Loss: 0.002944
2026-01-12 15:35:50,665 | INFO | Epoch: 25 	[17600/27762 (63%)]	Loss: 0.001449
2026-01-12 15:35:52,455 | INFO | Epoch: 25 	[19200/27762 (69%)]	Loss: 0.003920
2026-01-12 15:35:54,243 | INFO | Epoch: 25 	[20800/27762 (75%)]	Loss: 0.002447
2026-01-12 15:35:55,973 | INFO | Epoch: 25 	[22400/27762 (81%)]	Loss: 0.002609
2026-01-12 15:35:57,727 | INFO | Epoch: 25 	[24000/27762 (86%)]	Loss: 0.002924
2026-01-12 15:35:59,468 | INFO | Epoch: 25 	[25600/27762 (92%)]	Loss: 0.002956
2026-01-12 15:36:01,149 | INFO | Epoch: 25 	[27200/27762 (98%)]	Loss: 0.001395
2026-01-12 15:36:01,770 | INFO | Epoch: 25 	[27760/27762 (100%)]	Loss: 0.001014
2026-01-12 15:36:01,778 | INFO | Epoch: 25 	[0/6941 (0%)]	Validation loss: 0.002284
2026-01-12 15:36:02,278 | INFO | Epoch: 25 	[1600/6941 (23%)]	Validation loss: 0.002325
2026-01-12 15:36:02,783 | INFO | Epoch: 25 	[3200/6941 (46%)]	Validation loss: 0.002349
2026-01-12 15:36:03,280 | INFO | Epoch: 25 	[4800/6941 (69%)]	Validation loss: 0.001640
2026-01-12 15:36:03,845 | INFO | Epoch: 25 	[6400/6941 (92%)]	Validation loss: 0.002737
2026-01-12 15:36:04,008 | INFO | Epoch: 25 	[6928/6941 (100%)]	Validation loss: 0.002673
2026-01-12 15:36:04,008 | INFO | Epoch: 25 	EarlyStopping: 2 out of 5. Val loss: 0.002489
2026-01-12 15:36:04,027 | INFO | Epoch: 26 	[0/27762 (0%)]	Loss: 0.003842
2026-01-12 15:36:05,499 | INFO | Epoch: 26 	[1600/27762 (6%)]	Loss: 0.002687
2026-01-12 15:36:07,080 | INFO | Epoch: 26 	[3200/27762 (12%)]	Loss: 0.002052
2026-01-12 15:36:08,786 | INFO | Epoch: 26 	[4800/27762 (17%)]	Loss: 0.002551
2026-01-12 15:36:10,483 | INFO | Epoch: 26 	[6400/27762 (23%)]	Loss: 0.001713
2026-01-12 15:36:12,222 | INFO | Epoch: 26 	[8000/27762 (29%)]	Loss: 0.002605
2026-01-12 15:36:13,964 | INFO | Epoch: 26 	[9600/27762 (35%)]	Loss: 0.003190
2026-01-12 15:36:15,639 | INFO | Epoch: 26 	[11200/27762 (40%)]	Loss: 0.002045
2026-01-12 15:36:17,354 | INFO | Epoch: 26 	[12800/27762 (46%)]	Loss: 0.002710
2026-01-12 15:36:19,007 | INFO | Epoch: 26 	[14400/27762 (52%)]	Loss: 0.001986
2026-01-12 15:36:20,712 | INFO | Epoch: 26 	[16000/27762 (58%)]	Loss: 0.002911
2026-01-12 15:36:22,428 | INFO | Epoch: 26 	[17600/27762 (63%)]	Loss: 0.001423
2026-01-12 15:36:24,230 | INFO | Epoch: 26 	[19200/27762 (69%)]	Loss: 0.003878
2026-01-12 15:36:25,885 | INFO | Epoch: 26 	[20800/27762 (75%)]	Loss: 0.002418
2026-01-12 15:36:27,693 | INFO | Epoch: 26 	[22400/27762 (81%)]	Loss: 0.002583
2026-01-12 15:36:29,414 | INFO | Epoch: 26 	[24000/27762 (86%)]	Loss: 0.002888
2026-01-12 15:36:31,132 | INFO | Epoch: 26 	[25600/27762 (92%)]	Loss: 0.002923
2026-01-12 15:36:32,797 | INFO | Epoch: 26 	[27200/27762 (98%)]	Loss: 0.001380
2026-01-12 15:36:33,454 | INFO | Epoch: 26 	[27760/27762 (100%)]	Loss: 0.000995
2026-01-12 15:36:33,460 | INFO | Epoch: 26 	[0/6941 (0%)]	Validation loss: 0.002259
2026-01-12 15:36:33,970 | INFO | Epoch: 26 	[1600/6941 (23%)]	Validation loss: 0.002295
2026-01-12 15:36:34,478 | INFO | Epoch: 26 	[3200/6941 (46%)]	Validation loss: 0.002323
2026-01-12 15:36:34,981 | INFO | Epoch: 26 	[4800/6941 (69%)]	Validation loss: 0.001625
2026-01-12 15:36:35,537 | INFO | Epoch: 26 	[6400/6941 (92%)]	Validation loss: 0.002706
2026-01-12 15:36:35,696 | INFO | Epoch: 26 	[6928/6941 (100%)]	Validation loss: 0.002646
2026-01-12 15:36:35,697 | INFO | Epoch: 26 	EarlyStopping: 3 out of 5. Val loss: 0.002463
2026-01-12 15:36:35,715 | INFO | Epoch: 27 	[0/27762 (0%)]	Loss: 0.003794
2026-01-12 15:36:37,181 | INFO | Epoch: 27 	[1600/27762 (6%)]	Loss: 0.002656
2026-01-12 15:36:38,751 | INFO | Epoch: 27 	[3200/27762 (12%)]	Loss: 0.002028
2026-01-12 15:36:40,474 | INFO | Epoch: 27 	[4800/27762 (17%)]	Loss: 0.002520
2026-01-12 15:36:42,222 | INFO | Epoch: 27 	[6400/27762 (23%)]	Loss: 0.001694
2026-01-12 15:36:44,082 | INFO | Epoch: 27 	[8000/27762 (29%)]	Loss: 0.002573
2026-01-12 15:36:45,871 | INFO | Epoch: 27 	[9600/27762 (35%)]	Loss: 0.003150
2026-01-12 15:36:47,306 | INFO | Epoch: 27 	[11200/27762 (40%)]	Loss: 0.002017
2026-01-12 15:36:48,915 | INFO | Epoch: 27 	[12800/27762 (46%)]	Loss: 0.002678
2026-01-12 15:36:50,873 | INFO | Epoch: 27 	[14400/27762 (52%)]	Loss: 0.001965
2026-01-12 15:36:52,738 | INFO | Epoch: 27 	[16000/27762 (58%)]	Loss: 0.002883
2026-01-12 15:36:54,550 | INFO | Epoch: 27 	[17600/27762 (63%)]	Loss: 0.001401
2026-01-12 15:36:56,147 | INFO | Epoch: 27 	[19200/27762 (69%)]	Loss: 0.003839
2026-01-12 15:36:57,640 | INFO | Epoch: 27 	[20800/27762 (75%)]	Loss: 0.002392
2026-01-12 15:36:59,327 | INFO | Epoch: 27 	[22400/27762 (81%)]	Loss: 0.002549
2026-01-12 15:37:01,090 | INFO | Epoch: 27 	[24000/27762 (86%)]	Loss: 0.002854
2026-01-12 15:37:02,920 | INFO | Epoch: 27 	[25600/27762 (92%)]	Loss: 0.002888
2026-01-12 15:37:04,765 | INFO | Epoch: 27 	[27200/27762 (98%)]	Loss: 0.001363
2026-01-12 15:37:05,393 | INFO | Epoch: 27 	[27760/27762 (100%)]	Loss: 0.000985
2026-01-12 15:37:05,398 | INFO | Epoch: 27 	[0/6941 (0%)]	Validation loss: 0.002223
2026-01-12 15:37:05,816 | INFO | Epoch: 27 	[1600/6941 (23%)]	Validation loss: 0.002266
2026-01-12 15:37:06,323 | INFO | Epoch: 27 	[3200/6941 (46%)]	Validation loss: 0.002298
2026-01-12 15:37:06,848 | INFO | Epoch: 27 	[4800/6941 (69%)]	Validation loss: 0.001606
2026-01-12 15:37:07,376 | INFO | Epoch: 27 	[6400/6941 (92%)]	Validation loss: 0.002675
2026-01-12 15:37:07,551 | INFO | Epoch: 27 	[6928/6941 (100%)]	Validation loss: 0.002619
2026-01-12 15:37:07,614 | INFO | Epoch: 27 	EarlyStopping: 0 out of 5. Val loss: 0.002435
2026-01-12 15:37:07,637 | INFO | Epoch: 28 	[0/27762 (0%)]	Loss: 0.003750
2026-01-12 15:37:09,010 | INFO | Epoch: 28 	[1600/27762 (6%)]	Loss: 0.002617
2026-01-12 15:37:10,372 | INFO | Epoch: 28 	[3200/27762 (12%)]	Loss: 0.002007
2026-01-12 15:37:11,778 | INFO | Epoch: 28 	[4800/27762 (17%)]	Loss: 0.002485
2026-01-12 15:37:13,446 | INFO | Epoch: 28 	[6400/27762 (23%)]	Loss: 0.001674
2026-01-12 15:37:15,198 | INFO | Epoch: 28 	[8000/27762 (29%)]	Loss: 0.002543
2026-01-12 15:37:17,045 | INFO | Epoch: 28 	[9600/27762 (35%)]	Loss: 0.003116
2026-01-12 15:37:18,836 | INFO | Epoch: 28 	[11200/27762 (40%)]	Loss: 0.001991
2026-01-12 15:37:20,559 | INFO | Epoch: 28 	[12800/27762 (46%)]	Loss: 0.002648
2026-01-12 15:37:22,279 | INFO | Epoch: 28 	[14400/27762 (52%)]	Loss: 0.001935
2026-01-12 15:37:23,944 | INFO | Epoch: 28 	[16000/27762 (58%)]	Loss: 0.002851
2026-01-12 15:37:25,629 | INFO | Epoch: 28 	[17600/27762 (63%)]	Loss: 0.001377
2026-01-12 15:37:27,336 | INFO | Epoch: 28 	[19200/27762 (69%)]	Loss: 0.003796
2026-01-12 15:37:29,043 | INFO | Epoch: 28 	[20800/27762 (75%)]	Loss: 0.002370
2026-01-12 15:37:30,669 | INFO | Epoch: 28 	[22400/27762 (81%)]	Loss: 0.002513
2026-01-12 15:37:32,305 | INFO | Epoch: 28 	[24000/27762 (86%)]	Loss: 0.002822
2026-01-12 15:37:34,051 | INFO | Epoch: 28 	[25600/27762 (92%)]	Loss: 0.002851
2026-01-12 15:37:36,074 | INFO | Epoch: 28 	[27200/27762 (98%)]	Loss: 0.001335
2026-01-12 15:37:36,794 | INFO | Epoch: 28 	[27760/27762 (100%)]	Loss: 0.000969
2026-01-12 15:37:36,801 | INFO | Epoch: 28 	[0/6941 (0%)]	Validation loss: 0.002204
2026-01-12 15:37:37,315 | INFO | Epoch: 28 	[1600/6941 (23%)]	Validation loss: 0.002242
2026-01-12 15:37:37,837 | INFO | Epoch: 28 	[3200/6941 (46%)]	Validation loss: 0.002278
2026-01-12 15:37:38,366 | INFO | Epoch: 28 	[4800/6941 (69%)]	Validation loss: 0.001591
2026-01-12 15:37:38,910 | INFO | Epoch: 28 	[6400/6941 (92%)]	Validation loss: 0.002654
2026-01-12 15:37:39,093 | INFO | Epoch: 28 	[6928/6941 (100%)]	Validation loss: 0.002598
2026-01-12 15:37:39,094 | INFO | Epoch: 28 	EarlyStopping: 1 out of 5. Val loss: 0.002414
2026-01-12 15:37:39,117 | INFO | Epoch: 29 	[0/27762 (0%)]	Loss: 0.003716
2026-01-12 15:37:40,531 | INFO | Epoch: 29 	[1600/27762 (6%)]	Loss: 0.002579
2026-01-12 15:37:41,885 | INFO | Epoch: 29 	[3200/27762 (12%)]	Loss: 0.001978
2026-01-12 15:37:43,314 | INFO | Epoch: 29 	[4800/27762 (17%)]	Loss: 0.002456
2026-01-12 15:37:45,001 | INFO | Epoch: 29 	[6400/27762 (23%)]	Loss: 0.001653
2026-01-12 15:37:46,831 | INFO | Epoch: 29 	[8000/27762 (29%)]	Loss: 0.002517
2026-01-12 15:37:48,866 | INFO | Epoch: 29 	[9600/27762 (35%)]	Loss: 0.003087
2026-01-12 15:37:50,746 | INFO | Epoch: 29 	[11200/27762 (40%)]	Loss: 0.001968
2026-01-12 15:37:52,464 | INFO | Epoch: 29 	[12800/27762 (46%)]	Loss: 0.002611
2026-01-12 15:37:54,850 | INFO | Epoch: 29 	[14400/27762 (52%)]	Loss: 0.001907
2026-01-12 15:37:56,757 | INFO | Epoch: 29 	[16000/27762 (58%)]	Loss: 0.002822
2026-01-12 15:37:58,417 | INFO | Epoch: 29 	[17600/27762 (63%)]	Loss: 0.001353
2026-01-12 15:38:00,098 | INFO | Epoch: 29 	[19200/27762 (69%)]	Loss: 0.003745
2026-01-12 15:38:01,870 | INFO | Epoch: 29 	[20800/27762 (75%)]	Loss: 0.002350
2026-01-12 15:38:03,656 | INFO | Epoch: 29 	[22400/27762 (81%)]	Loss: 0.002489
2026-01-12 15:38:05,403 | INFO | Epoch: 29 	[24000/27762 (86%)]	Loss: 0.002794
2026-01-12 15:38:07,272 | INFO | Epoch: 29 	[25600/27762 (92%)]	Loss: 0.002814
2026-01-12 15:38:09,099 | INFO | Epoch: 29 	[27200/27762 (98%)]	Loss: 0.001322
2026-01-12 15:38:09,743 | INFO | Epoch: 29 	[27760/27762 (100%)]	Loss: 0.000954
2026-01-12 15:38:09,751 | INFO | Epoch: 29 	[0/6941 (0%)]	Validation loss: 0.002174
2026-01-12 15:38:10,280 | INFO | Epoch: 29 	[1600/6941 (23%)]	Validation loss: 0.002217
2026-01-12 15:38:10,794 | INFO | Epoch: 29 	[3200/6941 (46%)]	Validation loss: 0.002256
2026-01-12 15:38:11,312 | INFO | Epoch: 29 	[4800/6941 (69%)]	Validation loss: 0.001579
2026-01-12 15:38:11,824 | INFO | Epoch: 29 	[6400/6941 (92%)]	Validation loss: 0.002619
2026-01-12 15:38:11,992 | INFO | Epoch: 29 	[6928/6941 (100%)]	Validation loss: 0.002572
2026-01-12 15:38:11,993 | INFO | Epoch: 29 	EarlyStopping: 2 out of 5. Val loss: 0.002390
2026-01-12 15:38:12,016 | INFO | Epoch: 30 	[0/27762 (0%)]	Loss: 0.003675
2026-01-12 15:38:13,577 | INFO | Epoch: 30 	[1600/27762 (6%)]	Loss: 0.002554
2026-01-12 15:38:15,155 | INFO | Epoch: 30 	[3200/27762 (12%)]	Loss: 0.001944
2026-01-12 15:38:16,914 | INFO | Epoch: 30 	[4800/27762 (17%)]	Loss: 0.002427
2026-01-12 15:38:18,741 | INFO | Epoch: 30 	[6400/27762 (23%)]	Loss: 0.001636
2026-01-12 15:38:20,499 | INFO | Epoch: 30 	[8000/27762 (29%)]	Loss: 0.002493
2026-01-12 15:38:22,274 | INFO | Epoch: 30 	[9600/27762 (35%)]	Loss: 0.003053
2026-01-12 15:38:24,286 | INFO | Epoch: 30 	[11200/27762 (40%)]	Loss: 0.001947
2026-01-12 15:38:26,071 | INFO | Epoch: 30 	[12800/27762 (46%)]	Loss: 0.002582
2026-01-12 15:38:27,828 | INFO | Epoch: 30 	[14400/27762 (52%)]	Loss: 0.001884
2026-01-12 15:38:29,671 | INFO | Epoch: 30 	[16000/27762 (58%)]	Loss: 0.002799
2026-01-12 15:38:31,465 | INFO | Epoch: 30 	[17600/27762 (63%)]	Loss: 0.001331
2026-01-12 15:38:33,287 | INFO | Epoch: 30 	[19200/27762 (69%)]	Loss: 0.003702
2026-01-12 15:38:35,099 | INFO | Epoch: 30 	[20800/27762 (75%)]	Loss: 0.002311
2026-01-12 15:38:37,090 | INFO | Epoch: 30 	[22400/27762 (81%)]	Loss: 0.002466
2026-01-12 15:38:39,048 | INFO | Epoch: 30 	[24000/27762 (86%)]	Loss: 0.002767
2026-01-12 15:38:40,835 | INFO | Epoch: 30 	[25600/27762 (92%)]	Loss: 0.002790
2026-01-12 15:38:42,663 | INFO | Epoch: 30 	[27200/27762 (98%)]	Loss: 0.001302
2026-01-12 15:38:43,296 | INFO | Epoch: 30 	[27760/27762 (100%)]	Loss: 0.000943
2026-01-12 15:38:43,303 | INFO | Epoch: 30 	[0/6941 (0%)]	Validation loss: 0.002153
2026-01-12 15:38:43,811 | INFO | Epoch: 30 	[1600/6941 (23%)]	Validation loss: 0.002198
2026-01-12 15:38:44,319 | INFO | Epoch: 30 	[3200/6941 (46%)]	Validation loss: 0.002234
2026-01-12 15:38:44,822 | INFO | Epoch: 30 	[4800/6941 (69%)]	Validation loss: 0.001569
2026-01-12 15:38:45,326 | INFO | Epoch: 30 	[6400/6941 (92%)]	Validation loss: 0.002600
2026-01-12 15:38:45,502 | INFO | Epoch: 30 	[6928/6941 (100%)]	Validation loss: 0.002550
2026-01-12 15:38:45,503 | INFO | Epoch: 30 	EarlyStopping: 3 out of 5. Val loss: 0.002370
2026-01-12 15:38:45,526 | INFO | Epoch: 31 	[0/27762 (0%)]	Loss: 0.003641
2026-01-12 15:38:47,003 | INFO | Epoch: 31 	[1600/27762 (6%)]	Loss: 0.002528
2026-01-12 15:38:48,652 | INFO | Epoch: 31 	[3200/27762 (12%)]	Loss: 0.001924
2026-01-12 15:38:50,392 | INFO | Epoch: 31 	[4800/27762 (17%)]	Loss: 0.002401
2026-01-12 15:38:52,167 | INFO | Epoch: 31 	[6400/27762 (23%)]	Loss: 0.001623
2026-01-12 15:38:53,953 | INFO | Epoch: 31 	[8000/27762 (29%)]	Loss: 0.002468
2026-01-12 15:38:55,677 | INFO | Epoch: 31 	[9600/27762 (35%)]	Loss: 0.003020
2026-01-12 15:38:57,363 | INFO | Epoch: 31 	[11200/27762 (40%)]	Loss: 0.001929
2026-01-12 15:38:59,004 | INFO | Epoch: 31 	[12800/27762 (46%)]	Loss: 0.002557
2026-01-12 15:39:00,688 | INFO | Epoch: 31 	[14400/27762 (52%)]	Loss: 0.001865
2026-01-12 15:39:02,472 | INFO | Epoch: 31 	[16000/27762 (58%)]	Loss: 0.002781
2026-01-12 15:39:04,263 | INFO | Epoch: 31 	[17600/27762 (63%)]	Loss: 0.001311
2026-01-12 15:39:06,018 | INFO | Epoch: 31 	[19200/27762 (69%)]	Loss: 0.003667
2026-01-12 15:39:07,779 | INFO | Epoch: 31 	[20800/27762 (75%)]	Loss: 0.002290
2026-01-12 15:39:09,663 | INFO | Epoch: 31 	[22400/27762 (81%)]	Loss: 0.002443
2026-01-12 15:39:11,341 | INFO | Epoch: 31 	[24000/27762 (86%)]	Loss: 0.002733
2026-01-12 15:39:12,999 | INFO | Epoch: 31 	[25600/27762 (92%)]	Loss: 0.002763
2026-01-12 15:39:14,658 | INFO | Epoch: 31 	[27200/27762 (98%)]	Loss: 0.001283
2026-01-12 15:39:15,244 | INFO | Epoch: 31 	[27760/27762 (100%)]	Loss: 0.000931
2026-01-12 15:39:15,250 | INFO | Epoch: 31 	[0/6941 (0%)]	Validation loss: 0.002129
2026-01-12 15:39:15,669 | INFO | Epoch: 31 	[1600/6941 (23%)]	Validation loss: 0.002170
2026-01-12 15:39:16,181 | INFO | Epoch: 31 	[3200/6941 (46%)]	Validation loss: 0.002212
2026-01-12 15:39:16,709 | INFO | Epoch: 31 	[4800/6941 (69%)]	Validation loss: 0.001556
2026-01-12 15:39:17,241 | INFO | Epoch: 31 	[6400/6941 (92%)]	Validation loss: 0.002579
2026-01-12 15:39:17,420 | INFO | Epoch: 31 	[6928/6941 (100%)]	Validation loss: 0.002527
2026-01-12 15:39:17,421 | INFO | Epoch: 31 	EarlyStopping: 4 out of 5. Val loss: 0.002349
2026-01-12 15:39:17,449 | INFO | Epoch: 32 	[0/27762 (0%)]	Loss: 0.003604
2026-01-12 15:39:18,927 | INFO | Epoch: 32 	[1600/27762 (6%)]	Loss: 0.002503
2026-01-12 15:39:20,359 | INFO | Epoch: 32 	[3200/27762 (12%)]	Loss: 0.001900
2026-01-12 15:39:21,893 | INFO | Epoch: 32 	[4800/27762 (17%)]	Loss: 0.002374
2026-01-12 15:39:23,660 | INFO | Epoch: 32 	[6400/27762 (23%)]	Loss: 0.001603
2026-01-12 15:39:25,511 | INFO | Epoch: 32 	[8000/27762 (29%)]	Loss: 0.002444
2026-01-12 15:39:27,331 | INFO | Epoch: 32 	[9600/27762 (35%)]	Loss: 0.002991
2026-01-12 15:39:29,065 | INFO | Epoch: 32 	[11200/27762 (40%)]	Loss: 0.001909
2026-01-12 15:39:30,737 | INFO | Epoch: 32 	[12800/27762 (46%)]	Loss: 0.002532
2026-01-12 15:39:32,351 | INFO | Epoch: 32 	[14400/27762 (52%)]	Loss: 0.001845
2026-01-12 15:39:33,917 | INFO | Epoch: 32 	[16000/27762 (58%)]	Loss: 0.002757
2026-01-12 15:39:35,496 | INFO | Epoch: 32 	[17600/27762 (63%)]	Loss: 0.001290
2026-01-12 15:39:37,093 | INFO | Epoch: 32 	[19200/27762 (69%)]	Loss: 0.003637
2026-01-12 15:39:39,019 | INFO | Epoch: 32 	[20800/27762 (75%)]	Loss: 0.002265
2026-01-12 15:39:40,881 | INFO | Epoch: 32 	[22400/27762 (81%)]	Loss: 0.002421
2026-01-12 15:39:42,566 | INFO | Epoch: 32 	[24000/27762 (86%)]	Loss: 0.002708
2026-01-12 15:39:44,201 | INFO | Epoch: 32 	[25600/27762 (92%)]	Loss: 0.002739
2026-01-12 15:39:45,836 | INFO | Epoch: 32 	[27200/27762 (98%)]	Loss: 0.001269
2026-01-12 15:39:46,394 | INFO | Epoch: 32 	[27760/27762 (100%)]	Loss: 0.000925
2026-01-12 15:39:46,399 | INFO | Epoch: 32 	[0/6941 (0%)]	Validation loss: 0.002105
2026-01-12 15:39:46,807 | INFO | Epoch: 32 	[1600/6941 (23%)]	Validation loss: 0.002153
2026-01-12 15:39:47,343 | INFO | Epoch: 32 	[3200/6941 (46%)]	Validation loss: 0.002194
2026-01-12 15:39:47,885 | INFO | Epoch: 32 	[4800/6941 (69%)]	Validation loss: 0.001546
2026-01-12 15:39:48,427 | INFO | Epoch: 32 	[6400/6941 (92%)]	Validation loss: 0.002557
2026-01-12 15:39:48,609 | INFO | Epoch: 32 	[6928/6941 (100%)]	Validation loss: 0.002507
2026-01-12 15:39:48,685 | INFO | Epoch: 32 	EarlyStopping: 0 out of 5. Val loss: 0.002331
2026-01-12 15:39:48,706 | INFO | Epoch: 33 	[0/27762 (0%)]	Loss: 0.003567
2026-01-12 15:39:50,062 | INFO | Epoch: 33 	[1600/27762 (6%)]	Loss: 0.002485
2026-01-12 15:39:51,500 | INFO | Epoch: 33 	[3200/27762 (12%)]	Loss: 0.001878
2026-01-12 15:39:53,757 | INFO | Epoch: 33 	[4800/27762 (17%)]	Loss: 0.002351
2026-01-12 15:39:56,216 | INFO | Epoch: 33 	[6400/27762 (23%)]	Loss: 0.001588
2026-01-12 15:39:58,034 | INFO | Epoch: 33 	[8000/27762 (29%)]	Loss: 0.002419
2026-01-12 15:39:59,817 | INFO | Epoch: 33 	[9600/27762 (35%)]	Loss: 0.002963
2026-01-12 15:40:01,605 | INFO | Epoch: 33 	[11200/27762 (40%)]	Loss: 0.001890
2026-01-12 15:40:03,363 | INFO | Epoch: 33 	[12800/27762 (46%)]	Loss: 0.002509
2026-01-12 15:40:05,202 | INFO | Epoch: 33 	[14400/27762 (52%)]	Loss: 0.001830
2026-01-12 15:40:07,039 | INFO | Epoch: 33 	[16000/27762 (58%)]	Loss: 0.002741
2026-01-12 15:40:08,789 | INFO | Epoch: 33 	[17600/27762 (63%)]	Loss: 0.001273
2026-01-12 15:40:10,421 | INFO | Epoch: 33 	[19200/27762 (69%)]	Loss: 0.003598
2026-01-12 15:40:12,105 | INFO | Epoch: 33 	[20800/27762 (75%)]	Loss: 0.002249
2026-01-12 15:40:13,833 | INFO | Epoch: 33 	[22400/27762 (81%)]	Loss: 0.002403
2026-01-12 15:40:15,546 | INFO | Epoch: 33 	[24000/27762 (86%)]	Loss: 0.002672
2026-01-12 15:40:17,221 | INFO | Epoch: 33 	[25600/27762 (92%)]	Loss: 0.002719
2026-01-12 15:40:19,027 | INFO | Epoch: 33 	[27200/27762 (98%)]	Loss: 0.001256
2026-01-12 15:40:19,687 | INFO | Epoch: 33 	[27760/27762 (100%)]	Loss: 0.000919
2026-01-12 15:40:19,693 | INFO | Epoch: 33 	[0/6941 (0%)]	Validation loss: 0.002084
2026-01-12 15:40:20,191 | INFO | Epoch: 33 	[1600/6941 (23%)]	Validation loss: 0.002140
2026-01-12 15:40:20,694 | INFO | Epoch: 33 	[3200/6941 (46%)]	Validation loss: 0.002171
2026-01-12 15:40:21,199 | INFO | Epoch: 33 	[4800/6941 (69%)]	Validation loss: 0.001534
2026-01-12 15:40:21,697 | INFO | Epoch: 33 	[6400/6941 (92%)]	Validation loss: 0.002539
2026-01-12 15:40:21,857 | INFO | Epoch: 33 	[6928/6941 (100%)]	Validation loss: 0.002491
2026-01-12 15:40:21,858 | INFO | Epoch: 33 	EarlyStopping: 1 out of 5. Val loss: 0.002313
2026-01-12 15:40:21,879 | INFO | Epoch: 34 	[0/27762 (0%)]	Loss: 0.003536
2026-01-12 15:40:23,368 | INFO | Epoch: 34 	[1600/27762 (6%)]	Loss: 0.002468
2026-01-12 15:40:24,965 | INFO | Epoch: 34 	[3200/27762 (12%)]	Loss: 0.001861
2026-01-12 15:40:26,623 | INFO | Epoch: 34 	[4800/27762 (17%)]	Loss: 0.002336
2026-01-12 15:40:28,351 | INFO | Epoch: 34 	[6400/27762 (23%)]	Loss: 0.001567
2026-01-12 15:40:30,131 | INFO | Epoch: 34 	[8000/27762 (29%)]	Loss: 0.002402
2026-01-12 15:40:32,025 | INFO | Epoch: 34 	[9600/27762 (35%)]	Loss: 0.002918
2026-01-12 15:40:33,773 | INFO | Epoch: 34 	[11200/27762 (40%)]	Loss: 0.001873
2026-01-12 15:40:35,402 | INFO | Epoch: 34 	[12800/27762 (46%)]	Loss: 0.002486
2026-01-12 15:40:37,075 | INFO | Epoch: 34 	[14400/27762 (52%)]	Loss: 0.001815
2026-01-12 15:40:38,852 | INFO | Epoch: 34 	[16000/27762 (58%)]	Loss: 0.002724
2026-01-12 15:40:40,665 | INFO | Epoch: 34 	[17600/27762 (63%)]	Loss: 0.001256
2026-01-12 15:40:42,331 | INFO | Epoch: 34 	[19200/27762 (69%)]	Loss: 0.003562
2026-01-12 15:40:44,105 | INFO | Epoch: 34 	[20800/27762 (75%)]	Loss: 0.002236
2026-01-12 15:40:45,762 | INFO | Epoch: 34 	[22400/27762 (81%)]	Loss: 0.002389
2026-01-12 15:40:47,530 | INFO | Epoch: 34 	[24000/27762 (86%)]	Loss: 0.002645
2026-01-12 15:40:49,256 | INFO | Epoch: 34 	[25600/27762 (92%)]	Loss: 0.002693
2026-01-12 15:40:50,990 | INFO | Epoch: 34 	[27200/27762 (98%)]	Loss: 0.001245
2026-01-12 15:40:51,563 | INFO | Epoch: 34 	[27760/27762 (100%)]	Loss: 0.000910
2026-01-12 15:40:51,569 | INFO | Epoch: 34 	[0/6941 (0%)]	Validation loss: 0.002066
2026-01-12 15:40:52,025 | INFO | Epoch: 34 	[1600/6941 (23%)]	Validation loss: 0.002125
2026-01-12 15:40:52,524 | INFO | Epoch: 34 	[3200/6941 (46%)]	Validation loss: 0.002157
2026-01-12 15:40:53,026 | INFO | Epoch: 34 	[4800/6941 (69%)]	Validation loss: 0.001526
2026-01-12 15:40:53,529 | INFO | Epoch: 34 	[6400/6941 (92%)]	Validation loss: 0.002516
2026-01-12 15:40:53,696 | INFO | Epoch: 34 	[6928/6941 (100%)]	Validation loss: 0.002473
2026-01-12 15:40:53,697 | INFO | Epoch: 34 	EarlyStopping: 2 out of 5. Val loss: 0.002296
2026-01-12 15:40:53,721 | INFO | Epoch: 35 	[0/27762 (0%)]	Loss: 0.003504
2026-01-12 15:40:55,273 | INFO | Epoch: 35 	[1600/27762 (6%)]	Loss: 0.002449
2026-01-12 15:40:56,849 | INFO | Epoch: 35 	[3200/27762 (12%)]	Loss: 0.001841
2026-01-12 15:40:58,520 | INFO | Epoch: 35 	[4800/27762 (17%)]	Loss: 0.002312
2026-01-12 15:41:00,276 | INFO | Epoch: 35 	[6400/27762 (23%)]	Loss: 0.001552
2026-01-12 15:41:02,104 | INFO | Epoch: 35 	[8000/27762 (29%)]	Loss: 0.002384
2026-01-12 15:41:03,860 | INFO | Epoch: 35 	[9600/27762 (35%)]	Loss: 0.002886
2026-01-12 15:41:05,541 | INFO | Epoch: 35 	[11200/27762 (40%)]	Loss: 0.001860
2026-01-12 15:41:07,185 | INFO | Epoch: 35 	[12800/27762 (46%)]	Loss: 0.002459
2026-01-12 15:41:08,924 | INFO | Epoch: 35 	[14400/27762 (52%)]	Loss: 0.001802
2026-01-12 15:41:10,624 | INFO | Epoch: 35 	[16000/27762 (58%)]	Loss: 0.002707
2026-01-12 15:41:12,385 | INFO | Epoch: 35 	[17600/27762 (63%)]	Loss: 0.001240
2026-01-12 15:41:14,133 | INFO | Epoch: 35 	[19200/27762 (69%)]	Loss: 0.003533
2026-01-12 15:41:15,823 | INFO | Epoch: 35 	[20800/27762 (75%)]	Loss: 0.002221
2026-01-12 15:41:17,550 | INFO | Epoch: 35 	[22400/27762 (81%)]	Loss: 0.002369
2026-01-12 15:41:19,259 | INFO | Epoch: 35 	[24000/27762 (86%)]	Loss: 0.002618
2026-01-12 15:41:20,995 | INFO | Epoch: 35 	[25600/27762 (92%)]	Loss: 0.002670
2026-01-12 15:41:22,734 | INFO | Epoch: 35 	[27200/27762 (98%)]	Loss: 0.001236
2026-01-12 15:41:23,338 | INFO | Epoch: 35 	[27760/27762 (100%)]	Loss: 0.000906
2026-01-12 15:41:23,347 | INFO | Epoch: 35 	[0/6941 (0%)]	Validation loss: 0.002048
2026-01-12 15:41:23,870 | INFO | Epoch: 35 	[1600/6941 (23%)]	Validation loss: 0.002106
2026-01-12 15:41:24,379 | INFO | Epoch: 35 	[3200/6941 (46%)]	Validation loss: 0.002135
2026-01-12 15:41:24,914 | INFO | Epoch: 35 	[4800/6941 (69%)]	Validation loss: 0.001516
2026-01-12 15:41:25,443 | INFO | Epoch: 35 	[6400/6941 (92%)]	Validation loss: 0.002498
2026-01-12 15:41:25,612 | INFO | Epoch: 35 	[6928/6941 (100%)]	Validation loss: 0.002453
2026-01-12 15:41:25,613 | INFO | Epoch: 35 	EarlyStopping: 3 out of 5. Val loss: 0.002277
2026-01-12 15:41:25,635 | INFO | Epoch: 36 	[0/27762 (0%)]	Loss: 0.003472
2026-01-12 15:41:27,229 | INFO | Epoch: 36 	[1600/27762 (6%)]	Loss: 0.002431
2026-01-12 15:41:28,950 | INFO | Epoch: 36 	[3200/27762 (12%)]	Loss: 0.001823
2026-01-12 15:41:30,824 | INFO | Epoch: 36 	[4800/27762 (17%)]	Loss: 0.002287
2026-01-12 15:41:32,770 | INFO | Epoch: 36 	[6400/27762 (23%)]	Loss: 0.001541
2026-01-12 15:41:34,567 | INFO | Epoch: 36 	[8000/27762 (29%)]	Loss: 0.002368
2026-01-12 15:41:36,336 | INFO | Epoch: 36 	[9600/27762 (35%)]	Loss: 0.002861
2026-01-12 15:41:37,985 | INFO | Epoch: 36 	[11200/27762 (40%)]	Loss: 0.001837
2026-01-12 15:41:39,709 | INFO | Epoch: 36 	[12800/27762 (46%)]	Loss: 0.002425
2026-01-12 15:41:41,423 | INFO | Epoch: 36 	[14400/27762 (52%)]	Loss: 0.001781
2026-01-12 15:41:43,291 | INFO | Epoch: 36 	[16000/27762 (58%)]	Loss: 0.002693
2026-01-12 15:41:45,058 | INFO | Epoch: 36 	[17600/27762 (63%)]	Loss: 0.001219
2026-01-12 15:41:46,666 | INFO | Epoch: 36 	[19200/27762 (69%)]	Loss: 0.003498
2026-01-12 15:41:48,419 | INFO | Epoch: 36 	[20800/27762 (75%)]	Loss: 0.002200
2026-01-12 15:41:50,176 | INFO | Epoch: 36 	[22400/27762 (81%)]	Loss: 0.002344
2026-01-12 15:41:51,843 | INFO | Epoch: 36 	[24000/27762 (86%)]	Loss: 0.002576
2026-01-12 15:41:53,650 | INFO | Epoch: 36 	[25600/27762 (92%)]	Loss: 0.002640
2026-01-12 15:41:55,426 | INFO | Epoch: 36 	[27200/27762 (98%)]	Loss: 0.001222
2026-01-12 15:41:56,064 | INFO | Epoch: 36 	[27760/27762 (100%)]	Loss: 0.000898
2026-01-12 15:41:56,070 | INFO | Epoch: 36 	[0/6941 (0%)]	Validation loss: 0.002023
2026-01-12 15:41:56,567 | INFO | Epoch: 36 	[1600/6941 (23%)]	Validation loss: 0.002088
2026-01-12 15:41:57,075 | INFO | Epoch: 36 	[3200/6941 (46%)]	Validation loss: 0.002118
2026-01-12 15:41:57,632 | INFO | Epoch: 36 	[4800/6941 (69%)]	Validation loss: 0.001512
2026-01-12 15:41:58,128 | INFO | Epoch: 36 	[6400/6941 (92%)]	Validation loss: 0.002467
2026-01-12 15:41:58,304 | INFO | Epoch: 36 	[6928/6941 (100%)]	Validation loss: 0.002428
2026-01-12 15:41:58,305 | INFO | Epoch: 36 	EarlyStopping: 4 out of 5. Val loss: 0.002258
2026-01-12 15:41:58,328 | INFO | Epoch: 37 	[0/27762 (0%)]	Loss: 0.003432
2026-01-12 15:41:59,788 | INFO | Epoch: 37 	[1600/27762 (6%)]	Loss: 0.002412
2026-01-12 15:42:01,350 | INFO | Epoch: 37 	[3200/27762 (12%)]	Loss: 0.001796
2026-01-12 15:42:03,111 | INFO | Epoch: 37 	[4800/27762 (17%)]	Loss: 0.002262
2026-01-12 15:42:04,847 | INFO | Epoch: 37 	[6400/27762 (23%)]	Loss: 0.001531
2026-01-12 15:42:06,506 | INFO | Epoch: 37 	[8000/27762 (29%)]	Loss: 0.002347
2026-01-12 15:42:08,208 | INFO | Epoch: 37 	[9600/27762 (35%)]	Loss: 0.002836
2026-01-12 15:42:09,874 | INFO | Epoch: 37 	[11200/27762 (40%)]	Loss: 0.001821
2026-01-12 15:42:11,677 | INFO | Epoch: 37 	[12800/27762 (46%)]	Loss: 0.002396
2026-01-12 15:42:13,368 | INFO | Epoch: 37 	[14400/27762 (52%)]	Loss: 0.001766
2026-01-12 15:42:15,084 | INFO | Epoch: 37 	[16000/27762 (58%)]	Loss: 0.002677
2026-01-12 15:42:16,839 | INFO | Epoch: 37 	[17600/27762 (63%)]	Loss: 0.001200
2026-01-12 15:42:18,439 | INFO | Epoch: 37 	[19200/27762 (69%)]	Loss: 0.003470
2026-01-12 15:42:20,125 | INFO | Epoch: 37 	[20800/27762 (75%)]	Loss: 0.002184
2026-01-12 15:42:21,872 | INFO | Epoch: 37 	[22400/27762 (81%)]	Loss: 0.002326
2026-01-12 15:42:23,546 | INFO | Epoch: 37 	[24000/27762 (86%)]	Loss: 0.002542
2026-01-12 15:42:25,261 | INFO | Epoch: 37 	[25600/27762 (92%)]	Loss: 0.002617
2026-01-12 15:42:26,973 | INFO | Epoch: 37 	[27200/27762 (98%)]	Loss: 0.001214
2026-01-12 15:42:27,616 | INFO | Epoch: 37 	[27760/27762 (100%)]	Loss: 0.000894
2026-01-12 15:42:27,624 | INFO | Epoch: 37 	[0/6941 (0%)]	Validation loss: 0.002002
2026-01-12 15:42:28,136 | INFO | Epoch: 37 	[1600/6941 (23%)]	Validation loss: 0.002075
2026-01-12 15:42:28,658 | INFO | Epoch: 37 	[3200/6941 (46%)]	Validation loss: 0.002094
2026-01-12 15:42:29,172 | INFO | Epoch: 37 	[4800/6941 (69%)]	Validation loss: 0.001500
2026-01-12 15:42:29,681 | INFO | Epoch: 37 	[6400/6941 (92%)]	Validation loss: 0.002443
2026-01-12 15:42:29,855 | INFO | Epoch: 37 	[6928/6941 (100%)]	Validation loss: 0.002407
2026-01-12 15:42:29,856 | INFO | Epoch: 37 	EarlyStopping: 5 out of 5. Val loss: 0.002240
2026-01-12 15:42:29,856 | INFO | Early stopping! Validation loss hasn't improved for 5 epochs
2026-01-12 15:42:29,887 | INFO | Training completed. Train loss: 0.0021313202997853588, Training validation loss: 0.0022398298539216994
2026-01-12 15:42:30,174 | INFO | Testing labels: 
label
Normal    8733
Replay    2943
Name: count, dtype: int64
2026-01-12 15:42:30,333 | INFO | Test loss: 0.016796 	[0/11676 (0%)]
2026-01-12 15:42:32,533 | INFO | Validating completed. Validation loss: 0.0160175151588609
2026-01-12 15:42:33,269 | INFO | Testing labels: 
label
Normal    34703
Name: count, dtype: int64
2026-01-12 15:42:33,299 | INFO | Test loss: 0.002221 	[0/34703 (0%)]
2026-01-12 15:42:41,088 | INFO | Metrics 
{
    "AUCROC": 0.9842423038378062,
    "Accuracy": 0.9651421719767044,
    "TPR": 0.890587835541964,
    "FPR": 0.00973319592350853,
    "Precision": 0.9685883222468589,
    "F1-score": 0.9279518498849354,
    "optimal_threshold": 0.010235650464892387,
    "mean": 0.0023552612401545048,
    "std": 0.002544398419559002,
    "tpr_per_attack": {
        "Replay": 0.890587835541964,
        "Normal": 0.9902668040764915,
        "Attack": 0.890587835541964
    },
    "aucroc_per_attack": {
        "Replay": 0.9842423038378062
    },
    "resource_metrics": {
        "cpu_inference_time": 1.0977444648742676,
        "gpu_inference_time": null,
        "mps_inference_time": null,
        "model_size_mb": 9.84560775756836
    }
}
2026-01-12 15:42:41,090 | INFO | Execution completed.
2026-01-12 15:42:44,176 | INFO | Run artifacts saved.
2026-01-12 15:42:44,176 | INFO | Train and validation completed.
