2025-09-12 18:29:09,850 | INFO | Initiating training and validation...
2025-09-12 18:29:09,850 | INFO | [ RUN ID: tcn_pred_TOWIDS_20250912_182909 ]
2025-09-12 18:29:10,187 | INFO | Initializing pre processing...
2025-09-12 18:29:10,188 | INFO | Loading raw data...
2025-09-12 18:31:49,240 | INFO | Loading raw data finished in 159.05s with shape of (805528, 50)
2025-09-12 18:31:54,170 | INFO | Class distribution:
2025-09-12 18:31:54,213 | INFO | Counter({'Normal': 573929, 'CAN DoS': 150810, 'CAN Replay': 80726})
2025-09-12 18:31:54,215 | WARNING | >> Saving a subset of 0.1%
2025-09-12 18:31:54,215 | WARNING | >> Original shape: (409171,)
2025-09-12 18:31:54,222 | WARNING | >> Final shape: (40917,)
2025-09-12 18:31:54,272 | INFO | Saving data in cash file in batchs...
2025-09-12 18:31:54,773 | INFO | Batch 1/5 saved to data/tow-ids-dataset/processed/train_sliding-window_wsize_64_wstride_1_n_50_subset_0.1/batch_0.pt
2025-09-12 18:31:55,225 | INFO | Batch 2/5 saved to data/tow-ids-dataset/processed/train_sliding-window_wsize_64_wstride_1_n_50_subset_0.1/batch_1.pt
2025-09-12 18:31:55,682 | INFO | Batch 3/5 saved to data/tow-ids-dataset/processed/train_sliding-window_wsize_64_wstride_1_n_50_subset_0.1/batch_2.pt
2025-09-12 18:31:56,124 | INFO | Batch 4/5 saved to data/tow-ids-dataset/processed/train_sliding-window_wsize_64_wstride_1_n_50_subset_0.1/batch_3.pt
2025-09-12 18:31:56,166 | INFO | Batch 5/5 saved to data/tow-ids-dataset/processed/train_sliding-window_wsize_64_wstride_1_n_50_subset_0.1/batch_4.pt
2025-09-12 18:31:56,280 | INFO | Initializing finished in 166.09300923347473s
2025-09-12 18:31:56,281 | INFO | Loading cached data from: data/tow-ids-dataset/processed/train_sliding-window_wsize_64_wstride_1_n_50_subset_0.1
2025-09-12 18:31:56,760 | INFO | Data loaded successfully.
2025-09-12 18:31:56,872 | INFO | Using device: mps
2025-09-12 18:32:01,164 | INFO | Train size: 11368, Validation size: 2843
2025-09-12 18:32:01,169 | INFO | Train labels: 
label
Normal    11368
Name: count, dtype: int64
2025-09-12 18:32:01,170 | INFO | Validation labels: 
label
Normal    2843
Name: count, dtype: int64
2025-09-12 18:32:01,192 | INFO | Running for 10 epochs
2025-09-12 18:32:01,192 | INFO | -------------------- Training started -------------------
2025-09-12 18:32:01,628 | INFO | Epoch: 0 	[0/11368 (0%)]	Loss: 0.125716
2025-09-12 18:32:06,905 | INFO | Epoch: 0 	[1000/11368 (9%)]	Loss: 0.019914
2025-09-12 18:32:11,943 | INFO | Epoch: 0 	[2000/11368 (18%)]	Loss: 0.016406
2025-09-12 18:32:17,015 | INFO | Epoch: 0 	[3000/11368 (26%)]	Loss: 0.015752
2025-09-12 18:32:22,036 | INFO | Epoch: 0 	[4000/11368 (35%)]	Loss: 0.015932
2025-09-12 18:32:27,119 | INFO | Epoch: 0 	[5000/11368 (44%)]	Loss: 0.014179
2025-09-12 18:32:32,134 | INFO | Epoch: 0 	[6000/11368 (53%)]	Loss: 0.014675
2025-09-12 18:32:37,189 | INFO | Epoch: 0 	[7000/11368 (62%)]	Loss: 0.014648
2025-09-12 18:32:42,198 | INFO | Epoch: 0 	[8000/11368 (70%)]	Loss: 0.014320
2025-09-12 18:32:46,931 | INFO | Epoch: 0 	[9000/11368 (79%)]	Loss: 0.015000
2025-09-12 18:32:51,811 | INFO | Epoch: 0 	[10000/11368 (88%)]	Loss: 0.011492
2025-09-12 18:32:56,519 | INFO | Epoch: 0 	[11000/11368 (97%)]	Loss: 0.011373
2025-09-12 18:32:58,246 | INFO | Epoch: 0 	[11367/11368 (100%)]	Loss: 0.008663
2025-09-12 18:32:58,249 | INFO | Epoch: 0 	[0/2843 (0%)]	Validation loss: 0.007982
2025-09-12 18:33:00,855 | INFO | Epoch: 0 	[1000/2843 (35%)]	Validation loss: 0.012214
2025-09-12 18:33:03,816 | INFO | Epoch: 0 	[2000/2843 (70%)]	Validation loss: 0.011197
2025-09-12 18:33:06,283 | INFO | Epoch: 0 	[2842/2843 (100%)]	Validation loss: 0.010665
2025-09-12 18:33:06,310 | INFO | Epoch: 1 	[0/11368 (0%)]	Loss: 0.012802
2025-09-12 18:33:11,335 | INFO | Epoch: 1 	[1000/11368 (9%)]	Loss: 0.011512
2025-09-12 18:33:16,339 | INFO | Epoch: 1 	[2000/11368 (18%)]	Loss: 0.009875
2025-09-12 18:33:21,387 | INFO | Epoch: 1 	[3000/11368 (26%)]	Loss: 0.011304
2025-09-12 18:33:26,458 | INFO | Epoch: 1 	[4000/11368 (35%)]	Loss: 0.011642
2025-09-12 18:33:31,574 | INFO | Epoch: 1 	[5000/11368 (44%)]	Loss: 0.011273
2025-09-12 18:33:36,637 | INFO | Epoch: 1 	[6000/11368 (53%)]	Loss: 0.010882
2025-09-12 18:33:41,699 | INFO | Epoch: 1 	[7000/11368 (62%)]	Loss: 0.011558
2025-09-12 18:33:46,724 | INFO | Epoch: 1 	[8000/11368 (70%)]	Loss: 0.013272
2025-09-12 18:33:51,661 | INFO | Epoch: 1 	[9000/11368 (79%)]	Loss: 0.011769
2025-09-12 18:33:56,713 | INFO | Epoch: 1 	[10000/11368 (88%)]	Loss: 0.008762
2025-09-12 18:34:01,767 | INFO | Epoch: 1 	[11000/11368 (97%)]	Loss: 0.008881
2025-09-12 18:34:03,625 | INFO | Epoch: 1 	[11367/11368 (100%)]	Loss: 0.006165
2025-09-12 18:34:03,628 | INFO | Epoch: 1 	[0/2843 (0%)]	Validation loss: 0.005221
2025-09-12 18:34:06,320 | INFO | Epoch: 1 	[1000/2843 (35%)]	Validation loss: 0.008891
2025-09-12 18:34:09,172 | INFO | Epoch: 1 	[2000/2843 (70%)]	Validation loss: 0.009371
2025-09-12 18:34:11,575 | INFO | Epoch: 1 	[2842/2843 (100%)]	Validation loss: 0.007940
2025-09-12 18:34:11,598 | INFO | Epoch: 2 	[0/11368 (0%)]	Loss: 0.010812
2025-09-12 18:34:16,681 | INFO | Epoch: 2 	[1000/11368 (9%)]	Loss: 0.009495
2025-09-12 18:34:21,743 | INFO | Epoch: 2 	[2000/11368 (18%)]	Loss: 0.007449
2025-09-12 18:34:26,742 | INFO | Epoch: 2 	[3000/11368 (26%)]	Loss: 0.009974
2025-09-12 18:34:31,785 | INFO | Epoch: 2 	[4000/11368 (35%)]	Loss: 0.011140
2025-09-12 18:34:36,817 | INFO | Epoch: 2 	[5000/11368 (44%)]	Loss: 0.010184
2025-09-12 18:34:41,886 | INFO | Epoch: 2 	[6000/11368 (53%)]	Loss: 0.009413
2025-09-12 18:34:46,957 | INFO | Epoch: 2 	[7000/11368 (62%)]	Loss: 0.010281
2025-09-12 18:34:52,028 | INFO | Epoch: 2 	[8000/11368 (70%)]	Loss: 0.012424
2025-09-12 18:34:57,091 | INFO | Epoch: 2 	[9000/11368 (79%)]	Loss: 0.010973
2025-09-12 18:35:02,141 | INFO | Epoch: 2 	[10000/11368 (88%)]	Loss: 0.007885
2025-09-12 18:35:07,175 | INFO | Epoch: 2 	[11000/11368 (97%)]	Loss: 0.007803
2025-09-12 18:35:09,016 | INFO | Epoch: 2 	[11367/11368 (100%)]	Loss: 0.004857
2025-09-12 18:35:09,019 | INFO | Epoch: 2 	[0/2843 (0%)]	Validation loss: 0.004267
2025-09-12 18:35:12,040 | INFO | Epoch: 2 	[1000/2843 (35%)]	Validation loss: 0.008162
2025-09-12 18:35:15,210 | INFO | Epoch: 2 	[2000/2843 (70%)]	Validation loss: 0.008604
2025-09-12 18:35:17,821 | INFO | Epoch: 2 	[2842/2843 (100%)]	Validation loss: 0.007057
2025-09-12 18:35:17,846 | INFO | Epoch: 3 	[0/11368 (0%)]	Loss: 0.010440
2025-09-12 18:35:22,929 | INFO | Epoch: 3 	[1000/11368 (9%)]	Loss: 0.009430
2025-09-12 18:35:27,987 | INFO | Epoch: 3 	[2000/11368 (18%)]	Loss: 0.007100
2025-09-12 18:35:33,030 | INFO | Epoch: 3 	[3000/11368 (26%)]	Loss: 0.009514
2025-09-12 18:35:38,054 | INFO | Epoch: 3 	[4000/11368 (35%)]	Loss: 0.010878
2025-09-12 18:35:43,128 | INFO | Epoch: 3 	[5000/11368 (44%)]	Loss: 0.010040
2025-09-12 18:35:48,166 | INFO | Epoch: 3 	[6000/11368 (53%)]	Loss: 0.009202
2025-09-12 18:35:53,115 | INFO | Epoch: 3 	[7000/11368 (62%)]	Loss: 0.009601
2025-09-12 18:35:58,128 | INFO | Epoch: 3 	[8000/11368 (70%)]	Loss: 0.012849
2025-09-12 18:36:03,181 | INFO | Epoch: 3 	[9000/11368 (79%)]	Loss: 0.010542
2025-09-12 18:36:08,280 | INFO | Epoch: 3 	[10000/11368 (88%)]	Loss: 0.007300
2025-09-12 18:36:13,312 | INFO | Epoch: 3 	[11000/11368 (97%)]	Loss: 0.006659
2025-09-12 18:36:15,157 | INFO | Epoch: 3 	[11367/11368 (100%)]	Loss: 0.004542
2025-09-12 18:36:15,160 | INFO | Epoch: 3 	[0/2843 (0%)]	Validation loss: 0.003905
2025-09-12 18:36:18,092 | INFO | Epoch: 3 	[1000/2843 (35%)]	Validation loss: 0.007624
2025-09-12 18:36:21,241 | INFO | Epoch: 3 	[2000/2843 (70%)]	Validation loss: 0.008031
2025-09-12 18:36:23,986 | INFO | Epoch: 3 	[2842/2843 (100%)]	Validation loss: 0.006495
2025-09-12 18:36:24,008 | INFO | Epoch: 4 	[0/11368 (0%)]	Loss: 0.009662
2025-09-12 18:36:29,084 | INFO | Epoch: 4 	[1000/11368 (9%)]	Loss: 0.008888
2025-09-12 18:36:34,107 | INFO | Epoch: 4 	[2000/11368 (18%)]	Loss: 0.006582
2025-09-12 18:36:39,186 | INFO | Epoch: 4 	[3000/11368 (26%)]	Loss: 0.008849
2025-09-12 18:36:44,226 | INFO | Epoch: 4 	[4000/11368 (35%)]	Loss: 0.009885
2025-09-12 18:36:49,254 | INFO | Epoch: 4 	[5000/11368 (44%)]	Loss: 0.009669
2025-09-12 18:36:54,306 | INFO | Epoch: 4 	[6000/11368 (53%)]	Loss: 0.008435
2025-09-12 18:36:59,353 | INFO | Epoch: 4 	[7000/11368 (62%)]	Loss: 0.009218
2025-09-12 18:37:04,388 | INFO | Epoch: 4 	[8000/11368 (70%)]	Loss: 0.011846
2025-09-12 18:37:09,475 | INFO | Epoch: 4 	[9000/11368 (79%)]	Loss: 0.011279
2025-09-12 18:37:14,582 | INFO | Epoch: 4 	[10000/11368 (88%)]	Loss: 0.006995
2025-09-12 18:37:19,693 | INFO | Epoch: 4 	[11000/11368 (97%)]	Loss: 0.006730
2025-09-12 18:37:21,576 | INFO | Epoch: 4 	[11367/11368 (100%)]	Loss: 0.003987
2025-09-12 18:37:21,580 | INFO | Epoch: 4 	[0/2843 (0%)]	Validation loss: 0.003577
2025-09-12 18:37:24,784 | INFO | Epoch: 4 	[1000/2843 (35%)]	Validation loss: 0.007095
2025-09-12 18:37:27,759 | INFO | Epoch: 4 	[2000/2843 (70%)]	Validation loss: 0.007726
2025-09-12 18:37:30,631 | INFO | Epoch: 4 	[2842/2843 (100%)]	Validation loss: 0.005960
2025-09-12 18:37:30,654 | INFO | Epoch: 5 	[0/11368 (0%)]	Loss: 0.009386
2025-09-12 18:37:35,739 | INFO | Epoch: 5 	[1000/11368 (9%)]	Loss: 0.008433
2025-09-12 18:37:40,833 | INFO | Epoch: 5 	[2000/11368 (18%)]	Loss: 0.006763
2025-09-12 18:37:45,873 | INFO | Epoch: 5 	[3000/11368 (26%)]	Loss: 0.008365
2025-09-12 18:37:50,927 | INFO | Epoch: 5 	[4000/11368 (35%)]	Loss: 0.010205
2025-09-12 18:37:56,017 | INFO | Epoch: 5 	[5000/11368 (44%)]	Loss: 0.009303
2025-09-12 18:38:01,077 | INFO | Epoch: 5 	[6000/11368 (53%)]	Loss: 0.008064
2025-09-12 18:38:06,171 | INFO | Epoch: 5 	[7000/11368 (62%)]	Loss: 0.009244
2025-09-12 18:38:11,264 | INFO | Epoch: 5 	[8000/11368 (70%)]	Loss: 0.011568
2025-09-12 18:38:16,373 | INFO | Epoch: 5 	[9000/11368 (79%)]	Loss: 0.010257
2025-09-12 18:38:21,467 | INFO | Epoch: 5 	[10000/11368 (88%)]	Loss: 0.006984
2025-09-12 18:38:26,539 | INFO | Epoch: 5 	[11000/11368 (97%)]	Loss: 0.005944
2025-09-12 18:38:28,420 | INFO | Epoch: 5 	[11367/11368 (100%)]	Loss: 0.003989
2025-09-12 18:38:28,423 | INFO | Epoch: 5 	[0/2843 (0%)]	Validation loss: 0.003418
2025-09-12 18:38:31,464 | INFO | Epoch: 5 	[1000/2843 (35%)]	Validation loss: 0.007002
2025-09-12 18:38:34,908 | INFO | Epoch: 5 	[2000/2843 (70%)]	Validation loss: 0.007328
2025-09-12 18:38:37,524 | INFO | Epoch: 5 	[2842/2843 (100%)]	Validation loss: 0.005674
2025-09-12 18:38:37,548 | INFO | Epoch: 6 	[0/11368 (0%)]	Loss: 0.009010
2025-09-12 18:38:42,696 | INFO | Epoch: 6 	[1000/11368 (9%)]	Loss: 0.007984
2025-09-12 18:38:47,434 | INFO | Epoch: 6 	[2000/11368 (18%)]	Loss: 0.006490
2025-09-12 18:38:52,167 | INFO | Epoch: 6 	[3000/11368 (26%)]	Loss: 0.008333
2025-09-12 18:38:56,895 | INFO | Epoch: 6 	[4000/11368 (35%)]	Loss: 0.009893
2025-09-12 18:39:01,827 | INFO | Epoch: 6 	[5000/11368 (44%)]	Loss: 0.009205
2025-09-12 18:39:06,739 | INFO | Epoch: 6 	[6000/11368 (53%)]	Loss: 0.007849
2025-09-12 18:39:11,613 | INFO | Epoch: 6 	[7000/11368 (62%)]	Loss: 0.008700
2025-09-12 18:39:16,604 | INFO | Epoch: 6 	[8000/11368 (70%)]	Loss: 0.011149
2025-09-12 18:39:21,515 | INFO | Epoch: 6 	[9000/11368 (79%)]	Loss: 0.009962
2025-09-12 18:39:26,396 | INFO | Epoch: 6 	[10000/11368 (88%)]	Loss: 0.006598
2025-09-12 18:39:31,350 | INFO | Epoch: 6 	[11000/11368 (97%)]	Loss: 0.006037
2025-09-12 18:39:33,170 | INFO | Epoch: 6 	[11367/11368 (100%)]	Loss: 0.003633
2025-09-12 18:39:33,173 | INFO | Epoch: 6 	[0/2843 (0%)]	Validation loss: 0.003202
2025-09-12 18:39:36,190 | INFO | Epoch: 6 	[1000/2843 (35%)]	Validation loss: 0.006881
2025-09-12 18:39:39,344 | INFO | Epoch: 6 	[2000/2843 (70%)]	Validation loss: 0.007329
2025-09-12 18:39:41,839 | INFO | Epoch: 6 	[2842/2843 (100%)]	Validation loss: 0.005334
2025-09-12 18:39:41,856 | INFO | Epoch: 7 	[0/11368 (0%)]	Loss: 0.008669
2025-09-12 18:39:46,840 | INFO | Epoch: 7 	[1000/11368 (9%)]	Loss: 0.007456
2025-09-12 18:39:51,799 | INFO | Epoch: 7 	[2000/11368 (18%)]	Loss: 0.006346
2025-09-12 18:39:56,799 | INFO | Epoch: 7 	[3000/11368 (26%)]	Loss: 0.008305
2025-09-12 18:40:01,829 | INFO | Epoch: 7 	[4000/11368 (35%)]	Loss: 0.009413
2025-09-12 18:40:06,782 | INFO | Epoch: 7 	[5000/11368 (44%)]	Loss: 0.008771
2025-09-12 18:40:11,704 | INFO | Epoch: 7 	[6000/11368 (53%)]	Loss: 0.008042
2025-09-12 18:40:16,656 | INFO | Epoch: 7 	[7000/11368 (62%)]	Loss: 0.008871
2025-09-12 18:40:21,676 | INFO | Epoch: 7 	[8000/11368 (70%)]	Loss: 0.010785
2025-09-12 18:40:26,700 | INFO | Epoch: 7 	[9000/11368 (79%)]	Loss: 0.010220
2025-09-12 18:40:31,679 | INFO | Epoch: 7 	[10000/11368 (88%)]	Loss: 0.006155
2025-09-12 18:40:36,649 | INFO | Epoch: 7 	[11000/11368 (97%)]	Loss: 0.005884
2025-09-12 18:40:38,440 | INFO | Epoch: 7 	[11367/11368 (100%)]	Loss: 0.003538
2025-09-12 18:40:38,444 | INFO | Epoch: 7 	[0/2843 (0%)]	Validation loss: 0.003157
2025-09-12 18:40:41,449 | INFO | Epoch: 7 	[1000/2843 (35%)]	Validation loss: 0.006644
2025-09-12 18:40:44,570 | INFO | Epoch: 7 	[2000/2843 (70%)]	Validation loss: 0.007140
2025-09-12 18:40:47,211 | INFO | Epoch: 7 	[2842/2843 (100%)]	Validation loss: 0.005286
2025-09-12 18:40:47,233 | INFO | Epoch: 8 	[0/11368 (0%)]	Loss: 0.009094
2025-09-12 18:40:52,178 | INFO | Epoch: 8 	[1000/11368 (9%)]	Loss: 0.007118
2025-09-12 18:40:57,145 | INFO | Epoch: 8 	[2000/11368 (18%)]	Loss: 0.005840
2025-09-12 18:41:02,162 | INFO | Epoch: 8 	[3000/11368 (26%)]	Loss: 0.008230
2025-09-12 18:41:07,150 | INFO | Epoch: 8 	[4000/11368 (35%)]	Loss: 0.009849
2025-09-12 18:41:12,119 | INFO | Epoch: 8 	[5000/11368 (44%)]	Loss: 0.008739
2025-09-12 18:41:17,093 | INFO | Epoch: 8 	[6000/11368 (53%)]	Loss: 0.007435
2025-09-12 18:41:22,099 | INFO | Epoch: 8 	[7000/11368 (62%)]	Loss: 0.008608
2025-09-12 18:41:27,087 | INFO | Epoch: 8 	[8000/11368 (70%)]	Loss: 0.010636
2025-09-12 18:41:32,068 | INFO | Epoch: 8 	[9000/11368 (79%)]	Loss: 0.010213
2025-09-12 18:41:37,069 | INFO | Epoch: 8 	[10000/11368 (88%)]	Loss: 0.006595
2025-09-12 18:41:42,094 | INFO | Epoch: 8 	[11000/11368 (97%)]	Loss: 0.005854
2025-09-12 18:41:43,950 | INFO | Epoch: 8 	[11367/11368 (100%)]	Loss: 0.003595
2025-09-12 18:41:43,952 | INFO | Epoch: 8 	[0/2843 (0%)]	Validation loss: 0.003027
2025-09-12 18:41:46,988 | INFO | Epoch: 8 	[1000/2843 (35%)]	Validation loss: 0.006507
2025-09-12 18:41:50,296 | INFO | Epoch: 8 	[2000/2843 (70%)]	Validation loss: 0.007097
2025-09-12 18:41:53,018 | INFO | Epoch: 8 	[2842/2843 (100%)]	Validation loss: 0.005087
2025-09-12 18:41:53,041 | INFO | Epoch: 9 	[0/11368 (0%)]	Loss: 0.008750
2025-09-12 18:41:58,099 | INFO | Epoch: 9 	[1000/11368 (9%)]	Loss: 0.007193
2025-09-12 18:42:03,133 | INFO | Epoch: 9 	[2000/11368 (18%)]	Loss: 0.006561
2025-09-12 18:42:08,171 | INFO | Epoch: 9 	[3000/11368 (26%)]	Loss: 0.007566
2025-09-12 18:42:13,210 | INFO | Epoch: 9 	[4000/11368 (35%)]	Loss: 0.009736
2025-09-12 18:42:18,229 | INFO | Epoch: 9 	[5000/11368 (44%)]	Loss: 0.008819
2025-09-12 18:42:23,245 | INFO | Epoch: 9 	[6000/11368 (53%)]	Loss: 0.007268
2025-09-12 18:42:28,259 | INFO | Epoch: 9 	[7000/11368 (62%)]	Loss: 0.008602
2025-09-12 18:42:33,275 | INFO | Epoch: 9 	[8000/11368 (70%)]	Loss: 0.010394
2025-09-12 18:42:38,306 | INFO | Epoch: 9 	[9000/11368 (79%)]	Loss: 0.009870
2025-09-12 18:42:43,331 | INFO | Epoch: 9 	[10000/11368 (88%)]	Loss: 0.006267
2025-09-12 18:42:48,353 | INFO | Epoch: 9 	[11000/11368 (97%)]	Loss: 0.005385
2025-09-12 18:42:50,206 | INFO | Epoch: 9 	[11367/11368 (100%)]	Loss: 0.003635
2025-09-12 18:42:50,209 | INFO | Epoch: 9 	[0/2843 (0%)]	Validation loss: 0.002947
2025-09-12 18:42:53,225 | INFO | Epoch: 9 	[1000/2843 (35%)]	Validation loss: 0.006461
2025-09-12 18:42:56,415 | INFO | Epoch: 9 	[2000/2843 (70%)]	Validation loss: 0.007006
2025-09-12 18:42:59,105 | INFO | Epoch: 9 	[2842/2843 (100%)]	Validation loss: 0.005022
2025-09-12 18:42:59,142 | INFO | Training completed. Train loss: 0.0077696610099579, Training validation loss: 0.007076740689851499
2025-09-12 18:42:59,211 | INFO | Testing labels: 
label
Normal        3518
CAN DoS       3055
CAN Replay    1611
Name: count, dtype: int64
2025-09-12 18:42:59,255 | INFO | Test loss: 0.015896 	[0/8184 (0%)]
2025-09-12 18:43:01,001 | INFO | Validating completed. Validation loss: 0.017980007498408668
2025-09-12 18:43:01,058 | INFO | Metrics 
{
    "AUCROC": 0.9999502893331387,
    "Accuracy": 0.9997556207233627,
    "TPR": 0.9995713673381912,
    "FPR": 0.0,
    "Precision": 1.0,
    "F1-score": 0.99978563772776,
    "optimal_threshold": 0.01615508273243904,
    "tpr_per_attack": {
        "CAN DoS": 0.9996726677577742,
        "CAN Replay": 0.9993792675356921
    },
    "aucroc_per_attack": {
        "CAN DoS": 1.0,
        "CAN Replay": 0.9998560211225482
    }
}
2025-09-12 18:43:01,058 | INFO | Execution completed.
2025-09-12 18:43:03,657 | INFO | Run artifacts saved.
2025-09-12 18:43:03,657 | INFO | Train and validation completed.
