2026-01-27 19:16:16,488 | INFO | Initiating training and validation...
2026-01-27 19:16:16,488 | INFO | [ RUN ID: lstmae_AEID_20260127_191616 ]
2026-01-27 19:16:16,872 | INFO | Initializing pre processing...
2026-01-27 19:16:16,873 | INFO | Loaded data from cash
2026-01-27 19:16:17,792 | INFO | Class distribution:
2026-01-27 19:16:17,795 | INFO | Counter({'Normal': 41324, 'Replay': 14917})
2026-01-27 19:16:17,796 | INFO | Saving data in cash file in batchs...
2026-01-27 19:16:18,214 | INFO | Batch 1/6 saved to data/autoeth-intrusion-dataset/processed/train_sliding-window_wsize_40_wstride_16_n_58_None/batch_0.pt
2026-01-27 19:16:18,572 | INFO | Batch 2/6 saved to data/autoeth-intrusion-dataset/processed/train_sliding-window_wsize_40_wstride_16_n_58_None/batch_1.pt
2026-01-27 19:16:18,936 | INFO | Batch 3/6 saved to data/autoeth-intrusion-dataset/processed/train_sliding-window_wsize_40_wstride_16_n_58_None/batch_2.pt
2026-01-27 19:16:19,256 | INFO | Batch 4/6 saved to data/autoeth-intrusion-dataset/processed/train_sliding-window_wsize_40_wstride_16_n_58_None/batch_3.pt
2026-01-27 19:16:19,813 | INFO | Batch 5/6 saved to data/autoeth-intrusion-dataset/processed/train_sliding-window_wsize_40_wstride_16_n_58_None/batch_4.pt
2026-01-27 19:16:20,003 | INFO | Batch 6/6 saved to data/autoeth-intrusion-dataset/processed/train_sliding-window_wsize_40_wstride_16_n_58_None/batch_5.pt
2026-01-27 19:16:20,064 | INFO | Initializing finished in 3.191455841064453s
2026-01-27 19:16:20,064 | INFO | Loading cached data from: data/autoeth-intrusion-dataset/processed/train_sliding-window_wsize_40_wstride_16_n_58_None
2026-01-27 19:16:20,615 | INFO | Data loaded successfully.
2026-01-27 19:16:20,814 | INFO | Using device: mps
2026-01-27 19:16:24,386 | INFO | Train size: 26437, Validation size: 6610
2026-01-27 19:16:24,394 | INFO | Train labels: 
label
Normal    26437
Name: count, dtype: int64
2026-01-27 19:16:24,395 | INFO | Validation labels: 
label
Normal    6610
Name: count, dtype: int64
2026-01-27 19:16:24,414 | INFO | Running for 250 epochs
2026-01-27 19:16:24,414 | INFO | -------------------- Training started -------------------
2026-01-27 19:16:24,790 | INFO | Epoch: 0 	[0/26437 (0%)]	Loss: 0.213069
2026-01-27 19:16:26,410 | INFO | Epoch: 0 	[1600/26437 (6%)]	Loss: 0.185137
2026-01-27 19:16:28,011 | INFO | Epoch: 0 	[3200/26437 (12%)]	Loss: 0.140062
2026-01-27 19:16:29,637 | INFO | Epoch: 0 	[4800/26437 (18%)]	Loss: 0.073211
2026-01-27 19:16:31,251 | INFO | Epoch: 0 	[6400/26437 (24%)]	Loss: 0.036886
2026-01-27 19:16:32,853 | INFO | Epoch: 0 	[8000/26437 (30%)]	Loss: 0.023138
2026-01-27 19:16:34,468 | INFO | Epoch: 0 	[9600/26437 (36%)]	Loss: 0.017002
2026-01-27 19:16:36,073 | INFO | Epoch: 0 	[11200/26437 (42%)]	Loss: 0.016457
2026-01-27 19:16:37,648 | INFO | Epoch: 0 	[12800/26437 (48%)]	Loss: 0.014675
2026-01-27 19:16:39,357 | INFO | Epoch: 0 	[14400/26437 (54%)]	Loss: 0.014231
2026-01-27 19:16:40,967 | INFO | Epoch: 0 	[16000/26437 (60%)]	Loss: 0.012568
2026-01-27 19:16:42,588 | INFO | Epoch: 0 	[17600/26437 (67%)]	Loss: 0.012765
2026-01-27 19:16:44,203 | INFO | Epoch: 0 	[19200/26437 (73%)]	Loss: 0.012561
2026-01-27 19:16:45,799 | INFO | Epoch: 0 	[20800/26437 (79%)]	Loss: 0.011819
2026-01-27 19:16:47,399 | INFO | Epoch: 0 	[22400/26437 (85%)]	Loss: 0.013135
2026-01-27 19:16:49,002 | INFO | Epoch: 0 	[24000/26437 (91%)]	Loss: 0.010863
2026-01-27 19:16:50,592 | INFO | Epoch: 0 	[25600/26437 (97%)]	Loss: 0.011336
2026-01-27 19:16:52,547 | INFO | Epoch: 0 	[26432/26437 (100%)]	Loss: 0.011857
2026-01-27 19:16:52,553 | INFO | Epoch: 0 	[0/6610 (0%)]	Validation loss: 0.011631
2026-01-27 19:16:53,201 | INFO | Epoch: 0 	[1600/6610 (24%)]	Validation loss: 0.011644
2026-01-27 19:16:53,789 | INFO | Epoch: 0 	[3200/6610 (48%)]	Validation loss: 0.012131
2026-01-27 19:16:54,376 | INFO | Epoch: 0 	[4800/6610 (72%)]	Validation loss: 0.012063
2026-01-27 19:16:54,961 | INFO | Epoch: 0 	[6400/6610 (97%)]	Validation loss: 0.011206
2026-01-27 19:16:55,074 | INFO | Epoch: 0 	[6608/6610 (100%)]	Validation loss: 0.010051
2026-01-27 19:16:55,082 | INFO | Epoch: 0 	EarlyStopping: 0 out of 5. Val loss: 0.011337
2026-01-27 19:16:55,102 | INFO | Epoch: 1 	[0/26437 (0%)]	Loss: 0.012178
2026-01-27 19:16:56,722 | INFO | Epoch: 1 	[1600/26437 (6%)]	Loss: 0.010750
2026-01-27 19:16:58,342 | INFO | Epoch: 1 	[3200/26437 (12%)]	Loss: 0.010544
2026-01-27 19:16:59,936 | INFO | Epoch: 1 	[4800/26437 (18%)]	Loss: 0.010972
2026-01-27 19:17:01,593 | INFO | Epoch: 1 	[6400/26437 (24%)]	Loss: 0.010743
2026-01-27 19:17:03,235 | INFO | Epoch: 1 	[8000/26437 (30%)]	Loss: 0.011163
2026-01-27 19:17:04,868 | INFO | Epoch: 1 	[9600/26437 (36%)]	Loss: 0.010220
2026-01-27 19:17:06,521 | INFO | Epoch: 1 	[11200/26437 (42%)]	Loss: 0.011202
2026-01-27 19:17:08,097 | INFO | Epoch: 1 	[12800/26437 (48%)]	Loss: 0.010480
2026-01-27 19:17:09,579 | INFO | Epoch: 1 	[14400/26437 (54%)]	Loss: 0.010542
2026-01-27 19:17:11,063 | INFO | Epoch: 1 	[16000/26437 (60%)]	Loss: 0.009386
2026-01-27 19:17:12,656 | INFO | Epoch: 1 	[17600/26437 (67%)]	Loss: 0.009961
2026-01-27 19:17:14,294 | INFO | Epoch: 1 	[19200/26437 (73%)]	Loss: 0.009938
2026-01-27 19:17:16,040 | INFO | Epoch: 1 	[20800/26437 (79%)]	Loss: 0.009497
2026-01-27 19:17:17,739 | INFO | Epoch: 1 	[22400/26437 (85%)]	Loss: 0.010945
2026-01-27 19:17:19,348 | INFO | Epoch: 1 	[24000/26437 (91%)]	Loss: 0.008911
2026-01-27 19:17:20,993 | INFO | Epoch: 1 	[25600/26437 (97%)]	Loss: 0.009548
2026-01-27 19:17:21,840 | INFO | Epoch: 1 	[26432/26437 (100%)]	Loss: 0.010038
2026-01-27 19:17:21,851 | INFO | Epoch: 1 	[0/6610 (0%)]	Validation loss: 0.009890
2026-01-27 19:17:22,407 | INFO | Epoch: 1 	[1600/6610 (24%)]	Validation loss: 0.009950
2026-01-27 19:17:22,968 | INFO | Epoch: 1 	[3200/6610 (48%)]	Validation loss: 0.010440
2026-01-27 19:17:23,519 | INFO | Epoch: 1 	[4800/6610 (72%)]	Validation loss: 0.010318
2026-01-27 19:17:24,081 | INFO | Epoch: 1 	[6400/6610 (97%)]	Validation loss: 0.009559
2026-01-27 19:17:24,157 | INFO | Epoch: 1 	[6608/6610 (100%)]	Validation loss: 0.008334
2026-01-27 19:17:24,167 | INFO | Epoch: 1 	EarlyStopping: 0 out of 5. Val loss: 0.009607
2026-01-27 19:17:24,191 | INFO | Epoch: 2 	[0/26437 (0%)]	Loss: 0.010421
2026-01-27 19:17:25,851 | INFO | Epoch: 2 	[1600/26437 (6%)]	Loss: 0.009160
2026-01-27 19:17:27,440 | INFO | Epoch: 2 	[3200/26437 (12%)]	Loss: 0.009020
2026-01-27 19:17:29,026 | INFO | Epoch: 2 	[4800/26437 (18%)]	Loss: 0.009625
2026-01-27 19:17:30,736 | INFO | Epoch: 2 	[6400/26437 (24%)]	Loss: 0.009460
2026-01-27 19:17:32,690 | INFO | Epoch: 2 	[8000/26437 (30%)]	Loss: 0.009974
2026-01-27 19:17:34,329 | INFO | Epoch: 2 	[9600/26437 (36%)]	Loss: 0.009166
2026-01-27 19:17:35,932 | INFO | Epoch: 2 	[11200/26437 (42%)]	Loss: 0.010147
2026-01-27 19:17:37,536 | INFO | Epoch: 2 	[12800/26437 (48%)]	Loss: 0.009489
2026-01-27 19:17:39,158 | INFO | Epoch: 2 	[14400/26437 (54%)]	Loss: 0.009612
2026-01-27 19:17:40,753 | INFO | Epoch: 2 	[16000/26437 (60%)]	Loss: 0.008548
2026-01-27 19:17:42,359 | INFO | Epoch: 2 	[17600/26437 (67%)]	Loss: 0.009188
2026-01-27 19:17:43,967 | INFO | Epoch: 2 	[19200/26437 (73%)]	Loss: 0.009182
2026-01-27 19:17:45,571 | INFO | Epoch: 2 	[20800/26437 (79%)]	Loss: 0.008825
2026-01-27 19:17:47,157 | INFO | Epoch: 2 	[22400/26437 (85%)]	Loss: 0.010283
2026-01-27 19:17:48,769 | INFO | Epoch: 2 	[24000/26437 (91%)]	Loss: 0.008312
2026-01-27 19:17:50,371 | INFO | Epoch: 2 	[25600/26437 (97%)]	Loss: 0.008992
2026-01-27 19:17:51,189 | INFO | Epoch: 2 	[26432/26437 (100%)]	Loss: 0.009472
2026-01-27 19:17:51,197 | INFO | Epoch: 2 	[0/6610 (0%)]	Validation loss: 0.009335
2026-01-27 19:17:51,769 | INFO | Epoch: 2 	[1600/6610 (24%)]	Validation loss: 0.009418
2026-01-27 19:17:52,384 | INFO | Epoch: 2 	[3200/6610 (48%)]	Validation loss: 0.009911
2026-01-27 19:17:53,045 | INFO | Epoch: 2 	[4800/6610 (72%)]	Validation loss: 0.009766
2026-01-27 19:17:53,660 | INFO | Epoch: 2 	[6400/6610 (97%)]	Validation loss: 0.009048
2026-01-27 19:17:53,743 | INFO | Epoch: 2 	[6608/6610 (100%)]	Validation loss: 0.007777
2026-01-27 19:17:53,755 | INFO | Epoch: 2 	EarlyStopping: 0 out of 5. Val loss: 0.009059
2026-01-27 19:17:53,771 | INFO | Epoch: 3 	[0/26437 (0%)]	Loss: 0.009863
2026-01-27 19:17:55,360 | INFO | Epoch: 3 	[1600/26437 (6%)]	Loss: 0.008642
2026-01-27 19:17:56,983 | INFO | Epoch: 3 	[3200/26437 (12%)]	Loss: 0.008530
2026-01-27 19:17:58,593 | INFO | Epoch: 3 	[4800/26437 (18%)]	Loss: 0.009177
2026-01-27 19:18:00,195 | INFO | Epoch: 3 	[6400/26437 (24%)]	Loss: 0.009026
2026-01-27 19:18:01,781 | INFO | Epoch: 3 	[8000/26437 (30%)]	Loss: 0.009577
2026-01-27 19:18:03,384 | INFO | Epoch: 3 	[9600/26437 (36%)]	Loss: 0.008821
2026-01-27 19:18:04,987 | INFO | Epoch: 3 	[11200/26437 (42%)]	Loss: 0.009797
2026-01-27 19:18:06,581 | INFO | Epoch: 3 	[12800/26437 (48%)]	Loss: 0.009142
2026-01-27 19:18:08,191 | INFO | Epoch: 3 	[14400/26437 (54%)]	Loss: 0.009296
2026-01-27 19:18:09,782 | INFO | Epoch: 3 	[16000/26437 (60%)]	Loss: 0.008271
2026-01-27 19:18:11,371 | INFO | Epoch: 3 	[17600/26437 (67%)]	Loss: 0.008920
2026-01-27 19:18:12,981 | INFO | Epoch: 3 	[19200/26437 (73%)]	Loss: 0.008927
2026-01-27 19:18:14,454 | INFO | Epoch: 3 	[20800/26437 (79%)]	Loss: 0.008608
2026-01-27 19:18:15,875 | INFO | Epoch: 3 	[22400/26437 (85%)]	Loss: 0.010059
2026-01-27 19:18:17,477 | INFO | Epoch: 3 	[24000/26437 (91%)]	Loss: 0.008113
2026-01-27 19:18:19,071 | INFO | Epoch: 3 	[25600/26437 (97%)]	Loss: 0.008810
2026-01-27 19:18:19,921 | INFO | Epoch: 3 	[26432/26437 (100%)]	Loss: 0.009295
2026-01-27 19:18:19,927 | INFO | Epoch: 3 	[0/6610 (0%)]	Validation loss: 0.009146
2026-01-27 19:18:20,555 | INFO | Epoch: 3 	[1600/6610 (24%)]	Validation loss: 0.009243
2026-01-27 19:18:21,172 | INFO | Epoch: 3 	[3200/6610 (48%)]	Validation loss: 0.009742
2026-01-27 19:18:21,768 | INFO | Epoch: 3 	[4800/6610 (72%)]	Validation loss: 0.009583
2026-01-27 19:18:22,448 | INFO | Epoch: 3 	[6400/6610 (97%)]	Validation loss: 0.008882
2026-01-27 19:18:22,532 | INFO | Epoch: 3 	[6608/6610 (100%)]	Validation loss: 0.007577
2026-01-27 19:18:22,540 | INFO | Epoch: 3 	EarlyStopping: 0 out of 5. Val loss: 0.008877
2026-01-27 19:18:22,558 | INFO | Epoch: 4 	[0/26437 (0%)]	Loss: 0.009675
2026-01-27 19:18:24,161 | INFO | Epoch: 4 	[1600/26437 (6%)]	Loss: 0.008463
2026-01-27 19:18:25,762 | INFO | Epoch: 4 	[3200/26437 (12%)]	Loss: 0.008370
2026-01-27 19:18:27,324 | INFO | Epoch: 4 	[4800/26437 (18%)]	Loss: 0.008991
2026-01-27 19:18:28,935 | INFO | Epoch: 4 	[6400/26437 (24%)]	Loss: 0.008735
2026-01-27 19:18:30,537 | INFO | Epoch: 4 	[8000/26437 (30%)]	Loss: 0.009317
2026-01-27 19:18:32,140 | INFO | Epoch: 4 	[9600/26437 (36%)]	Loss: 0.008570
2026-01-27 19:18:33,728 | INFO | Epoch: 4 	[11200/26437 (42%)]	Loss: 0.009454
2026-01-27 19:18:35,338 | INFO | Epoch: 4 	[12800/26437 (48%)]	Loss: 0.008945
2026-01-27 19:18:36,939 | INFO | Epoch: 4 	[14400/26437 (54%)]	Loss: 0.009048
2026-01-27 19:18:38,543 | INFO | Epoch: 4 	[16000/26437 (60%)]	Loss: 0.007952
2026-01-27 19:18:40,156 | INFO | Epoch: 4 	[17600/26437 (67%)]	Loss: 0.008580
2026-01-27 19:18:41,764 | INFO | Epoch: 4 	[19200/26437 (73%)]	Loss: 0.008449
2026-01-27 19:18:43,356 | INFO | Epoch: 4 	[20800/26437 (79%)]	Loss: 0.008075
2026-01-27 19:18:55,233 | INFO | Epoch: 4 	[22400/26437 (85%)]	Loss: 0.009150
2026-01-27 19:18:56,825 | INFO | Epoch: 4 	[24000/26437 (91%)]	Loss: 0.007750
2026-01-27 19:18:58,431 | INFO | Epoch: 4 	[25600/26437 (97%)]	Loss: 0.008144
2026-01-27 19:18:59,256 | INFO | Epoch: 4 	[26432/26437 (100%)]	Loss: 0.008606
2026-01-27 19:18:59,262 | INFO | Epoch: 4 	[0/6610 (0%)]	Validation loss: 0.008046
2026-01-27 19:18:59,889 | INFO | Epoch: 4 	[1600/6610 (24%)]	Validation loss: 0.008791
2026-01-27 19:19:00,499 | INFO | Epoch: 4 	[3200/6610 (48%)]	Validation loss: 0.008767
2026-01-27 19:19:01,109 | INFO | Epoch: 4 	[4800/6610 (72%)]	Validation loss: 0.008726
2026-01-27 19:19:01,700 | INFO | Epoch: 4 	[6400/6610 (97%)]	Validation loss: 0.007780
2026-01-27 19:19:01,783 | INFO | Epoch: 4 	[6608/6610 (100%)]	Validation loss: 0.007045
2026-01-27 19:19:01,788 | INFO | Epoch: 4 	EarlyStopping: 0 out of 5. Val loss: 0.007944
2026-01-27 19:19:01,806 | INFO | Epoch: 5 	[0/26437 (0%)]	Loss: 0.008809
2026-01-27 19:19:03,396 | INFO | Epoch: 5 	[1600/26437 (6%)]	Loss: 0.007186
2026-01-27 19:19:04,993 | INFO | Epoch: 5 	[3200/26437 (12%)]	Loss: 0.007966
2026-01-27 19:19:06,567 | INFO | Epoch: 5 	[4800/26437 (18%)]	Loss: 0.007691
2026-01-27 19:19:08,165 | INFO | Epoch: 5 	[6400/26437 (24%)]	Loss: 0.007423
2026-01-27 19:19:09,776 | INFO | Epoch: 5 	[8000/26437 (30%)]	Loss: 0.007918
2026-01-27 19:19:11,371 | INFO | Epoch: 5 	[9600/26437 (36%)]	Loss: 0.007376
2026-01-27 19:19:12,965 | INFO | Epoch: 5 	[11200/26437 (42%)]	Loss: 0.007781
2026-01-27 19:19:14,655 | INFO | Epoch: 5 	[12800/26437 (48%)]	Loss: 0.008347
2026-01-27 19:19:16,250 | INFO | Epoch: 5 	[14400/26437 (54%)]	Loss: 0.008514
2026-01-27 19:19:17,869 | INFO | Epoch: 5 	[16000/26437 (60%)]	Loss: 0.006828
2026-01-27 19:19:19,487 | INFO | Epoch: 5 	[17600/26437 (67%)]	Loss: 0.007510
2026-01-27 19:19:21,097 | INFO | Epoch: 5 	[19200/26437 (73%)]	Loss: 0.007188
2026-01-27 19:19:22,709 | INFO | Epoch: 5 	[20800/26437 (79%)]	Loss: 0.007122
2026-01-27 19:19:24,317 | INFO | Epoch: 5 	[22400/26437 (85%)]	Loss: 0.008173
2026-01-27 19:19:25,930 | INFO | Epoch: 5 	[24000/26437 (91%)]	Loss: 0.007312
2026-01-27 19:19:27,538 | INFO | Epoch: 5 	[25600/26437 (97%)]	Loss: 0.007700
2026-01-27 19:19:28,381 | INFO | Epoch: 5 	[26432/26437 (100%)]	Loss: 0.008259
2026-01-27 19:19:28,387 | INFO | Epoch: 5 	[0/6610 (0%)]	Validation loss: 0.007256
2026-01-27 19:19:29,005 | INFO | Epoch: 5 	[1600/6610 (24%)]	Validation loss: 0.008607
2026-01-27 19:19:29,682 | INFO | Epoch: 5 	[3200/6610 (48%)]	Validation loss: 0.008334
2026-01-27 19:19:30,351 | INFO | Epoch: 5 	[4800/6610 (72%)]	Validation loss: 0.008293
2026-01-27 19:19:31,022 | INFO | Epoch: 5 	[6400/6610 (97%)]	Validation loss: 0.007284
2026-01-27 19:19:31,104 | INFO | Epoch: 5 	[6608/6610 (100%)]	Validation loss: 0.006667
2026-01-27 19:19:31,109 | INFO | Epoch: 5 	EarlyStopping: 0 out of 5. Val loss: 0.007493
2026-01-27 19:19:31,127 | INFO | Epoch: 6 	[0/26437 (0%)]	Loss: 0.008518
2026-01-27 19:19:32,740 | INFO | Epoch: 6 	[1600/26437 (6%)]	Loss: 0.006403
2026-01-27 19:19:34,330 | INFO | Epoch: 6 	[3200/26437 (12%)]	Loss: 0.007701
2026-01-27 19:19:35,936 | INFO | Epoch: 6 	[4800/26437 (18%)]	Loss: 0.007496
2026-01-27 19:19:37,541 | INFO | Epoch: 6 	[6400/26437 (24%)]	Loss: 0.007439
2026-01-27 19:19:39,157 | INFO | Epoch: 6 	[8000/26437 (30%)]	Loss: 0.007515
2026-01-27 19:19:40,761 | INFO | Epoch: 6 	[9600/26437 (36%)]	Loss: 0.007289
2026-01-27 19:19:42,342 | INFO | Epoch: 6 	[11200/26437 (42%)]	Loss: 0.007660
2026-01-27 19:19:43,910 | INFO | Epoch: 6 	[12800/26437 (48%)]	Loss: 0.008175
2026-01-27 19:19:45,503 | INFO | Epoch: 6 	[14400/26437 (54%)]	Loss: 0.008374
2026-01-27 19:19:47,100 | INFO | Epoch: 6 	[16000/26437 (60%)]	Loss: 0.006619
2026-01-27 19:19:48,693 | INFO | Epoch: 6 	[17600/26437 (67%)]	Loss: 0.007226
2026-01-27 19:19:50,296 | INFO | Epoch: 6 	[19200/26437 (73%)]	Loss: 0.006958
2026-01-27 19:19:51,896 | INFO | Epoch: 6 	[20800/26437 (79%)]	Loss: 0.006881
2026-01-27 19:19:53,509 | INFO | Epoch: 6 	[22400/26437 (85%)]	Loss: 0.007717
2026-01-27 19:19:55,111 | INFO | Epoch: 6 	[24000/26437 (91%)]	Loss: 0.006783
2026-01-27 19:19:56,681 | INFO | Epoch: 6 	[25600/26437 (97%)]	Loss: 0.006223
2026-01-27 19:19:57,509 | INFO | Epoch: 6 	[26432/26437 (100%)]	Loss: 0.006757
2026-01-27 19:19:57,514 | INFO | Epoch: 6 	[0/6610 (0%)]	Validation loss: 0.006797
2026-01-27 19:19:58,154 | INFO | Epoch: 6 	[1600/6610 (24%)]	Validation loss: 0.007501
2026-01-27 19:19:58,827 | INFO | Epoch: 6 	[3200/6610 (48%)]	Validation loss: 0.006933
2026-01-27 19:19:59,506 | INFO | Epoch: 6 	[4800/6610 (72%)]	Validation loss: 0.007338
2026-01-27 19:20:00,169 | INFO | Epoch: 6 	[6400/6610 (97%)]	Validation loss: 0.006540
2026-01-27 19:20:00,248 | INFO | Epoch: 6 	[6608/6610 (100%)]	Validation loss: 0.006082
2026-01-27 19:20:00,253 | INFO | Epoch: 6 	EarlyStopping: 0 out of 5. Val loss: 0.006674
2026-01-27 19:20:00,271 | INFO | Epoch: 7 	[0/26437 (0%)]	Loss: 0.007789
2026-01-27 19:20:01,875 | INFO | Epoch: 7 	[1600/26437 (6%)]	Loss: 0.005956
2026-01-27 19:20:03,582 | INFO | Epoch: 7 	[3200/26437 (12%)]	Loss: 0.006106
2026-01-27 19:20:05,176 | INFO | Epoch: 7 	[4800/26437 (18%)]	Loss: 0.006632
2026-01-27 19:20:06,779 | INFO | Epoch: 7 	[6400/26437 (24%)]	Loss: 0.006198
2026-01-27 19:20:08,373 | INFO | Epoch: 7 	[8000/26437 (30%)]	Loss: 0.006556
2026-01-27 19:20:09,984 | INFO | Epoch: 7 	[9600/26437 (36%)]	Loss: 0.006230
2026-01-27 19:20:11,562 | INFO | Epoch: 7 	[11200/26437 (42%)]	Loss: 0.006849
2026-01-27 19:20:13,174 | INFO | Epoch: 7 	[12800/26437 (48%)]	Loss: 0.007053
2026-01-27 19:20:14,766 | INFO | Epoch: 7 	[14400/26437 (54%)]	Loss: 0.007418
2026-01-27 19:20:16,371 | INFO | Epoch: 7 	[16000/26437 (60%)]	Loss: 0.005642
2026-01-27 19:20:17,955 | INFO | Epoch: 7 	[17600/26437 (67%)]	Loss: 0.005796
2026-01-27 19:20:19,574 | INFO | Epoch: 7 	[19200/26437 (73%)]	Loss: 0.006097
2026-01-27 19:20:21,172 | INFO | Epoch: 7 	[20800/26437 (79%)]	Loss: 0.006149
2026-01-27 19:20:22,757 | INFO | Epoch: 7 	[22400/26437 (85%)]	Loss: 0.006680
2026-01-27 19:20:24,361 | INFO | Epoch: 7 	[24000/26437 (91%)]	Loss: 0.006233
2026-01-27 19:20:25,979 | INFO | Epoch: 7 	[25600/26437 (97%)]	Loss: 0.005432
2026-01-27 19:20:26,813 | INFO | Epoch: 7 	[26432/26437 (100%)]	Loss: 0.005694
2026-01-27 19:20:26,821 | INFO | Epoch: 7 	[0/6610 (0%)]	Validation loss: 0.006625
2026-01-27 19:20:27,446 | INFO | Epoch: 7 	[1600/6610 (24%)]	Validation loss: 0.007031
2026-01-27 19:20:28,041 | INFO | Epoch: 7 	[3200/6610 (48%)]	Validation loss: 0.006213
2026-01-27 19:20:28,659 | INFO | Epoch: 7 	[4800/6610 (72%)]	Validation loss: 0.006911
2026-01-27 19:20:29,305 | INFO | Epoch: 7 	[6400/6610 (97%)]	Validation loss: 0.006187
2026-01-27 19:20:29,388 | INFO | Epoch: 7 	[6608/6610 (100%)]	Validation loss: 0.006051
2026-01-27 19:20:29,395 | INFO | Epoch: 7 	EarlyStopping: 0 out of 5. Val loss: 0.006234
2026-01-27 19:20:29,415 | INFO | Epoch: 8 	[0/26437 (0%)]	Loss: 0.007238
2026-01-27 19:20:31,092 | INFO | Epoch: 8 	[1600/26437 (6%)]	Loss: 0.005601
2026-01-27 19:20:32,702 | INFO | Epoch: 8 	[3200/26437 (12%)]	Loss: 0.005875
2026-01-27 19:20:34,319 | INFO | Epoch: 8 	[4800/26437 (18%)]	Loss: 0.006487
2026-01-27 19:20:35,916 | INFO | Epoch: 8 	[6400/26437 (24%)]	Loss: 0.006037
2026-01-27 19:20:37,510 | INFO | Epoch: 8 	[8000/26437 (30%)]	Loss: 0.006492
2026-01-27 19:20:39,110 | INFO | Epoch: 8 	[9600/26437 (36%)]	Loss: 0.005943
2026-01-27 19:20:40,723 | INFO | Epoch: 8 	[11200/26437 (42%)]	Loss: 0.006568
2026-01-27 19:20:42,333 | INFO | Epoch: 8 	[12800/26437 (48%)]	Loss: 0.006736
2026-01-27 19:20:43,921 | INFO | Epoch: 8 	[14400/26437 (54%)]	Loss: 0.007056
2026-01-27 19:20:45,498 | INFO | Epoch: 8 	[16000/26437 (60%)]	Loss: 0.005631
2026-01-27 19:20:47,101 | INFO | Epoch: 8 	[17600/26437 (67%)]	Loss: 0.005564
2026-01-27 19:20:48,717 | INFO | Epoch: 8 	[19200/26437 (73%)]	Loss: 0.005963
2026-01-27 19:20:50,321 | INFO | Epoch: 8 	[20800/26437 (79%)]	Loss: 0.005908
2026-01-27 19:20:51,942 | INFO | Epoch: 8 	[22400/26437 (85%)]	Loss: 0.006673
2026-01-27 19:20:53,537 | INFO | Epoch: 8 	[24000/26437 (91%)]	Loss: 0.005863
2026-01-27 19:20:55,130 | INFO | Epoch: 8 	[25600/26437 (97%)]	Loss: 0.005442
2026-01-27 19:20:55,961 | INFO | Epoch: 8 	[26432/26437 (100%)]	Loss: 0.005331
2026-01-27 19:20:55,968 | INFO | Epoch: 8 	[0/6610 (0%)]	Validation loss: 0.006366
2026-01-27 19:20:56,552 | INFO | Epoch: 8 	[1600/6610 (24%)]	Validation loss: 0.006890
2026-01-27 19:20:57,134 | INFO | Epoch: 8 	[3200/6610 (48%)]	Validation loss: 0.006129
2026-01-27 19:20:57,792 | INFO | Epoch: 8 	[4800/6610 (72%)]	Validation loss: 0.006752
2026-01-27 19:20:58,508 | INFO | Epoch: 8 	[6400/6610 (97%)]	Validation loss: 0.006151
2026-01-27 19:20:58,587 | INFO | Epoch: 8 	[6608/6610 (100%)]	Validation loss: 0.006139
2026-01-27 19:20:58,594 | INFO | Epoch: 8 	EarlyStopping: 0 out of 5. Val loss: 0.006116
2026-01-27 19:20:58,611 | INFO | Epoch: 9 	[0/26437 (0%)]	Loss: 0.007088
2026-01-27 19:21:00,226 | INFO | Epoch: 9 	[1600/26437 (6%)]	Loss: 0.005388
2026-01-27 19:21:01,818 | INFO | Epoch: 9 	[3200/26437 (12%)]	Loss: 0.005911
2026-01-27 19:21:03,424 | INFO | Epoch: 9 	[4800/26437 (18%)]	Loss: 0.006492
2026-01-27 19:21:05,026 | INFO | Epoch: 9 	[6400/26437 (24%)]	Loss: 0.006034
2026-01-27 19:21:06,642 | INFO | Epoch: 9 	[8000/26437 (30%)]	Loss: 0.006398
2026-01-27 19:21:08,254 | INFO | Epoch: 9 	[9600/26437 (36%)]	Loss: 0.005808
2026-01-27 19:21:09,851 | INFO | Epoch: 9 	[11200/26437 (42%)]	Loss: 0.006389
2026-01-27 19:21:11,441 | INFO | Epoch: 9 	[12800/26437 (48%)]	Loss: 0.006562
2026-01-27 19:21:13,036 | INFO | Epoch: 9 	[14400/26437 (54%)]	Loss: 0.006760
2026-01-27 19:21:14,651 | INFO | Epoch: 9 	[16000/26437 (60%)]	Loss: 0.005704
2026-01-27 19:21:16,260 | INFO | Epoch: 9 	[17600/26437 (67%)]	Loss: 0.005516
2026-01-27 19:21:17,823 | INFO | Epoch: 9 	[19200/26437 (73%)]	Loss: 0.005891
2026-01-27 19:21:19,435 | INFO | Epoch: 9 	[20800/26437 (79%)]	Loss: 0.005741
2026-01-27 19:21:21,037 | INFO | Epoch: 9 	[22400/26437 (85%)]	Loss: 0.006692
2026-01-27 19:21:22,638 | INFO | Epoch: 9 	[24000/26437 (91%)]	Loss: 0.005632
2026-01-27 19:21:24,241 | INFO | Epoch: 9 	[25600/26437 (97%)]	Loss: 0.005537
2026-01-27 19:21:25,080 | INFO | Epoch: 9 	[26432/26437 (100%)]	Loss: 0.005236
2026-01-27 19:21:25,087 | INFO | Epoch: 9 	[0/6610 (0%)]	Validation loss: 0.006161
2026-01-27 19:21:25,746 | INFO | Epoch: 9 	[1600/6610 (24%)]	Validation loss: 0.006844
2026-01-27 19:21:26,418 | INFO | Epoch: 9 	[3200/6610 (48%)]	Validation loss: 0.006140
2026-01-27 19:21:27,047 | INFO | Epoch: 9 	[4800/6610 (72%)]	Validation loss: 0.006679
2026-01-27 19:21:27,696 | INFO | Epoch: 9 	[6400/6610 (97%)]	Validation loss: 0.006125
2026-01-27 19:21:27,780 | INFO | Epoch: 9 	[6608/6610 (100%)]	Validation loss: 0.006211
2026-01-27 19:21:27,781 | INFO | Epoch: 9 	EarlyStopping: 1 out of 5. Val loss: 0.006065
2026-01-27 19:21:27,798 | INFO | Epoch: 10 	[0/26437 (0%)]	Loss: 0.007039
2026-01-27 19:21:29,408 | INFO | Epoch: 10 	[1600/26437 (6%)]	Loss: 0.005275
2026-01-27 19:21:31,004 | INFO | Epoch: 10 	[3200/26437 (12%)]	Loss: 0.005945
2026-01-27 19:21:32,599 | INFO | Epoch: 10 	[4800/26437 (18%)]	Loss: 0.006506
2026-01-27 19:21:34,193 | INFO | Epoch: 10 	[6400/26437 (24%)]	Loss: 0.006035
2026-01-27 19:21:35,786 | INFO | Epoch: 10 	[8000/26437 (30%)]	Loss: 0.006328
2026-01-27 19:21:37,391 | INFO | Epoch: 10 	[9600/26437 (36%)]	Loss: 0.005740
2026-01-27 19:21:39,001 | INFO | Epoch: 10 	[11200/26437 (42%)]	Loss: 0.006298
2026-01-27 19:21:40,603 | INFO | Epoch: 10 	[12800/26437 (48%)]	Loss: 0.006480
2026-01-27 19:21:42,192 | INFO | Epoch: 10 	[14400/26437 (54%)]	Loss: 0.006587
2026-01-27 19:21:43,789 | INFO | Epoch: 10 	[16000/26437 (60%)]	Loss: 0.005748
2026-01-27 19:21:45,394 | INFO | Epoch: 10 	[17600/26437 (67%)]	Loss: 0.005519
2026-01-27 19:21:47,023 | INFO | Epoch: 10 	[19200/26437 (73%)]	Loss: 0.005855
2026-01-27 19:21:48,641 | INFO | Epoch: 10 	[20800/26437 (79%)]	Loss: 0.005646
2026-01-27 19:21:50,243 | INFO | Epoch: 10 	[22400/26437 (85%)]	Loss: 0.006696
2026-01-27 19:21:51,846 | INFO | Epoch: 10 	[24000/26437 (91%)]	Loss: 0.005529
2026-01-27 19:21:53,560 | INFO | Epoch: 10 	[25600/26437 (97%)]	Loss: 0.005594
2026-01-27 19:21:54,400 | INFO | Epoch: 10 	[26432/26437 (100%)]	Loss: 0.005227
2026-01-27 19:21:54,406 | INFO | Epoch: 10 	[0/6610 (0%)]	Validation loss: 0.006046
2026-01-27 19:21:55,001 | INFO | Epoch: 10 	[1600/6610 (24%)]	Validation loss: 0.006829
2026-01-27 19:21:55,607 | INFO | Epoch: 10 	[3200/6610 (48%)]	Validation loss: 0.006148
2026-01-27 19:21:56,289 | INFO | Epoch: 10 	[4800/6610 (72%)]	Validation loss: 0.006651
2026-01-27 19:21:56,894 | INFO | Epoch: 10 	[6400/6610 (97%)]	Validation loss: 0.006097
2026-01-27 19:21:56,974 | INFO | Epoch: 10 	[6608/6610 (100%)]	Validation loss: 0.006250
2026-01-27 19:21:56,974 | INFO | Epoch: 10 	EarlyStopping: 2 out of 5. Val loss: 0.006040
2026-01-27 19:21:56,991 | INFO | Epoch: 11 	[0/26437 (0%)]	Loss: 0.007025
2026-01-27 19:21:58,592 | INFO | Epoch: 11 	[1600/26437 (6%)]	Loss: 0.005214
2026-01-27 19:22:00,196 | INFO | Epoch: 11 	[3200/26437 (12%)]	Loss: 0.005959
2026-01-27 19:22:01,791 | INFO | Epoch: 11 	[4800/26437 (18%)]	Loss: 0.006512
2026-01-27 19:22:03,384 | INFO | Epoch: 11 	[6400/26437 (24%)]	Loss: 0.006019
2026-01-27 19:22:04,984 | INFO | Epoch: 11 	[8000/26437 (30%)]	Loss: 0.006284
2026-01-27 19:22:06,581 | INFO | Epoch: 11 	[9600/26437 (36%)]	Loss: 0.005697
2026-01-27 19:22:08,176 | INFO | Epoch: 11 	[11200/26437 (42%)]	Loss: 0.006255
2026-01-27 19:22:09,787 | INFO | Epoch: 11 	[12800/26437 (48%)]	Loss: 0.006433
2026-01-27 19:22:11,400 | INFO | Epoch: 11 	[14400/26437 (54%)]	Loss: 0.006485
2026-01-27 19:22:12,999 | INFO | Epoch: 11 	[16000/26437 (60%)]	Loss: 0.005770
2026-01-27 19:22:14,610 | INFO | Epoch: 11 	[17600/26437 (67%)]	Loss: 0.005524
2026-01-27 19:22:16,205 | INFO | Epoch: 11 	[19200/26437 (73%)]	Loss: 0.005831
2026-01-27 19:22:17,804 | INFO | Epoch: 11 	[20800/26437 (79%)]	Loss: 0.005582
2026-01-27 19:22:19,409 | INFO | Epoch: 11 	[22400/26437 (85%)]	Loss: 0.006684
2026-01-27 19:22:21,026 | INFO | Epoch: 11 	[24000/26437 (91%)]	Loss: 0.005484
2026-01-27 19:22:22,628 | INFO | Epoch: 11 	[25600/26437 (97%)]	Loss: 0.005626
2026-01-27 19:22:23,473 | INFO | Epoch: 11 	[26432/26437 (100%)]	Loss: 0.005228
2026-01-27 19:22:23,479 | INFO | Epoch: 11 	[0/6610 (0%)]	Validation loss: 0.005971
2026-01-27 19:22:24,060 | INFO | Epoch: 11 	[1600/6610 (24%)]	Validation loss: 0.006822
2026-01-27 19:22:24,645 | INFO | Epoch: 11 	[3200/6610 (48%)]	Validation loss: 0.006144
2026-01-27 19:22:25,293 | INFO | Epoch: 11 	[4800/6610 (72%)]	Validation loss: 0.006635
2026-01-27 19:22:25,944 | INFO | Epoch: 11 	[6400/6610 (97%)]	Validation loss: 0.006048
2026-01-27 19:22:26,028 | INFO | Epoch: 11 	[6608/6610 (100%)]	Validation loss: 0.006277
2026-01-27 19:22:26,029 | INFO | Epoch: 11 	EarlyStopping: 3 out of 5. Val loss: 0.006017
2026-01-27 19:22:26,047 | INFO | Epoch: 12 	[0/26437 (0%)]	Loss: 0.007017
2026-01-27 19:22:27,637 | INFO | Epoch: 12 	[1600/26437 (6%)]	Loss: 0.005173
2026-01-27 19:22:29,233 | INFO | Epoch: 12 	[3200/26437 (12%)]	Loss: 0.005961
2026-01-27 19:22:30,826 | INFO | Epoch: 12 	[4800/26437 (18%)]	Loss: 0.006504
2026-01-27 19:22:32,421 | INFO | Epoch: 12 	[6400/26437 (24%)]	Loss: 0.005963
2026-01-27 19:22:34,031 | INFO | Epoch: 12 	[8000/26437 (30%)]	Loss: 0.006222
2026-01-27 19:22:35,642 | INFO | Epoch: 12 	[9600/26437 (36%)]	Loss: 0.005627
2026-01-27 19:22:37,229 | INFO | Epoch: 12 	[11200/26437 (42%)]	Loss: 0.006221
2026-01-27 19:22:38,831 | INFO | Epoch: 12 	[12800/26437 (48%)]	Loss: 0.006386
2026-01-27 19:22:40,415 | INFO | Epoch: 12 	[14400/26437 (54%)]	Loss: 0.006294
2026-01-27 19:22:42,000 | INFO | Epoch: 12 	[16000/26437 (60%)]	Loss: 0.005740
2026-01-27 19:22:43,606 | INFO | Epoch: 12 	[17600/26437 (67%)]	Loss: 0.005095
2026-01-27 19:22:45,296 | INFO | Epoch: 12 	[19200/26437 (73%)]	Loss: 0.005179
2026-01-27 19:22:46,890 | INFO | Epoch: 12 	[20800/26437 (79%)]	Loss: 0.004646
2026-01-27 19:22:48,498 | INFO | Epoch: 12 	[22400/26437 (85%)]	Loss: 0.005587
2026-01-27 19:22:50,111 | INFO | Epoch: 12 	[24000/26437 (91%)]	Loss: 0.004523
2026-01-27 19:22:51,718 | INFO | Epoch: 12 	[25600/26437 (97%)]	Loss: 0.004808
2026-01-27 19:22:52,535 | INFO | Epoch: 12 	[26432/26437 (100%)]	Loss: 0.004284
2026-01-27 19:22:52,541 | INFO | Epoch: 12 	[0/6610 (0%)]	Validation loss: 0.004970
2026-01-27 19:22:53,206 | INFO | Epoch: 12 	[1600/6610 (24%)]	Validation loss: 0.006031
2026-01-27 19:22:53,905 | INFO | Epoch: 12 	[3200/6610 (48%)]	Validation loss: 0.005088
2026-01-27 19:22:54,529 | INFO | Epoch: 12 	[4800/6610 (72%)]	Validation loss: 0.005447
2026-01-27 19:22:55,202 | INFO | Epoch: 12 	[6400/6610 (97%)]	Validation loss: 0.004948
2026-01-27 19:22:55,283 | INFO | Epoch: 12 	[6608/6610 (100%)]	Validation loss: 0.005020
2026-01-27 19:22:55,290 | INFO | Epoch: 12 	EarlyStopping: 0 out of 5. Val loss: 0.005158
2026-01-27 19:22:55,310 | INFO | Epoch: 13 	[0/26437 (0%)]	Loss: 0.006015
2026-01-27 19:22:56,920 | INFO | Epoch: 13 	[1600/26437 (6%)]	Loss: 0.004493
2026-01-27 19:22:58,525 | INFO | Epoch: 13 	[3200/26437 (12%)]	Loss: 0.004789
2026-01-27 19:23:00,128 | INFO | Epoch: 13 	[4800/26437 (18%)]	Loss: 0.005542
2026-01-27 19:23:01,738 | INFO | Epoch: 13 	[6400/26437 (24%)]	Loss: 0.005051
2026-01-27 19:23:03,349 | INFO | Epoch: 13 	[8000/26437 (30%)]	Loss: 0.004885
2026-01-27 19:23:04,957 | INFO | Epoch: 13 	[9600/26437 (36%)]	Loss: 0.004671
2026-01-27 19:23:06,563 | INFO | Epoch: 13 	[11200/26437 (42%)]	Loss: 0.005129
2026-01-27 19:23:08,156 | INFO | Epoch: 13 	[12800/26437 (48%)]	Loss: 0.005833
2026-01-27 19:23:09,767 | INFO | Epoch: 13 	[14400/26437 (54%)]	Loss: 0.005249
2026-01-27 19:23:11,371 | INFO | Epoch: 13 	[16000/26437 (60%)]	Loss: 0.004936
2026-01-27 19:23:12,955 | INFO | Epoch: 13 	[17600/26437 (67%)]	Loss: 0.004685
2026-01-27 19:23:14,565 | INFO | Epoch: 13 	[19200/26437 (73%)]	Loss: 0.004919
2026-01-27 19:23:16,178 | INFO | Epoch: 13 	[20800/26437 (79%)]	Loss: 0.004392
2026-01-27 19:23:17,789 | INFO | Epoch: 13 	[22400/26437 (85%)]	Loss: 0.005394
2026-01-27 19:23:19,383 | INFO | Epoch: 13 	[24000/26437 (91%)]	Loss: 0.004371
2026-01-27 19:23:20,981 | INFO | Epoch: 13 	[25600/26437 (97%)]	Loss: 0.004732
2026-01-27 19:23:21,804 | INFO | Epoch: 13 	[26432/26437 (100%)]	Loss: 0.004146
2026-01-27 19:23:21,809 | INFO | Epoch: 13 	[0/6610 (0%)]	Validation loss: 0.004829
2026-01-27 19:23:22,444 | INFO | Epoch: 13 	[1600/6610 (24%)]	Validation loss: 0.005935
2026-01-27 19:23:23,139 | INFO | Epoch: 13 	[3200/6610 (48%)]	Validation loss: 0.005056
2026-01-27 19:23:23,747 | INFO | Epoch: 13 	[4800/6610 (72%)]	Validation loss: 0.005331
2026-01-27 19:23:24,353 | INFO | Epoch: 13 	[6400/6610 (97%)]	Validation loss: 0.004825
2026-01-27 19:23:24,435 | INFO | Epoch: 13 	[6608/6610 (100%)]	Validation loss: 0.004631
2026-01-27 19:23:24,435 | INFO | Epoch: 13 	EarlyStopping: 1 out of 5. Val loss: 0.005060
2026-01-27 19:23:24,452 | INFO | Epoch: 14 	[0/26437 (0%)]	Loss: 0.005903
2026-01-27 19:23:26,043 | INFO | Epoch: 14 	[1600/26437 (6%)]	Loss: 0.004366
2026-01-27 19:23:27,652 | INFO | Epoch: 14 	[3200/26437 (12%)]	Loss: 0.004731
2026-01-27 19:23:29,248 | INFO | Epoch: 14 	[4800/26437 (18%)]	Loss: 0.005447
2026-01-27 19:23:30,849 | INFO | Epoch: 14 	[6400/26437 (24%)]	Loss: 0.005017
2026-01-27 19:23:32,443 | INFO | Epoch: 14 	[8000/26437 (30%)]	Loss: 0.004849
2026-01-27 19:23:34,030 | INFO | Epoch: 14 	[9600/26437 (36%)]	Loss: 0.004607
2026-01-27 19:23:35,630 | INFO | Epoch: 14 	[11200/26437 (42%)]	Loss: 0.005058
2026-01-27 19:23:37,231 | INFO | Epoch: 14 	[12800/26437 (48%)]	Loss: 0.005793
2026-01-27 19:23:38,912 | INFO | Epoch: 14 	[14400/26437 (54%)]	Loss: 0.005191
2026-01-27 19:23:40,522 | INFO | Epoch: 14 	[16000/26437 (60%)]	Loss: 0.004872
2026-01-27 19:23:42,117 | INFO | Epoch: 14 	[17600/26437 (67%)]	Loss: 0.004617
2026-01-27 19:23:43,740 | INFO | Epoch: 14 	[19200/26437 (73%)]	Loss: 0.004896
2026-01-27 19:23:45,336 | INFO | Epoch: 14 	[20800/26437 (79%)]	Loss: 0.004364
2026-01-27 19:23:46,950 | INFO | Epoch: 14 	[22400/26437 (85%)]	Loss: 0.005354
2026-01-27 19:23:48,567 | INFO | Epoch: 14 	[24000/26437 (91%)]	Loss: 0.004329
2026-01-27 19:23:50,169 | INFO | Epoch: 14 	[25600/26437 (97%)]	Loss: 0.004716
2026-01-27 19:23:51,004 | INFO | Epoch: 14 	[26432/26437 (100%)]	Loss: 0.004119
2026-01-27 19:23:51,010 | INFO | Epoch: 14 	[0/6610 (0%)]	Validation loss: 0.004808
2026-01-27 19:23:51,618 | INFO | Epoch: 14 	[1600/6610 (24%)]	Validation loss: 0.005911
2026-01-27 19:23:52,275 | INFO | Epoch: 14 	[3200/6610 (48%)]	Validation loss: 0.005058
2026-01-27 19:23:52,985 | INFO | Epoch: 14 	[4800/6610 (72%)]	Validation loss: 0.005302
2026-01-27 19:23:53,693 | INFO | Epoch: 14 	[6400/6610 (97%)]	Validation loss: 0.004787
2026-01-27 19:23:53,782 | INFO | Epoch: 14 	[6608/6610 (100%)]	Validation loss: 0.004465
2026-01-27 19:23:53,791 | INFO | Epoch: 14 	EarlyStopping: 0 out of 5. Val loss: 0.005028
2026-01-27 19:23:53,811 | INFO | Epoch: 15 	[0/26437 (0%)]	Loss: 0.005861
2026-01-27 19:23:55,413 | INFO | Epoch: 15 	[1600/26437 (6%)]	Loss: 0.004311
2026-01-27 19:23:57,029 | INFO | Epoch: 15 	[3200/26437 (12%)]	Loss: 0.004724
2026-01-27 19:23:58,615 | INFO | Epoch: 15 	[4800/26437 (18%)]	Loss: 0.005410
2026-01-27 19:24:00,228 | INFO | Epoch: 15 	[6400/26437 (24%)]	Loss: 0.005001
2026-01-27 19:24:01,834 | INFO | Epoch: 15 	[8000/26437 (30%)]	Loss: 0.004836
2026-01-27 19:24:03,441 | INFO | Epoch: 15 	[9600/26437 (36%)]	Loss: 0.004579
2026-01-27 19:24:05,046 | INFO | Epoch: 15 	[11200/26437 (42%)]	Loss: 0.005026
2026-01-27 19:24:06,635 | INFO | Epoch: 15 	[12800/26437 (48%)]	Loss: 0.005761
2026-01-27 19:24:08,247 | INFO | Epoch: 15 	[14400/26437 (54%)]	Loss: 0.005160
2026-01-27 19:24:09,842 | INFO | Epoch: 15 	[16000/26437 (60%)]	Loss: 0.004843
2026-01-27 19:24:11,445 | INFO | Epoch: 15 	[17600/26437 (67%)]	Loss: 0.004579
2026-01-27 19:24:13,055 | INFO | Epoch: 15 	[19200/26437 (73%)]	Loss: 0.004882
2026-01-27 19:24:14,658 | INFO | Epoch: 15 	[20800/26437 (79%)]	Loss: 0.004350
2026-01-27 19:24:16,277 | INFO | Epoch: 15 	[22400/26437 (85%)]	Loss: 0.005330
2026-01-27 19:24:17,879 | INFO | Epoch: 15 	[24000/26437 (91%)]	Loss: 0.004306
2026-01-27 19:24:19,472 | INFO | Epoch: 15 	[25600/26437 (97%)]	Loss: 0.004703
2026-01-27 19:24:20,316 | INFO | Epoch: 15 	[26432/26437 (100%)]	Loss: 0.004113
2026-01-27 19:24:20,322 | INFO | Epoch: 15 	[0/6610 (0%)]	Validation loss: 0.004799
2026-01-27 19:24:20,983 | INFO | Epoch: 15 	[1600/6610 (24%)]	Validation loss: 0.005897
2026-01-27 19:24:21,583 | INFO | Epoch: 15 	[3200/6610 (48%)]	Validation loss: 0.005055
2026-01-27 19:24:22,228 | INFO | Epoch: 15 	[4800/6610 (72%)]	Validation loss: 0.005287
2026-01-27 19:24:22,895 | INFO | Epoch: 15 	[6400/6610 (97%)]	Validation loss: 0.004764
2026-01-27 19:24:22,979 | INFO | Epoch: 15 	[6608/6610 (100%)]	Validation loss: 0.004372
2026-01-27 19:24:22,980 | INFO | Epoch: 15 	EarlyStopping: 1 out of 5. Val loss: 0.005009
2026-01-27 19:24:22,997 | INFO | Epoch: 16 	[0/26437 (0%)]	Loss: 0.005829
2026-01-27 19:24:24,611 | INFO | Epoch: 16 	[1600/26437 (6%)]	Loss: 0.004280
2026-01-27 19:24:26,204 | INFO | Epoch: 16 	[3200/26437 (12%)]	Loss: 0.004721
2026-01-27 19:24:27,817 | INFO | Epoch: 16 	[4800/26437 (18%)]	Loss: 0.005385
2026-01-27 19:24:29,429 | INFO | Epoch: 16 	[6400/26437 (24%)]	Loss: 0.004990
2026-01-27 19:24:31,023 | INFO | Epoch: 16 	[8000/26437 (30%)]	Loss: 0.004830
2026-01-27 19:24:32,715 | INFO | Epoch: 16 	[9600/26437 (36%)]	Loss: 0.004563
2026-01-27 19:24:34,338 | INFO | Epoch: 16 	[11200/26437 (42%)]	Loss: 0.005006
2026-01-27 19:24:35,941 | INFO | Epoch: 16 	[12800/26437 (48%)]	Loss: 0.005733
2026-01-27 19:24:37,553 | INFO | Epoch: 16 	[14400/26437 (54%)]	Loss: 0.005138
2026-01-27 19:24:39,161 | INFO | Epoch: 16 	[16000/26437 (60%)]	Loss: 0.004826
2026-01-27 19:24:40,768 | INFO | Epoch: 16 	[17600/26437 (67%)]	Loss: 0.004556
2026-01-27 19:24:42,376 | INFO | Epoch: 16 	[19200/26437 (73%)]	Loss: 0.004867
2026-01-27 19:24:43,995 | INFO | Epoch: 16 	[20800/26437 (79%)]	Loss: 0.004340
2026-01-27 19:24:45,595 | INFO | Epoch: 16 	[22400/26437 (85%)]	Loss: 0.005311
2026-01-27 19:24:47,200 | INFO | Epoch: 16 	[24000/26437 (91%)]	Loss: 0.004288
2026-01-27 19:24:48,784 | INFO | Epoch: 16 	[25600/26437 (97%)]	Loss: 0.004689
2026-01-27 19:24:49,636 | INFO | Epoch: 16 	[26432/26437 (100%)]	Loss: 0.004109
2026-01-27 19:24:49,642 | INFO | Epoch: 16 	[0/6610 (0%)]	Validation loss: 0.004787
2026-01-27 19:24:50,315 | INFO | Epoch: 16 	[1600/6610 (24%)]	Validation loss: 0.005880
2026-01-27 19:24:51,043 | INFO | Epoch: 16 	[3200/6610 (48%)]	Validation loss: 0.005048
2026-01-27 19:24:51,645 | INFO | Epoch: 16 	[4800/6610 (72%)]	Validation loss: 0.005269
2026-01-27 19:24:52,252 | INFO | Epoch: 16 	[6400/6610 (97%)]	Validation loss: 0.004734
2026-01-27 19:24:52,336 | INFO | Epoch: 16 	[6608/6610 (100%)]	Validation loss: 0.004283
2026-01-27 19:24:52,337 | INFO | Epoch: 16 	EarlyStopping: 2 out of 5. Val loss: 0.004988
2026-01-27 19:24:52,355 | INFO | Epoch: 17 	[0/26437 (0%)]	Loss: 0.005792
2026-01-27 19:24:53,971 | INFO | Epoch: 17 	[1600/26437 (6%)]	Loss: 0.004258
2026-01-27 19:24:55,580 | INFO | Epoch: 17 	[3200/26437 (12%)]	Loss: 0.004708
2026-01-27 19:24:57,166 | INFO | Epoch: 17 	[4800/26437 (18%)]	Loss: 0.005321
2026-01-27 19:24:58,781 | INFO | Epoch: 17 	[6400/26437 (24%)]	Loss: 0.004957
2026-01-27 19:25:00,384 | INFO | Epoch: 17 	[8000/26437 (30%)]	Loss: 0.004840
2026-01-27 19:25:01,987 | INFO | Epoch: 17 	[9600/26437 (36%)]	Loss: 0.004499
2026-01-27 19:25:03,593 | INFO | Epoch: 17 	[11200/26437 (42%)]	Loss: 0.004949
2026-01-27 19:25:05,193 | INFO | Epoch: 17 	[12800/26437 (48%)]	Loss: 0.005420
2026-01-27 19:25:06,790 | INFO | Epoch: 17 	[14400/26437 (54%)]	Loss: 0.004945
2026-01-27 19:25:08,403 | INFO | Epoch: 17 	[16000/26437 (60%)]	Loss: 0.004422
2026-01-27 19:25:10,022 | INFO | Epoch: 17 	[17600/26437 (67%)]	Loss: 0.004112
2026-01-27 19:25:11,617 | INFO | Epoch: 17 	[19200/26437 (73%)]	Loss: 0.004280
2026-01-27 19:25:13,228 | INFO | Epoch: 17 	[20800/26437 (79%)]	Loss: 0.004040
2026-01-27 19:25:14,839 | INFO | Epoch: 17 	[22400/26437 (85%)]	Loss: 0.004799
2026-01-27 19:25:16,433 | INFO | Epoch: 17 	[24000/26437 (91%)]	Loss: 0.003989
2026-01-27 19:25:18,043 | INFO | Epoch: 17 	[25600/26437 (97%)]	Loss: 0.003901
2026-01-27 19:25:18,870 | INFO | Epoch: 17 	[26432/26437 (100%)]	Loss: 0.003577
2026-01-27 19:25:18,877 | INFO | Epoch: 17 	[0/6610 (0%)]	Validation loss: 0.004289
2026-01-27 19:25:19,539 | INFO | Epoch: 17 	[1600/6610 (24%)]	Validation loss: 0.004991
2026-01-27 19:25:20,121 | INFO | Epoch: 17 	[3200/6610 (48%)]	Validation loss: 0.004586
2026-01-27 19:25:20,812 | INFO | Epoch: 17 	[4800/6610 (72%)]	Validation loss: 0.004712
2026-01-27 19:25:21,493 | INFO | Epoch: 17 	[6400/6610 (97%)]	Validation loss: 0.004080
2026-01-27 19:25:21,569 | INFO | Epoch: 17 	[6608/6610 (100%)]	Validation loss: 0.002848
2026-01-27 19:25:21,576 | INFO | Epoch: 17 	EarlyStopping: 0 out of 5. Val loss: 0.004351
2026-01-27 19:25:21,593 | INFO | Epoch: 18 	[0/26437 (0%)]	Loss: 0.004892
2026-01-27 19:25:23,307 | INFO | Epoch: 18 	[1600/26437 (6%)]	Loss: 0.003690
2026-01-27 19:25:24,928 | INFO | Epoch: 18 	[3200/26437 (12%)]	Loss: 0.003879
2026-01-27 19:25:26,515 | INFO | Epoch: 18 	[4800/26437 (18%)]	Loss: 0.004398
2026-01-27 19:25:28,125 | INFO | Epoch: 18 	[6400/26437 (24%)]	Loss: 0.004322
2026-01-27 19:25:29,728 | INFO | Epoch: 18 	[8000/26437 (30%)]	Loss: 0.004348
2026-01-27 19:25:31,336 | INFO | Epoch: 18 	[9600/26437 (36%)]	Loss: 0.004109
2026-01-27 19:25:32,941 | INFO | Epoch: 18 	[11200/26437 (42%)]	Loss: 0.004484
2026-01-27 19:25:34,553 | INFO | Epoch: 18 	[12800/26437 (48%)]	Loss: 0.004960
2026-01-27 19:25:36,147 | INFO | Epoch: 18 	[14400/26437 (54%)]	Loss: 0.004593
2026-01-27 19:25:37,740 | INFO | Epoch: 18 	[16000/26437 (60%)]	Loss: 0.004122
2026-01-27 19:25:39,351 | INFO | Epoch: 18 	[17600/26437 (67%)]	Loss: 0.003837
2026-01-27 19:25:40,961 | INFO | Epoch: 18 	[19200/26437 (73%)]	Loss: 0.004029
2026-01-27 19:25:42,573 | INFO | Epoch: 18 	[20800/26437 (79%)]	Loss: 0.003993
2026-01-27 19:25:44,168 | INFO | Epoch: 18 	[22400/26437 (85%)]	Loss: 0.004483
2026-01-27 19:25:45,779 | INFO | Epoch: 18 	[24000/26437 (91%)]	Loss: 0.003866
2026-01-27 19:25:47,381 | INFO | Epoch: 18 	[25600/26437 (97%)]	Loss: 0.003725
2026-01-27 19:25:48,224 | INFO | Epoch: 18 	[26432/26437 (100%)]	Loss: 0.003407
2026-01-27 19:25:48,231 | INFO | Epoch: 18 	[0/6610 (0%)]	Validation loss: 0.004156
2026-01-27 19:25:48,899 | INFO | Epoch: 18 	[1600/6610 (24%)]	Validation loss: 0.004907
2026-01-27 19:25:49,590 | INFO | Epoch: 18 	[3200/6610 (48%)]	Validation loss: 0.004523
2026-01-27 19:25:50,299 | INFO | Epoch: 18 	[4800/6610 (72%)]	Validation loss: 0.004574
2026-01-27 19:25:51,008 | INFO | Epoch: 18 	[6400/6610 (97%)]	Validation loss: 0.003950
2026-01-27 19:25:51,096 | INFO | Epoch: 18 	[6608/6610 (100%)]	Validation loss: 0.002752
2026-01-27 19:25:51,103 | INFO | Epoch: 18 	EarlyStopping: 0 out of 5. Val loss: 0.004240
2026-01-27 19:25:51,124 | INFO | Epoch: 19 	[0/26437 (0%)]	Loss: 0.004803
2026-01-27 19:25:52,732 | INFO | Epoch: 19 	[1600/26437 (6%)]	Loss: 0.003593
2026-01-27 19:25:54,344 | INFO | Epoch: 19 	[3200/26437 (12%)]	Loss: 0.003763
2026-01-27 19:25:55,943 | INFO | Epoch: 19 	[4800/26437 (18%)]	Loss: 0.004328
2026-01-27 19:25:57,559 | INFO | Epoch: 19 	[6400/26437 (24%)]	Loss: 0.004209
2026-01-27 19:25:59,164 | INFO | Epoch: 19 	[8000/26437 (30%)]	Loss: 0.004222
2026-01-27 19:26:00,786 | INFO | Epoch: 19 	[9600/26437 (36%)]	Loss: 0.004065
2026-01-27 19:26:02,396 | INFO | Epoch: 19 	[11200/26437 (42%)]	Loss: 0.004418
2026-01-27 19:26:03,993 | INFO | Epoch: 19 	[12800/26437 (48%)]	Loss: 0.004904
2026-01-27 19:26:05,578 | INFO | Epoch: 19 	[14400/26437 (54%)]	Loss: 0.004514
2026-01-27 19:26:07,164 | INFO | Epoch: 19 	[16000/26437 (60%)]	Loss: 0.004096
2026-01-27 19:26:08,784 | INFO | Epoch: 19 	[17600/26437 (67%)]	Loss: 0.003780
2026-01-27 19:26:10,387 | INFO | Epoch: 19 	[19200/26437 (73%)]	Loss: 0.003979
2026-01-27 19:26:11,994 | INFO | Epoch: 19 	[20800/26437 (79%)]	Loss: 0.004014
2026-01-27 19:26:13,614 | INFO | Epoch: 19 	[22400/26437 (85%)]	Loss: 0.004395
2026-01-27 19:26:15,225 | INFO | Epoch: 19 	[24000/26437 (91%)]	Loss: 0.003826
2026-01-27 19:26:16,834 | INFO | Epoch: 19 	[25600/26437 (97%)]	Loss: 0.003694
2026-01-27 19:26:17,757 | INFO | Epoch: 19 	[26432/26437 (100%)]	Loss: 0.003355
2026-01-27 19:26:17,764 | INFO | Epoch: 19 	[0/6610 (0%)]	Validation loss: 0.004119
2026-01-27 19:26:18,415 | INFO | Epoch: 19 	[1600/6610 (24%)]	Validation loss: 0.004895
2026-01-27 19:26:19,119 | INFO | Epoch: 19 	[3200/6610 (48%)]	Validation loss: 0.004511
2026-01-27 19:26:19,774 | INFO | Epoch: 19 	[4800/6610 (72%)]	Validation loss: 0.004540
2026-01-27 19:26:20,457 | INFO | Epoch: 19 	[6400/6610 (97%)]	Validation loss: 0.003909
2026-01-27 19:26:20,556 | INFO | Epoch: 19 	[6608/6610 (100%)]	Validation loss: 0.002736
2026-01-27 19:26:20,557 | INFO | Epoch: 19 	EarlyStopping: 1 out of 5. Val loss: 0.004213
2026-01-27 19:26:20,577 | INFO | Epoch: 20 	[0/26437 (0%)]	Loss: 0.004794
2026-01-27 19:26:22,191 | INFO | Epoch: 20 	[1600/26437 (6%)]	Loss: 0.003561
2026-01-27 19:26:23,800 | INFO | Epoch: 20 	[3200/26437 (12%)]	Loss: 0.003737
2026-01-27 19:26:25,390 | INFO | Epoch: 20 	[4800/26437 (18%)]	Loss: 0.004311
2026-01-27 19:26:26,989 | INFO | Epoch: 20 	[6400/26437 (24%)]	Loss: 0.004171
2026-01-27 19:26:28,591 | INFO | Epoch: 20 	[8000/26437 (30%)]	Loss: 0.004174
2026-01-27 19:26:30,210 | INFO | Epoch: 20 	[9600/26437 (36%)]	Loss: 0.004044
2026-01-27 19:26:31,806 | INFO | Epoch: 20 	[11200/26437 (42%)]	Loss: 0.004393
2026-01-27 19:26:33,423 | INFO | Epoch: 20 	[12800/26437 (48%)]	Loss: 0.004877
2026-01-27 19:26:35,041 | INFO | Epoch: 20 	[14400/26437 (54%)]	Loss: 0.004475
2026-01-27 19:26:36,626 | INFO | Epoch: 20 	[16000/26437 (60%)]	Loss: 0.004084
2026-01-27 19:26:38,231 | INFO | Epoch: 20 	[17600/26437 (67%)]	Loss: 0.003756
2026-01-27 19:26:39,824 | INFO | Epoch: 20 	[19200/26437 (73%)]	Loss: 0.003957
2026-01-27 19:26:41,436 | INFO | Epoch: 20 	[20800/26437 (79%)]	Loss: 0.004014
2026-01-27 19:26:43,038 | INFO | Epoch: 20 	[22400/26437 (85%)]	Loss: 0.004354
2026-01-27 19:26:44,625 | INFO | Epoch: 20 	[24000/26437 (91%)]	Loss: 0.003804
2026-01-27 19:26:46,234 | INFO | Epoch: 20 	[25600/26437 (97%)]	Loss: 0.003677
2026-01-27 19:26:47,073 | INFO | Epoch: 20 	[26432/26437 (100%)]	Loss: 0.003329
2026-01-27 19:26:47,080 | INFO | Epoch: 20 	[0/6610 (0%)]	Validation loss: 0.004099
2026-01-27 19:26:47,728 | INFO | Epoch: 20 	[1600/6610 (24%)]	Validation loss: 0.004879
2026-01-27 19:26:48,401 | INFO | Epoch: 20 	[3200/6610 (48%)]	Validation loss: 0.004501
2026-01-27 19:26:49,012 | INFO | Epoch: 20 	[4800/6610 (72%)]	Validation loss: 0.004521
2026-01-27 19:26:49,697 | INFO | Epoch: 20 	[6400/6610 (97%)]	Validation loss: 0.003881
2026-01-27 19:26:49,790 | INFO | Epoch: 20 	[6608/6610 (100%)]	Validation loss: 0.002730
2026-01-27 19:26:49,790 | INFO | Epoch: 20 	EarlyStopping: 2 out of 5. Val loss: 0.004197
2026-01-27 19:26:49,809 | INFO | Epoch: 21 	[0/26437 (0%)]	Loss: 0.004786
2026-01-27 19:26:51,429 | INFO | Epoch: 21 	[1600/26437 (6%)]	Loss: 0.003543
2026-01-27 19:26:53,047 | INFO | Epoch: 21 	[3200/26437 (12%)]	Loss: 0.003728
2026-01-27 19:26:54,649 | INFO | Epoch: 21 	[4800/26437 (18%)]	Loss: 0.004302
2026-01-27 19:26:56,277 | INFO | Epoch: 21 	[6400/26437 (24%)]	Loss: 0.004152
2026-01-27 19:26:57,879 | INFO | Epoch: 21 	[8000/26437 (30%)]	Loss: 0.004147
2026-01-27 19:26:59,493 | INFO | Epoch: 21 	[9600/26437 (36%)]	Loss: 0.004032
2026-01-27 19:27:01,109 | INFO | Epoch: 21 	[11200/26437 (42%)]	Loss: 0.004380
2026-01-27 19:27:02,726 | INFO | Epoch: 21 	[12800/26437 (48%)]	Loss: 0.004862
2026-01-27 19:27:04,345 | INFO | Epoch: 21 	[14400/26437 (54%)]	Loss: 0.004450
2026-01-27 19:27:05,945 | INFO | Epoch: 21 	[16000/26437 (60%)]	Loss: 0.004074
2026-01-27 19:27:07,548 | INFO | Epoch: 21 	[17600/26437 (67%)]	Loss: 0.003744
2026-01-27 19:27:09,169 | INFO | Epoch: 21 	[19200/26437 (73%)]	Loss: 0.003943
2026-01-27 19:27:10,770 | INFO | Epoch: 21 	[20800/26437 (79%)]	Loss: 0.003996
2026-01-27 19:27:12,477 | INFO | Epoch: 21 	[22400/26437 (85%)]	Loss: 0.004334
2026-01-27 19:27:14,082 | INFO | Epoch: 21 	[24000/26437 (91%)]	Loss: 0.003791
2026-01-27 19:27:15,688 | INFO | Epoch: 21 	[25600/26437 (97%)]	Loss: 0.003664
2026-01-27 19:27:16,517 | INFO | Epoch: 21 	[26432/26437 (100%)]	Loss: 0.003317
2026-01-27 19:27:16,523 | INFO | Epoch: 21 	[0/6610 (0%)]	Validation loss: 0.004081
2026-01-27 19:27:17,134 | INFO | Epoch: 21 	[1600/6610 (24%)]	Validation loss: 0.004863
2026-01-27 19:27:17,817 | INFO | Epoch: 21 	[3200/6610 (48%)]	Validation loss: 0.004487
2026-01-27 19:27:18,517 | INFO | Epoch: 21 	[4800/6610 (72%)]	Validation loss: 0.004508
2026-01-27 19:27:19,106 | INFO | Epoch: 21 	[6400/6610 (97%)]	Validation loss: 0.003861
2026-01-27 19:27:19,184 | INFO | Epoch: 21 	[6608/6610 (100%)]	Validation loss: 0.002712
2026-01-27 19:27:19,184 | INFO | Epoch: 21 	EarlyStopping: 3 out of 5. Val loss: 0.004183
2026-01-27 19:27:19,201 | INFO | Epoch: 22 	[0/26437 (0%)]	Loss: 0.004776
2026-01-27 19:27:20,806 | INFO | Epoch: 22 	[1600/26437 (6%)]	Loss: 0.003532
2026-01-27 19:27:22,406 | INFO | Epoch: 22 	[3200/26437 (12%)]	Loss: 0.003722
2026-01-27 19:27:24,018 | INFO | Epoch: 22 	[4800/26437 (18%)]	Loss: 0.004300
2026-01-27 19:27:25,626 | INFO | Epoch: 22 	[6400/26437 (24%)]	Loss: 0.004140
2026-01-27 19:27:27,234 | INFO | Epoch: 22 	[8000/26437 (30%)]	Loss: 0.004132
2026-01-27 19:27:28,850 | INFO | Epoch: 22 	[9600/26437 (36%)]	Loss: 0.004023
2026-01-27 19:27:30,451 | INFO | Epoch: 22 	[11200/26437 (42%)]	Loss: 0.004370
2026-01-27 19:27:32,047 | INFO | Epoch: 22 	[12800/26437 (48%)]	Loss: 0.004855
2026-01-27 19:27:33,666 | INFO | Epoch: 22 	[14400/26437 (54%)]	Loss: 0.004435
2026-01-27 19:27:35,283 | INFO | Epoch: 22 	[16000/26437 (60%)]	Loss: 0.004069
2026-01-27 19:27:36,900 | INFO | Epoch: 22 	[17600/26437 (67%)]	Loss: 0.003737
2026-01-27 19:27:38,484 | INFO | Epoch: 22 	[19200/26437 (73%)]	Loss: 0.003935
2026-01-27 19:27:40,082 | INFO | Epoch: 22 	[20800/26437 (79%)]	Loss: 0.003978
2026-01-27 19:27:41,685 | INFO | Epoch: 22 	[22400/26437 (85%)]	Loss: 0.004320
2026-01-27 19:27:43,288 | INFO | Epoch: 22 	[24000/26437 (91%)]	Loss: 0.003784
2026-01-27 19:27:44,897 | INFO | Epoch: 22 	[25600/26437 (97%)]	Loss: 0.003653
2026-01-27 19:27:45,817 | INFO | Epoch: 22 	[26432/26437 (100%)]	Loss: 0.003312
2026-01-27 19:27:45,824 | INFO | Epoch: 22 	[0/6610 (0%)]	Validation loss: 0.004071
2026-01-27 19:27:46,483 | INFO | Epoch: 22 	[1600/6610 (24%)]	Validation loss: 0.004853
2026-01-27 19:27:47,120 | INFO | Epoch: 22 	[3200/6610 (48%)]	Validation loss: 0.004477
2026-01-27 19:27:47,819 | INFO | Epoch: 22 	[4800/6610 (72%)]	Validation loss: 0.004501
2026-01-27 19:27:48,515 | INFO | Epoch: 22 	[6400/6610 (97%)]	Validation loss: 0.003848
2026-01-27 19:27:48,596 | INFO | Epoch: 22 	[6608/6610 (100%)]	Validation loss: 0.002699
2026-01-27 19:27:48,597 | INFO | Epoch: 22 	EarlyStopping: 4 out of 5. Val loss: 0.004175
2026-01-27 19:27:48,618 | INFO | Epoch: 23 	[0/26437 (0%)]	Loss: 0.004769
2026-01-27 19:27:50,218 | INFO | Epoch: 23 	[1600/26437 (6%)]	Loss: 0.003526
2026-01-27 19:27:51,815 | INFO | Epoch: 23 	[3200/26437 (12%)]	Loss: 0.003718
2026-01-27 19:27:53,433 | INFO | Epoch: 23 	[4800/26437 (18%)]	Loss: 0.004291
2026-01-27 19:27:55,022 | INFO | Epoch: 23 	[6400/26437 (24%)]	Loss: 0.004131
2026-01-27 19:27:56,624 | INFO | Epoch: 23 	[8000/26437 (30%)]	Loss: 0.004125
2026-01-27 19:27:58,233 | INFO | Epoch: 23 	[9600/26437 (36%)]	Loss: 0.004017
2026-01-27 19:27:59,924 | INFO | Epoch: 23 	[11200/26437 (42%)]	Loss: 0.004363
2026-01-27 19:28:01,534 | INFO | Epoch: 23 	[12800/26437 (48%)]	Loss: 0.004846
2026-01-27 19:28:03,152 | INFO | Epoch: 23 	[14400/26437 (54%)]	Loss: 0.004427
2026-01-27 19:28:04,770 | INFO | Epoch: 23 	[16000/26437 (60%)]	Loss: 0.004066
2026-01-27 19:28:06,391 | INFO | Epoch: 23 	[17600/26437 (67%)]	Loss: 0.003732
2026-01-27 19:28:07,984 | INFO | Epoch: 23 	[19200/26437 (73%)]	Loss: 0.003927
2026-01-27 19:28:09,587 | INFO | Epoch: 23 	[20800/26437 (79%)]	Loss: 0.003964
2026-01-27 19:28:11,205 | INFO | Epoch: 23 	[22400/26437 (85%)]	Loss: 0.004310
2026-01-27 19:28:12,809 | INFO | Epoch: 23 	[24000/26437 (91%)]	Loss: 0.003779
2026-01-27 19:28:14,426 | INFO | Epoch: 23 	[25600/26437 (97%)]	Loss: 0.003646
2026-01-27 19:28:15,261 | INFO | Epoch: 23 	[26432/26437 (100%)]	Loss: 0.003310
2026-01-27 19:28:15,268 | INFO | Epoch: 23 	[0/6610 (0%)]	Validation loss: 0.004064
2026-01-27 19:28:15,929 | INFO | Epoch: 23 	[1600/6610 (24%)]	Validation loss: 0.004847
2026-01-27 19:28:16,631 | INFO | Epoch: 23 	[3200/6610 (48%)]	Validation loss: 0.004471
2026-01-27 19:28:17,295 | INFO | Epoch: 23 	[4800/6610 (72%)]	Validation loss: 0.004496
2026-01-27 19:28:18,018 | INFO | Epoch: 23 	[6400/6610 (97%)]	Validation loss: 0.003840
2026-01-27 19:28:18,107 | INFO | Epoch: 23 	[6608/6610 (100%)]	Validation loss: 0.002692
2026-01-27 19:28:18,108 | INFO | Epoch: 23 	EarlyStopping: 5 out of 5. Val loss: 0.004170
2026-01-27 19:28:18,108 | INFO | Early stopping! Validation loss hasn't improved for 5 epochs
2026-01-27 19:28:18,144 | INFO | Training completed. Train loss: 0.004168810589375347, Training validation loss: 0.004169792151708462
2026-01-27 19:28:18,354 | INFO | Testing labels: 
label
Normal    8277
Replay    2972
Name: count, dtype: int64
2026-01-27 19:28:18,455 | INFO | Test loss: 0.004385 	[0/11249 (0%)]
2026-01-27 19:28:20,371 | INFO | Validating completed. Validation loss: 0.026386320548640055
2026-01-27 19:28:20,971 | INFO | Testing labels: 
label
Normal    33047
Name: count, dtype: int64
2026-01-27 19:28:20,992 | INFO | Test loss: 0.004416 	[0/33047 (0%)]
2026-01-27 19:28:26,279 | INFO | Metrics 
{
    "AUCROC": 0.9869705345416308,
    "Accuracy": 0.9685305360476487,
    "TPR": 0.8808882907133243,
    "FPR": 0.0,
    "Precision": 1.0,
    "F1-score": 0.9366726296958855,
    "optimal_threshold": 0.017736157402396202,
    "mean": 0.0042512062937021255,
    "std": 0.0016230938490480185,
    "tpr_per_attack": {
        "Replay": 0.8808882907133243,
        "Normal": 1.0,
        "Attack": 0.8808882907133243
    },
    "aucroc_per_attack": {
        "Replay": 0.9869705345416308
    },
    "resource_metrics": {
        "cpu_inference_time": 1.4946403503417969,
        "gpu_inference_time": null,
        "mps_inference_time": null,
        "model_size_mb": 0.04706573486328125
    }
}
2026-01-27 19:28:26,280 | INFO | Execution completed.
2026-01-27 19:28:28,906 | INFO | Run artifacts saved.
2026-01-27 19:28:28,906 | INFO | Train and validation completed.
